<?xml version="1.0" encoding="UTF-8"?>
<!-- Generated by org.testng.reporters.JUnitXMLReporter -->
<testsuite hostname="C4LAP149" ignored="0" name="CV-Install-Orders4" tests="14" failures="2" timestamp="16 Oct 2017 16:47:08 GMT" time="43686.685" errors="0">
  <testcase name="@AfterMethod afterMethod" time="0.0" classname="com.test.automation.OM_Automation.testBase.TestBase">
    <failure type="org.openqa.selenium.WebDriverException" message="java.net.SocketTimeoutException: Read timed out
Build info: version: &amp;apos;3.0.1&amp;apos;, revision: &amp;apos;1969d75&amp;apos;, time: &amp;apos;2016-10-18 09:49:13 -0700&amp;apos;
System info: host: &amp;apos;C4LAP149&amp;apos;, ip: &amp;apos;192.168.1.11&amp;apos;, os.name: &amp;apos;Windows 7&amp;apos;, os.arch: &amp;apos;amd64&amp;apos;, os.version: &amp;apos;6.1&amp;apos;, java.version: &amp;apos;1.8.0_101&amp;apos;
Driver info: driver.version: RemoteWebDriver">
      <![CDATA[org.openqa.selenium.WebDriverException: java.net.SocketTimeoutException: Read timed out
Build info: version: '3.0.1', revision: '1969d75', time: '2016-10-18 09:49:13 -0700'
System info: host: 'C4LAP149', ip: '192.168.1.11', os.name: 'Windows 7', os.arch: 'amd64', os.version: '6.1', java.version: '1.8.0_101'
Driver info: driver.version: RemoteWebDriver
	at org.openqa.selenium.remote.service.DriverCommandExecutor.execute(DriverCommandExecutor.java:91)
	at org.openqa.selenium.remote.RemoteWebDriver.execute(RemoteWebDriver.java:601)
	at org.openqa.selenium.remote.RemoteWebDriver.execute(RemoteWebDriver.java:658)
	at org.openqa.selenium.remote.RemoteWebDriver.getScreenshotAs(RemoteWebDriver.java:340)
	at com.test.automation.OM_Automation.testBase.TestBase.captureScreen(TestBase.java:243)
	at com.test.automation.OM_Automation.testBase.TestBase.getresult(TestBase.java:270)
	at com.test.automation.OM_Automation.testBase.TestBase.afterMethod(TestBase.java:279)
Caused by: java.net.SocketTimeoutException: Read timed out
	at java.net.SocketInputStream.socketRead0(Native Method)
	at java.net.SocketInputStream.socketRead(Unknown Source)
	at java.net.SocketInputStream.read(Unknown Source)
	at java.net.SocketInputStream.read(Unknown Source)
	at org.apache.http.impl.io.SessionInputBufferImpl.streamRead(SessionInputBufferImpl.java:139)
	at org.apache.http.impl.io.SessionInputBufferImpl.fillBuffer(SessionInputBufferImpl.java:155)
	at org.apache.http.impl.io.SessionInputBufferImpl.readLine(SessionInputBufferImpl.java:284)
	at org.apache.http.impl.conn.DefaultHttpResponseParser.parseHead(DefaultHttpResponseParser.java:140)
	at org.apache.http.impl.conn.DefaultHttpResponseParser.parseHead(DefaultHttpResponseParser.java:57)
	at org.apache.http.impl.io.AbstractMessageParser.parse(AbstractMessageParser.java:261)
	at org.apache.http.impl.DefaultBHttpClientConnection.receiveResponseHeader(DefaultBHttpClientConnection.java:165)
	at org.apache.http.impl.conn.CPoolProxy.receiveResponseHeader(CPoolProxy.java:167)
	at org.apache.http.protocol.HttpRequestExecutor.doReceiveResponse(HttpRequestExecutor.java:272)
	at org.apache.http.protocol.HttpRequestExecutor.execute(HttpRequestExecutor.java:124)
	at org.apache.http.impl.execchain.MainClientExec.execute(MainClientExec.java:271)
	at org.apache.http.impl.execchain.ProtocolExec.execute(ProtocolExec.java:184)
	at org.apache.http.impl.execchain.RetryExec.execute(RetryExec.java:88)
	at org.apache.http.impl.execchain.RedirectExec.execute(RedirectExec.java:110)
	at org.apache.http.impl.client.InternalHttpClient.doExecute(InternalHttpClient.java:184)
	at org.apache.http.impl.client.CloseableHttpClient.execute(CloseableHttpClient.java:71)
	at org.apache.http.impl.client.CloseableHttpClient.execute(CloseableHttpClient.java:55)
	at org.openqa.selenium.remote.internal.ApacheHttpClient.fallBackExecute(ApacheHttpClient.java:142)
	at org.openqa.selenium.remote.internal.ApacheHttpClient.execute(ApacheHttpClient.java:88)
	at org.openqa.selenium.remote.HttpCommandExecutor.execute(HttpCommandExecutor.java:160)
	at org.openqa.selenium.remote.service.DriverCommandExecutor.execute(DriverCommandExecutor.java:82)
	... 32 more
... Removed 26 stack frames]]>
    </failure>
  </testcase> <!-- @AfterMethod afterMethod -->
  <testcase name="@BeforeMethod beforeMethod" time="0.0" classname="com.test.automation.OM_Automation.testBase.TestBase">
    <skipped/>
  </testcase> <!-- @BeforeMethod beforeMethod -->
  <testcase name="@AfterMethod afterMethod" time="0.0" classname="com.test.automation.OM_Automation.testBase.TestBase">
    <skipped/>
  </testcase> <!-- @AfterMethod afterMethod -->
  <testcase name="@BeforeMethod beforeMethod" time="0.0" classname="com.test.automation.OM_Automation.testBase.TestBase">
    <skipped/>
  </testcase> <!-- @BeforeMethod beforeMethod -->
  <testcase name="@AfterMethod afterMethod" time="0.0" classname="com.test.automation.OM_Automation.testBase.TestBase">
    <skipped/>
  </testcase> <!-- @AfterMethod afterMethod -->
  <testcase name="@BeforeMethod beforeMethod" time="0.0" classname="com.test.automation.OM_Automation.testBase.TestBase">
    <skipped/>
  </testcase> <!-- @BeforeMethod beforeMethod -->
  <testcase name="@AfterMethod afterMethod" time="0.0" classname="com.test.automation.OM_Automation.testBase.TestBase">
    <skipped/>
  </testcase> <!-- @AfterMethod afterMethod -->
  <testcase name="@BeforeMethod beforeMethod" time="0.0" classname="com.test.automation.OM_Automation.testBase.TestBase">
    <skipped/>
  </testcase> <!-- @BeforeMethod beforeMethod -->
  <testcase name="@AfterMethod afterMethod" time="0.0" classname="com.test.automation.OM_Automation.testBase.TestBase">
    <skipped/>
  </testcase> <!-- @AfterMethod afterMethod -->
  <testcase name="@BeforeMethod beforeMethod" time="0.0" classname="com.test.automation.OM_Automation.testBase.TestBase">
    <skipped/>
  </testcase> <!-- @BeforeMethod beforeMethod -->
  <testcase name="@AfterMethod afterMethod" time="0.0" classname="com.test.automation.OM_Automation.testBase.TestBase">
    <skipped/>
  </testcase> <!-- @AfterMethod afterMethod -->
  <testcase name="@BeforeMethod beforeMethod" time="0.0" classname="com.test.automation.OM_Automation.testBase.TestBase">
    <skipped/>
  </testcase> <!-- @BeforeMethod beforeMethod -->
  <testcase name="@AfterMethod afterMethod" time="0.0" classname="com.test.automation.OM_Automation.testBase.TestBase">
    <skipped/>
  </testcase> <!-- @AfterMethod afterMethod -->
  <testcase name="@BeforeMethod beforeMethod" time="0.0" classname="com.test.automation.OM_Automation.testBase.TestBase">
    <skipped/>
  </testcase> <!-- @BeforeMethod beforeMethod -->
  <testcase name="@AfterMethod afterMethod" time="0.0" classname="com.test.automation.OM_Automation.testBase.TestBase">
    <skipped/>
  </testcase> <!-- @AfterMethod afterMethod -->
  <testcase name="@BeforeMethod beforeMethod" time="0.0" classname="com.test.automation.OM_Automation.testBase.TestBase">
    <skipped/>
  </testcase> <!-- @BeforeMethod beforeMethod -->
  <testcase name="@AfterMethod afterMethod" time="0.0" classname="com.test.automation.OM_Automation.testBase.TestBase">
    <skipped/>
  </testcase> <!-- @AfterMethod afterMethod -->
  <testcase name="@AfterClass testEnd" time="0.0" classname="CV_Install_Orders.TC_18_CV_Install_order">
    <skipped/>
  </testcase> <!-- @AfterClass testEnd -->
  <testcase name="@AfterClass endTest" time="0.0" classname="com.test.automation.OM_Automation.testBase.TestBase">
    <skipped/>
  </testcase> <!-- @AfterClass endTest -->
  <testcase name="TC_18_verifylogin" time="3.432" classname="CV_Install_Orders.TC_18_CV_Install_order"/>
  <testcase name="TC_18_verifylogin" time="0.014" classname="CV_Install_Orders.TC_18_CV_Install_order">
    <failure type="java.lang.AssertionError" message=" failed">
      <![CDATA[java.lang.AssertionError:  failed
	at CV_Install_Orders.TC_18_CV_Install_order.TC_18_verifylogin(TC_18_CV_Install_order.java:94)
... Removed 26 stack frames]]>
    </failure>
  </testcase> <!-- TC_18_verifylogin -->
  <testcase name="TC_18_NewLeadCreation" time="30.177" classname="CV_Install_Orders.TC_18_CV_Install_order"/>
  <testcase name="TC_18_AddressValidation" time="43.64" classname="CV_Install_Orders.TC_18_CV_Install_order"/>
  <testcase name="TC_18_Opportunityconversion" time="69.961" classname="CV_Install_Orders.TC_18_CV_Install_order"/>
  <testcase name="TC_18_ProductBasketAddition_CF" time="26.997" classname="CV_Install_Orders.TC_18_CV_Install_order">
    <failure type="java.lang.AssertionError" message=" failed">
      <![CDATA[java.lang.AssertionError:  failed
	at CV_Install_Orders.TC_18_CV_Install_order.TC_18_ProductBasketAddition_CF(TC_18_CV_Install_order.java:161)
... Removed 26 stack frames]]>
    </failure>
  </testcase> <!-- TC_18_ProductBasketAddition_CF -->
  <testcase name="TC_18_ProductBasketConfiguration_CF" time="0.002" classname="CV_Install_Orders.TC_18_CV_Install_order">
    <skipped/>
  </testcase> <!-- TC_18_ProductBasketConfiguration_CF -->
  <testcase name="TC_18_ProductBasketAddition_CV" time="0.002" classname="CV_Install_Orders.TC_18_CV_Install_order">
    <skipped/>
  </testcase> <!-- TC_18_ProductBasketAddition_CV -->
  <testcase name="TC_18_ProductBasketConfiguration_CV" time="0.001" classname="CV_Install_Orders.TC_18_CV_Install_order">
    <skipped/>
  </testcase> <!-- TC_18_ProductBasketConfiguration_CV -->
  <testcase name="TC_18_Installation_Information_Configuration" time="0.001" classname="CV_Install_Orders.TC_18_CV_Install_order">
    <skipped/>
  </testcase> <!-- TC_18_Installation_Information_Configuration -->
  <testcase name="TC_18_Billing_Account_Assignment" time="0.002" classname="CV_Install_Orders.TC_18_CV_Install_order">
    <skipped/>
  </testcase> <!-- TC_18_Billing_Account_Assignment -->
  <testcase name="TC_18_Product_Basket_Upload" time="0.001" classname="CV_Install_Orders.TC_18_CV_Install_order">
    <skipped/>
  </testcase> <!-- TC_18_Product_Basket_Upload -->
  <testcase name="TC_18_CF_Validate_Order" time="0.002" classname="CV_Install_Orders.TC_18_CV_Install_order">
    <skipped/>
  </testcase> <!-- TC_18_CF_Validate_Order -->
  <testcase name="TC_18_CF_SubOrders_Validation_And_Closure" time="0.011" classname="CV_Install_Orders.TC_18_CV_Install_order">
    <skipped/>
  </testcase> <!-- TC_18_CF_SubOrders_Validation_And_Closure -->
</testsuite> <!-- CV-Install-Orders4 -->
