<html>
<head>
<title>TestNG:  Dependancy_Regression_TC_25_OIwithSME_MACDMigrate_CI150withPowerspot_withAddonsCiscoToCisco</title>
<link href="../testng.css" rel="stylesheet" type="text/css" />
<link href="../my-testng.css" rel="stylesheet" type="text/css" />

<style type="text/css">
.log { display: none;} 
.stack-trace { display: none;} 
</style>
<script type="text/javascript">
<!--
function flip(e) {
  current = e.style.display;
  if (current == 'block') {
    e.style.display = 'none';
    return 0;
  }
  else {
    e.style.display = 'block';
    return 1;
  }
}

function toggleBox(szDivId, elem, msg1, msg2)
{
  var res = -1;  if (document.getElementById) {
    res = flip(document.getElementById(szDivId));
  }
  else if (document.all) {
    // this is the way old msie versions work
    res = flip(document.all[szDivId]);
  }
  if(elem) {
    if(res == 0) elem.innerHTML = msg1; else elem.innerHTML = msg2;
  }

}

function toggleAllBoxes() {
  if (document.getElementsByTagName) {
    d = document.getElementsByTagName('div');
    for (i = 0; i < d.length; i++) {
      if (d[i].className == 'log') {
        flip(d[i]);
      }
    }
  }
}

// -->
</script>

</head>
<body>
<h2 align='center'>Dependancy_Regression_TC_25_OIwithSME_MACDMigrate_CI150withPowerspot_withAddonsCiscoToCisco</h2><table border='1' align="center">
<tr>
<td>Tests passed/Failed/Skipped:</td><td>0/1/0</td>
</tr><tr>
<td>Started on:</td><td>Wed Mar 21 13:55:31 IST 2018</td>
</tr>
<tr><td>Total time:</td><td>168 seconds (168824 ms)</td>
</tr><tr>
<td>Included groups:</td><td></td>
</tr><tr>
<td>Excluded groups:</td><td></td>
</tr>
</table><p/>
<small><i>(Hover the method name to see the test class name)</i></small><p/>
<table width='100%' border='1' class='invocation-failed'>
<tr><td colspan='4' align='center'><b>FAILED TESTS</b></td></tr>
<tr><td><b>Test method</b></td>
<td width="30%"><b>Exception</b></td>
<td width="10%"><b>Time (seconds)</b></td>
<td><b>Instance</b></td>
</tr>
<tr>
<td title='TestDriver.TestExecutionDriver.TestCaseExecution()'><b>TestCaseExecution</b><br>Test class: TestDriver.TestExecutionDriver<br>Parameters: Dependancy_Regression_TC_25_OIwithSME_MACDMigrate_CI150withPowerspot_withAddonsCiscoToCisco<br/>
<a href="#Output-1668052646" onClick='toggleBox("Output-1668052646", this, "Show output", "Hide output");'>Show output</a>

<a href="#Output-1668052646" onClick="toggleAllBoxes();">Show all outputs</a>
<div class='log' id="Output-1668052646">
============= Strting VerifyLogin Test===========<br/>
entered email address:-ramsuratkumar.mk@prodapt.com.umstdemo and object is [[ChromeDriver: chrome on XP (d79b13ff0e1a90b2cbdf8929200c4a91)] -> id: username]<br/>
entered password:-Panasonic#9876 and object is [[ChromeDriver: chrome on XP (d79b13ff0e1a90b2cbdf8929200c4a91)] -> id: password]<br/>
clicked on sublit butto and object is:-Proxy element for: DefaultElementLocator 'By.id: Login'<br/>
============= Finished VerifyLoginTest===========<br/>
<a href='D:\Automation\Ram\Backup-PerfectScriptAfterModification_SIT\B2B_OM_Automation_23-10-2017\B2B_OM_Automation\src\main\java\com\test\automation\OM_Automation\screenshot\verifyLoginRecords_21_03_2018_01_56_04.png'> <img src='D:\Automation\Ram\Backup-PerfectScriptAfterModification_SIT\B2B_OM_Automation_23-10-2017\B2B_OM_Automation\src\main\java\com\test\automation\OM_Automation\screenshot\verifyLoginRecords_21_03_2018_01_56_04.png' height='100' width='100'/> </a><br/>
=========Lead creation started========<br/>
New lead jhgjhkjhbnjbnb clicked<br/>
Leads tab clicked<br/>
New lead button clicked<br/>
Account name passed as  qxfVIiSm<br/>
Salutation selected<br/>
Firstname passed as caSRI<br/>
last name passed as auf<br/>
Legal Entity type selected<br/>
Email value passed<br/>
phone value passed<br/>
NationalID value Passed<br/>
Industry classification asC VERARBEITENDES GEWERBEselected<br/>
Detailed Industry as Getrankeherstellung selected><br/>
segment as SME selected<br/>
constructional Organization as Baden-Württemberg (BAW) selected<br/>
visit street as KREUZSTR selected<br/>
visit house number as 26 selected<br/>
visit city as FRANKFURT selected<br/>
postal code as 60435   selected><br/>
visit state/provience as HSN   selected<br/>
communication preference is selected as false<br/>
<-----------Lead was successfully created------><br/>
=========Lead has been Successfully created======<br/>
========Address Validation Starts========<br/>
Validate Address clicked<br/>
FindAddress clicked<br/>
Address selected<br/>
Available to provide service<br/>
========Address Validation Completed========<br/>
=========Opportunity conversion starts=======<br/>
clicked convert button in leads page<br/>
clicked convert button in convert lead page<br/>
clicked on opportunity created in accounts page<br/>
=========Opportunity successfully converted======<br/>
===========OI New Product Additoin starts========<br/>
New product basket button clicked in opportunity page<br/>
Addproduct button clicked in product configuration page<br/>
OI product selected<br/>
Address bar clicked<br/>
Address bar clicked<br/>
Customer Address search button clicked successfully<br/>
Customer Address successfully selected<br/>
Successfully added product to the basket and also confirmed<br/>
===========OI Product successfully added to cart========<br/>
===========OI Product Configuration starts========<br/>
Edit basket button clicked Office Internet<br/>
Edit basket button clicked<br/>
Iframe switched<br/>
Office Internet with OI 150 Product selected<br/>
Error occurs while configuring OI product due to org.openqa.selenium.StaleElementReferenceException: stale element reference: element is not attached to the page document
  (Session info: chrome=64.0.3282.186)
  (Driver info: chromedriver=2.33.506120 (e3e53437346286c0bc2d2dc9aa4915ba81d9023f),platform=Windows NT 6.1.7601 SP1 x86_64) (WARNING: The server did not provide any stacktrace information)
Command duration or timeout: 143 milliseconds
For documentation on this error, please visit: http://seleniumhq.org/exceptions/stale_element_reference.html
Build info: version: '3.0.1', revision: '1969d75', time: '2016-10-18 09:49:13 -0700'
System info: host: 'C4DES036', ip: '192.168.28.95', os.name: 'Windows 7', os.arch: 'amd64', os.version: '6.1', java.version: '1.8.0_144'
Driver info: org.openqa.selenium.chrome.ChromeDriver
Capabilities [{applicationCacheEnabled=false, rotatable=false, mobileEmulationEnabled=false, networkConnectionEnabled=false, chrome={chromedriverVersion=2.33.506120 (e3e53437346286c0bc2d2dc9aa4915ba81d9023f), userDataDir=C:\Users\KARTHI~1.COM\AppData\Local\Temp\scoped_dir8712_17815}, takesHeapSnapshot=true, pageLoadStrategy=normal, databaseEnabled=false, handlesAlerts=true, hasTouchScreen=false, version=64.0.3282.186, platform=XP, browserConnectionEnabled=false, nativeEvents=true, acceptSslCerts=true, locationContextEnabled=true, webStorageEnabled=true, browserName=chrome, takesScreenshot=true, javascriptEnabled=true, cssSelectorsEnabled=true, setWindowRect=true, unexpectedAlertBehaviour=}]
Session ID: d79b13ff0e1a90b2cbdf8929200c4a91<br/>
</div>
</td>
<td><div><pre>java.lang.AssertionError:  failed
	at DUMMYDELETEIT.genericDriver.OI_ProductBasketConfiguration(genericDriver.java:648)
	at TestDriver.TestExecutionDriver.TestCaseExecution(TestExecutionDriver.java:262)
	at java.util.concurrent.FutureTask.run(Unknown Source)
	at java.util.concurrent.ThreadPoolExecutor.runWorker(Unknown Source)
	at java.util.concurrent.ThreadPoolExecutor$Worker.run(Unknown Source)
	at java.lang.Thread.run(Unknown Source)
... Removed 16 stack frames</pre></div><a href='#' onClick='toggleBox("stack-trace1668052646", this, "Click to show all stack frames", "Click to hide stack frames")'>Click to show all stack frames</a>
<div class='stack-trace' id='stack-trace1668052646'><pre>java.lang.AssertionError:  failed
	at org.testng.Assert.fail(Assert.java:94)
	at DUMMYDELETEIT.genericDriver.OI_ProductBasketConfiguration(genericDriver.java:648)
	at TestDriver.TestExecutionDriver.TestCaseExecution(TestExecutionDriver.java:262)
	at sun.reflect.GeneratedMethodAccessor53.invoke(Unknown Source)
	at sun.reflect.DelegatingMethodAccessorImpl.invoke(Unknown Source)
	at java.lang.reflect.Method.invoke(Unknown Source)
	at org.testng.internal.MethodInvocationHelper.invokeMethod(MethodInvocationHelper.java:104)
	at org.testng.internal.Invoker.invokeMethod(Invoker.java:645)
	at org.testng.internal.Invoker.invokeTestMethod(Invoker.java:851)
	at org.testng.internal.Invoker.invokeTestMethods(Invoker.java:1177)
	at org.testng.internal.TestMethodWorker.invokeTestMethods(TestMethodWorker.java:129)
	at org.testng.internal.TestMethodWorker.run(TestMethodWorker.java:112)
	at org.testng.TestRunner.privateRun(TestRunner.java:756)
	at org.testng.TestRunner.run(TestRunner.java:610)
	at org.testng.SuiteRunner.runTest(SuiteRunner.java:387)
	at org.testng.SuiteRunner.access$000(SuiteRunner.java:39)
	at org.testng.SuiteRunner$SuiteWorker.run(SuiteRunner.java:421)
	at org.testng.internal.thread.ThreadUtil$2.call(ThreadUtil.java:64)
	at java.util.concurrent.FutureTask.run(Unknown Source)
	at java.util.concurrent.ThreadPoolExecutor.runWorker(Unknown Source)
	at java.util.concurrent.ThreadPoolExecutor$Worker.run(Unknown Source)
	at java.lang.Thread.run(Unknown Source)
</pre></div></td>
<td>157</td>
<td>TestDriver.TestExecutionDriver@11a9e7c8</td></tr>
</table><p>
</body>
</html>