<?xml version="1.0" encoding="UTF-8"?>
<!-- Generated by org.testng.reporters.JUnitXMLReporter -->
<testsuite hostname="C4DES036" ignored="0" name="Dependancy_Regression_TC_16_MACDCHANGE_CI_To_CIPowerspot_NeedsInstallAndNeedsActivationFieldCheck" tests="1" failures="1" timestamp="21 Mar 2018 07:39:44 GMT" time="333.728" errors="0">
  <testcase name="TestCaseExecution" time="319.441" classname="TestDriver.TestExecutionDriver">
    <failure type="java.lang.AssertionError" message=" failed">
      <![CDATA[java.lang.AssertionError:  failed
	at DUMMYDELETEIT.genericDriver.subOrdersValidationAndCompleteOrderInConsole(genericDriver.java:981)
	at TestDriver.TestExecutionDriver.TestCaseExecution(TestExecutionDriver.java:298)
	at java.util.concurrent.FutureTask.run(Unknown Source)
	at java.util.concurrent.ThreadPoolExecutor.runWorker(Unknown Source)
	at java.util.concurrent.ThreadPoolExecutor$Worker.run(Unknown Source)
	at java.lang.Thread.run(Unknown Source)
... Removed 16 stack frames]]>
    </failure>
  </testcase> <!-- TestCaseExecution -->
</testsuite> <!-- Dependancy_Regression_TC_16_MACDCHANGE_CI_To_CIPowerspot_NeedsInstallAndNeedsActivationFieldCheck -->
