<?xml version="1.0" encoding="UTF-8"?>
<!-- Generated by org.testng.reporters.JUnitXMLReporter -->
<testsuite hostname="C4DES036" ignored="0" name="Dependancy_Regression_TC_25_OIwithSME_MACDMigrate_CI150withPowerspot_withAddonsCiscoToCisco" tests="1" failures="1" timestamp="21 Mar 2018 08:28:20 GMT" time="168.824" errors="0">
  <testcase name="TestCaseExecution" time="157.269" classname="TestDriver.TestExecutionDriver">
    <failure type="java.lang.AssertionError" message=" failed">
      <![CDATA[java.lang.AssertionError:  failed
	at DUMMYDELETEIT.genericDriver.OI_ProductBasketConfiguration(genericDriver.java:648)
	at TestDriver.TestExecutionDriver.TestCaseExecution(TestExecutionDriver.java:262)
	at java.util.concurrent.FutureTask.run(Unknown Source)
	at java.util.concurrent.ThreadPoolExecutor.runWorker(Unknown Source)
	at java.util.concurrent.ThreadPoolExecutor$Worker.run(Unknown Source)
	at java.lang.Thread.run(Unknown Source)
... Removed 16 stack frames]]>
    </failure>
  </testcase> <!-- TestCaseExecution -->
</testsuite> <!-- Dependancy_Regression_TC_25_OIwithSME_MACDMigrate_CI150withPowerspot_withAddonsCiscoToCisco -->
