<html>
<head>
<title>TestNG:  MACDowngrade_OI_CI</title>
<link href="../testng.css" rel="stylesheet" type="text/css" />
<link href="../my-testng.css" rel="stylesheet" type="text/css" />

<style type="text/css">
.log { display: none;} 
.stack-trace { display: none;} 
</style>
<script type="text/javascript">
<!--
function flip(e) {
  current = e.style.display;
  if (current == 'block') {
    e.style.display = 'none';
    return 0;
  }
  else {
    e.style.display = 'block';
    return 1;
  }
}

function toggleBox(szDivId, elem, msg1, msg2)
{
  var res = -1;  if (document.getElementById) {
    res = flip(document.getElementById(szDivId));
  }
  else if (document.all) {
    // this is the way old msie versions work
    res = flip(document.all[szDivId]);
  }
  if(elem) {
    if(res == 0) elem.innerHTML = msg1; else elem.innerHTML = msg2;
  }

}

function toggleAllBoxes() {
  if (document.getElementsByTagName) {
    d = document.getElementsByTagName('div');
    for (i = 0; i < d.length; i++) {
      if (d[i].className == 'log') {
        flip(d[i]);
      }
    }
  }
}

// -->
</script>

</head>
<body>
<h2 align='center'>MACDowngrade_OI_CI</h2><table border='1' align="center">
<tr>
<td>Tests passed/Failed/Skipped:</td><td>0/1/0</td>
</tr><tr>
<td>Started on:</td><td>Thu Feb 01 11:49:06 IST 2018</td>
</tr>
<tr><td>Total time:</td><td>490 seconds (490370 ms)</td>
</tr><tr>
<td>Included groups:</td><td></td>
</tr><tr>
<td>Excluded groups:</td><td></td>
</tr>
</table><p/>
<small><i>(Hover the method name to see the test class name)</i></small><p/>
<table width='100%' border='1' class='invocation-failed'>
<tr><td colspan='4' align='center'><b>FAILED TESTS</b></td></tr>
<tr><td><b>Test method</b></td>
<td width="30%"><b>Exception</b></td>
<td width="10%"><b>Time (seconds)</b></td>
<td><b>Instance</b></td>
</tr>
<tr>
<td title='TestDriver.TestExecutionDriver.TestCaseExecution()'><b>TestCaseExecution</b><br>Test class: TestDriver.TestExecutionDriver<br>Parameters: MACDowngrade_OI_CI<br/>
<a href="#Output-1410499605" onClick='toggleBox("Output-1410499605", this, "Show output", "Hide output");'>Show output</a>

<a href="#Output-1410499605" onClick="toggleAllBoxes();">Show all outputs</a>
<div class='log' id="Output-1410499605">
============= Strting VerifyLogin Test===========<br/>
entered email address:-vigneshkannan.v@prodapt.com.umuat and object is [[ChromeDriver: chrome on XP (f59ce7f523527a840e6138b0f5c256b7)] -> id: username]<br/>
entered password:-Password#008 and object is [[ChromeDriver: chrome on XP (f59ce7f523527a840e6138b0f5c256b7)] -> id: password]<br/>
clicked on sublit butto and object is:-Proxy element for: DefaultElementLocator 'By.id: Login'<br/>
============= Finished VerifyLoginTest===========<br/>
<a href='C:\Users\support\Desktop\JeevananthamCodeSetup\Backup-PerfectScriptAfterModification_UAT\B2B_OM_Automation_23-10-2017\B2B_OM_Automation\src\main\java\com\test\automation\OM_Automation\screenshot\verifyLoginRecords_01_02_2018_11_50_39.png'> <img src='C:\Users\support\Desktop\JeevananthamCodeSetup\Backup-PerfectScriptAfterModification_UAT\B2B_OM_Automation_23-10-2017\B2B_OM_Automation\src\main\java\com\test\automation\OM_Automation\screenshot\verifyLoginRecords_01_02_2018_11_50_39.png' height='100' width='100'/> </a><br/>
============= Open Existing account ===========<br/>
Searched Account name successfully<br/>
=============  Existing account opened successfully===========<br/>
============= Open Existing account ===========<br/>
Account Name Selected<br/>
changeSubscription button clicked<br/>
MACD Configuration text found in screen<br/>
MACD change selected<br/>
MACD Subscriptions selected<br/>
MACD Next button selected<br/>
Product basket opened<br/>
=============  Existing account opened successfully===========<br/>
===========CI New Product Additoin starts========<br/>
New product basket button clicked in opportunity page<br/>
Addproduct button clicked in product configuration page<br/>
CI product selected<br/>
Address bar clicked<br/>
Customer Address search button clicked successfully<br/>
Customer Address successfully selected<br/>
Successfully added product to the basket and also confirmed<br/>
===========CI Product successfully added to cart========<br/>
===========CI Product Configuration starts========<br/>
Edit basket button clickedCompany Internet<br/>
Edit basket button clicked<br/>
Iframe switched<br/>
Company Internet Product selected<br/>
Monthly charges value as 200 entered<br/>
download speed value as 250 selected<br/>
Hardware selection element clicked<br/>
Hardware to be successfully selected<br/>
parent window switched<br/>
===========CI Product Configuration completed========<br/>
===========Installation Information performs========<br/>
Installation infomatio icon clicked<br/>
Technincal contact lookup selected<br/>
 new window switched<br/>
resultsFrame switched<br/>
Technincal contact selected successfully<br/>
parent window switched successfully<br/>
Technical contact selected successfully<br/>
Set button clicked successfully<br/>
Consulting ID passed<br/>
Industry classification as Erforderlich selected<br/>
Save button clicked<br/>
========Installation Information successfully configured============<br/>
===========Billing Account Assignment start performing========<br/>
Assign Billing Account button clicked<br/>
Account selected successfully<br/>
All account successfully checked in to set billing account<br/>
Account to be set successfully<br/>
Billing Account Successfully saved<br/>
========Billing Account Assignment was successfully configured============<br/>
===========Product Basket upload start performing========<br/>
Product Basket Successfully uploaded<br/>
========Billing Account Assignment was successfully configured============<br/>
===========Order Validation start performing========<br/>
Validate Order button clicekd<br/>
Browse file button clicked<br/>
Contract file browsed and added successfully<br/>
Signed contract upload file button clicked<br/>
Signed contract chekbox clicked<br/>
OpportunityButton clicked<br/>
ContactRolesNewButton clicked<br/>
RadioButton clicked<br/>
RadioButton selected as Administrative Contact<br/>
SaveButton clicked<br/>
Order submitted successfully<br/>
========Order validation was successfully performed============<br/>
===========SUB-Order and complete Order in console start performing========<br/>
stage value is Ready for Order<br/>
Order stage is validated <br/>
Sub order page opened<br/>
Suborder opened in new tab<br/>
tempSuborder Company Internet clicked<br/>
HardwareOptionButton clicked<br/>
MACAddressEnabler clicked<br/>
MACAddressField passed<br/>
NetworkIPAddressEnabler clicked<br/>
NetworkIPAddressField clicked<br/>
MACAddressField passed<br/>
SaveButton clicked<br/>
Successfully completed the hardware ip feeding<br/>
The URL is https://cs83.salesforce.com/a134E000001VLjD<br/>
tempDecisionMaker Company Internet<br/>
Suborder opened in new tab<br/>
control switched to new tab<br/>
SubOrder page refreshed to check whether case created or not<br/>
CASE STATUS:---> New<br/>
CASE ID:---> 00011447<br/>
inside try loop<br/>
Error occurs while Validating Sub-orders due to org.openqa.selenium.NoSuchElementException: no such element: Unable to locate element: {"method":"name","selector":"j_id0:Form:pb1:servicedetailssection:servicedetailstable:0:activationdate"}
  (Session info: chrome=63.0.3239.132)
  (Driver info: chromedriver=2.33.506120 (e3e53437346286c0bc2d2dc9aa4915ba81d9023f),platform=Windows NT 6.1.7601 SP1 x86_64) (WARNING: The server did not provide any stacktrace information)
Command duration or timeout: 34 milliseconds
For documentation on this error, please visit: http://seleniumhq.org/exceptions/no_such_element.html
Build info: version: '3.0.1', revision: '1969d75', time: '2016-10-18 09:49:13 -0700'
System info: host: 'C4LAP149', ip: '192.168.31.247', os.name: 'Windows 7', os.arch: 'amd64', os.version: '6.1', java.version: '1.8.0_101'
Driver info: org.openqa.selenium.chrome.ChromeDriver
Capabilities [{applicationCacheEnabled=false, rotatable=false, mobileEmulationEnabled=false, networkConnectionEnabled=false, chrome={chromedriverVersion=2.33.506120 (e3e53437346286c0bc2d2dc9aa4915ba81d9023f), userDataDir=C:\Users\support\AppData\Local\Temp\scoped_dir3612_18605}, takesHeapSnapshot=true, pageLoadStrategy=normal, databaseEnabled=false, handlesAlerts=true, hasTouchScreen=false, version=63.0.3239.132, platform=XP, browserConnectionEnabled=false, nativeEvents=true, acceptSslCerts=true, locationContextEnabled=true, webStorageEnabled=true, browserName=chrome, takesScreenshot=true, javascriptEnabled=true, cssSelectorsEnabled=true, setWindowRect=true, unexpectedAlertBehaviour=}]
Session ID: f59ce7f523527a840e6138b0f5c256b7
*** Element info: {Using=name, value=j_id0:Form:pb1:servicedetailssection:servicedetailstable:0:activationdate}<br/>
</div>
</td>
<td><div><pre>java.lang.AssertionError:  failed
	at DUMMYDELETEIT.genericDriver.subOrdersValidationAndCompleteOrderInConsole(genericDriver.java:749)
	at TestDriver.TestExecutionDriver.TestCaseExecution(TestExecutionDriver.java:209)
	at java.util.concurrent.FutureTask.run(Unknown Source)
	at java.util.concurrent.ThreadPoolExecutor.runWorker(Unknown Source)
	at java.util.concurrent.ThreadPoolExecutor$Worker.run(Unknown Source)
	at java.lang.Thread.run(Unknown Source)
... Removed 17 stack frames</pre></div><a href='#' onClick='toggleBox("stack-trace1410499605", this, "Click to show all stack frames", "Click to hide stack frames")'>Click to show all stack frames</a>
<div class='stack-trace' id='stack-trace1410499605'><pre>java.lang.AssertionError:  failed
	at org.testng.Assert.fail(Assert.java:94)
	at DUMMYDELETEIT.genericDriver.subOrdersValidationAndCompleteOrderInConsole(genericDriver.java:749)
	at TestDriver.TestExecutionDriver.TestCaseExecution(TestExecutionDriver.java:209)
	at sun.reflect.NativeMethodAccessorImpl.invoke0(Native Method)
	at sun.reflect.NativeMethodAccessorImpl.invoke(Unknown Source)
	at sun.reflect.DelegatingMethodAccessorImpl.invoke(Unknown Source)
	at java.lang.reflect.Method.invoke(Unknown Source)
	at org.testng.internal.MethodInvocationHelper.invokeMethod(MethodInvocationHelper.java:104)
	at org.testng.internal.Invoker.invokeMethod(Invoker.java:645)
	at org.testng.internal.Invoker.invokeTestMethod(Invoker.java:851)
	at org.testng.internal.Invoker.invokeTestMethods(Invoker.java:1177)
	at org.testng.internal.TestMethodWorker.invokeTestMethods(TestMethodWorker.java:129)
	at org.testng.internal.TestMethodWorker.run(TestMethodWorker.java:112)
	at org.testng.TestRunner.privateRun(TestRunner.java:756)
	at org.testng.TestRunner.run(TestRunner.java:610)
	at org.testng.SuiteRunner.runTest(SuiteRunner.java:387)
	at org.testng.SuiteRunner.access$000(SuiteRunner.java:39)
	at org.testng.SuiteRunner$SuiteWorker.run(SuiteRunner.java:421)
	at org.testng.internal.thread.ThreadUtil$2.call(ThreadUtil.java:64)
	at java.util.concurrent.FutureTask.run(Unknown Source)
	at java.util.concurrent.ThreadPoolExecutor.runWorker(Unknown Source)
	at java.util.concurrent.ThreadPoolExecutor$Worker.run(Unknown Source)
	at java.lang.Thread.run(Unknown Source)
</pre></div></td>
<td>423</td>
<td>TestDriver.TestExecutionDriver@1a052a00</td></tr>
</table><p>
</body>
</html>