<html>
<head>
<title>TestNG:  Regression_TC_61</title>
<link href="../testng.css" rel="stylesheet" type="text/css" />
<link href="../my-testng.css" rel="stylesheet" type="text/css" />

<style type="text/css">
.log { display: none;} 
.stack-trace { display: none;} 
</style>
<script type="text/javascript">
<!--
function flip(e) {
  current = e.style.display;
  if (current == 'block') {
    e.style.display = 'none';
    return 0;
  }
  else {
    e.style.display = 'block';
    return 1;
  }
}

function toggleBox(szDivId, elem, msg1, msg2)
{
  var res = -1;  if (document.getElementById) {
    res = flip(document.getElementById(szDivId));
  }
  else if (document.all) {
    // this is the way old msie versions work
    res = flip(document.all[szDivId]);
  }
  if(elem) {
    if(res == 0) elem.innerHTML = msg1; else elem.innerHTML = msg2;
  }

}

function toggleAllBoxes() {
  if (document.getElementsByTagName) {
    d = document.getElementsByTagName('div');
    for (i = 0; i < d.length; i++) {
      if (d[i].className == 'log') {
        flip(d[i]);
      }
    }
  }
}

// -->
</script>

</head>
<body>
<h2 align='center'>Regression_TC_61</h2><table border='1' align="center">
<tr>
<td>Tests passed/Failed/Skipped:</td><td>0/1/0</td>
</tr><tr>
<td>Started on:</td><td>Tue Mar 20 17:39:01 IST 2018</td>
</tr>
<tr><td>Total time:</td><td>301 seconds (301071 ms)</td>
</tr><tr>
<td>Included groups:</td><td></td>
</tr><tr>
<td>Excluded groups:</td><td></td>
</tr>
</table><p/>
<small><i>(Hover the method name to see the test class name)</i></small><p/>
<table width='100%' border='1' class='invocation-failed'>
<tr><td colspan='4' align='center'><b>FAILED TESTS</b></td></tr>
<tr><td><b>Test method</b></td>
<td width="30%"><b>Exception</b></td>
<td width="10%"><b>Time (seconds)</b></td>
<td><b>Instance</b></td>
</tr>
<tr>
<td title='TestDriver.TestExecutionDriver.TestCaseExecution()'><b>TestCaseExecution</b><br>Test class: TestDriver.TestExecutionDriver<br>Parameters: Regression_TC_61<br/>
<a href="#Output-928990254" onClick='toggleBox("Output-928990254", this, "Show output", "Hide output");'>Show output</a>

<a href="#Output-928990254" onClick="toggleAllBoxes();">Show all outputs</a>
<div class='log' id="Output-928990254">
============= Strting VerifyLogin Test===========<br/>
entered email address:-ramsuratkumar.mk@prodapt.com.umstdemo and object is [[ChromeDriver: chrome on XP (df63f6da2e1d9d3aa12136cb9bb660ec)] -> id: username]<br/>
entered password:-Panasonic#9876 and object is [[ChromeDriver: chrome on XP (df63f6da2e1d9d3aa12136cb9bb660ec)] -> id: password]<br/>
clicked on sublit butto and object is:-Proxy element for: DefaultElementLocator 'By.id: Login'<br/>
============= Finished VerifyLoginTest===========<br/>
<a href='D:\Automation\Ram\Backup-PerfectScriptAfterModification_SIT\B2B_OM_Automation_23-10-2017\B2B_OM_Automation\src\main\java\com\test\automation\OM_Automation\screenshot\verifyLoginRecords_20_03_2018_05_39_31.png'> <img src='D:\Automation\Ram\Backup-PerfectScriptAfterModification_SIT\B2B_OM_Automation_23-10-2017\B2B_OM_Automation\src\main\java\com\test\automation\OM_Automation\screenshot\verifyLoginRecords_20_03_2018_05_39_31.png' height='100' width='100'/> </a><br/>
===========pageLogout starts========<br/>
Partner window userlabel is clicked<br/>
Edit basket button clicked Logout<br/>
Edit basket button clicked<br/>
===========pageLogout========<br/>
============= Starting VerifyLogin1 Director1SME1Login ===========<br/>
entered email address:-sathishkumar.m@prodapt.com.umstdemo.directorsme  and object is [[ChromeDriver: chrome on XP (df63f6da2e1d9d3aa12136cb9bb660ec)] -> id: username]<br/>
entered password:-Newpass@2018# and object is [[ChromeDriver: chrome on XP (df63f6da2e1d9d3aa12136cb9bb660ec)] -> id: password]<br/>
clicked on sublit butto and object is:-Proxy element for: DefaultElementLocator 'By.id: Login'<br/>
============= Finished VerifyLoginTest Director1SME1Login ===========<br/>
=========Lead creation started========<br/>
Leads tab clicked<br/>
New lead button clicked<br/>
Account name passed as  DSwIWbmV<br/>
Salutation selected<br/>
Firstname passed as Ecwvj<br/>
last name passed as mIG<br/>
Legal Entity type selected<br/>
Email value passed<br/>
phone value passed<br/>
NationalID value Passed<br/>
Industry classification asC VERARBEITENDES GEWERBEselected<br/>
Detailed Industry as Getrankeherstellung selected><br/>
segment as SME selected<br/>
constructional Organization as Baden-Württemberg (BAW) selected<br/>
visit street as KREUZSTR selected<br/>
visit house number as 26 selected<br/>
visit city as FRANKFURT selected<br/>
postal code as 60435   selected><br/>
visit state/provience as HSN   selected<br/>
communication preference is selected as false<br/>
<-----------Lead was successfully created------><br/>
=========Lead has been Successfully created======<br/>
========Address Validation Starts========<br/>
Validate Address clicked<br/>
FindAddress clicked<br/>
Address selected<br/>
Available to provide service<br/>
========Address Validation Completed========<br/>
=========Opportunity conversion starts=======<br/>
clicked convert button in leads page<br/>
clicked convert button in convert lead page<br/>
clicked on opportunity created director in accounts page<br/>
=========Opportunity successfully converted======<br/>
===========CI New Product Additoin starts========<br/>
New product basket button clicked in opportunity page<br/>
Addproduct button clicked in product configuration page<br/>
CI product selected<br/>
Address bar clicked<br/>
Customer Address search button clicked successfully<br/>
Customer Address successfully selected<br/>
Successfully added product to the basket and also confirmed<br/>
===========CI Product successfully added to cart========<br/>
===========CI Product Configuration starts========<br/>
Edit basket button clicked Company Internet<br/>
Edit basket button clicked<br/>
Iframe switched<br/>
Company Internet Product selected<br/>
Monthly charges value as 200 entered<br/>
download speed value as 150 selected<br/>
Hardware selection element clicked<br/>
Hardware to be successfully selected<br/>
parent window switched<br/>
===========CI Product Configuration completed========<br/>
===========Installation Information performs========<br/>
Installation infomatio icon clicked<br/>
Technincal contact lookup selected<br/>
 new window switched<br/>
resultsFrame switched<br/>
Technincal contact selected successfully<br/>
parent window switched successfully<br/>
Technical contact selected successfully<br/>
Set button clicked successfully<br/>
Consulting ID passed<br/>
Industry classification as Erforderlich selected<br/>
Save button clicked<br/>
========Installation Information successfully configured============<br/>
===========Billing Account Assignment start performing========<br/>
Assign Billing Account button clicked<br/>
Account selected successfully<br/>
All account successfully checked in to set billing account<br/>
Account to be set successfully<br/>
Billing Account Successfully saved<br/>
========Billing Account Assignment was successfully configured============<br/>
===========Product Basket upload start performing========<br/>
Product Basket Successfully uploaded<br/>
========Billing Account Assignment was successfully configured============<br/>
===========Order Validation start performing========<br/>
Error occurs while Validating order due to org.openqa.selenium.NoSuchElementException: Cannot locate option with value: Customer Approved
For documentation on this error, please visit: http://seleniumhq.org/exceptions/no_such_element.html
Build info: version: '3.0.1', revision: '1969d75', time: '2016-10-18 09:49:13 -0700'
System info: host: 'C4DES036', ip: '192.168.28.95', os.name: 'Windows 7', os.arch: 'amd64', os.version: '6.1', java.version: '1.8.0_144'
Driver info: driver.version: TestExecutionDriver<br/>
</div>
</td>
<td><div><pre>java.lang.AssertionError:  failed
	at DUMMYDELETEIT.genericDriver.validateOrder(genericDriver.java:899)
	at TestDriver.TestExecutionDriver.TestCaseExecution(TestExecutionDriver.java:295)
	at java.util.concurrent.FutureTask.run(Unknown Source)
	at java.util.concurrent.ThreadPoolExecutor.runWorker(Unknown Source)
	at java.util.concurrent.ThreadPoolExecutor$Worker.run(Unknown Source)
	at java.lang.Thread.run(Unknown Source)
... Removed 17 stack frames</pre></div><a href='#' onClick='toggleBox("stack-trace928990254", this, "Click to show all stack frames", "Click to hide stack frames")'>Click to show all stack frames</a>
<div class='stack-trace' id='stack-trace928990254'><pre>java.lang.AssertionError:  failed
	at org.testng.Assert.fail(Assert.java:94)
	at DUMMYDELETEIT.genericDriver.validateOrder(genericDriver.java:899)
	at TestDriver.TestExecutionDriver.TestCaseExecution(TestExecutionDriver.java:295)
	at sun.reflect.NativeMethodAccessorImpl.invoke0(Native Method)
	at sun.reflect.NativeMethodAccessorImpl.invoke(Unknown Source)
	at sun.reflect.DelegatingMethodAccessorImpl.invoke(Unknown Source)
	at java.lang.reflect.Method.invoke(Unknown Source)
	at org.testng.internal.MethodInvocationHelper.invokeMethod(MethodInvocationHelper.java:104)
	at org.testng.internal.Invoker.invokeMethod(Invoker.java:645)
	at org.testng.internal.Invoker.invokeTestMethod(Invoker.java:851)
	at org.testng.internal.Invoker.invokeTestMethods(Invoker.java:1177)
	at org.testng.internal.TestMethodWorker.invokeTestMethods(TestMethodWorker.java:129)
	at org.testng.internal.TestMethodWorker.run(TestMethodWorker.java:112)
	at org.testng.TestRunner.privateRun(TestRunner.java:756)
	at org.testng.TestRunner.run(TestRunner.java:610)
	at org.testng.SuiteRunner.runTest(SuiteRunner.java:387)
	at org.testng.SuiteRunner.access$000(SuiteRunner.java:39)
	at org.testng.SuiteRunner$SuiteWorker.run(SuiteRunner.java:421)
	at org.testng.internal.thread.ThreadUtil$2.call(ThreadUtil.java:64)
	at java.util.concurrent.FutureTask.run(Unknown Source)
	at java.util.concurrent.ThreadPoolExecutor.runWorker(Unknown Source)
	at java.util.concurrent.ThreadPoolExecutor$Worker.run(Unknown Source)
	at java.lang.Thread.run(Unknown Source)
</pre></div></td>
<td>290</td>
<td>TestDriver.TestExecutionDriver@61009542</td></tr>
</table><p>
</body>
</html>