<?xml version="1.0" encoding="UTF-8"?>
<!-- Generated by org.testng.reporters.JUnitXMLReporter -->
<testsuite hostname="C4DES036" ignored="0" name="Regression_TC_51" tests="1" failures="1" timestamp="20 Mar 2018 10:41:57 GMT" time="513.964" errors="0">
  <testcase name="TestCaseExecution" time="505.544" classname="TestDriver.TestExecutionDriver">
    <failure type="java.lang.AssertionError" message=" failed">
      <![CDATA[java.lang.AssertionError:  failed
	at DUMMYDELETEIT.genericDriver.genericNewLeadCreationPartner(genericDriver.java:141)
	at TestDriver.TestExecutionDriver.TestCaseExecution(TestExecutionDriver.java:117)
	at java.util.concurrent.FutureTask.run(Unknown Source)
	at java.util.concurrent.ThreadPoolExecutor.runWorker(Unknown Source)
	at java.util.concurrent.ThreadPoolExecutor$Worker.run(Unknown Source)
	at java.lang.Thread.run(Unknown Source)
... Removed 17 stack frames]]>
    </failure>
  </testcase> <!-- TestCaseExecution -->
</testsuite> <!-- Regression_TC_51 -->
