<html>
<head>
<title>TestNG:  Regression_TC_16_MACDCHANGE_CI_To_CIPowerspot_NeedsInstallAndNeedsActivationFieldCheck</title>
<link href="../testng.css" rel="stylesheet" type="text/css" />
<link href="../my-testng.css" rel="stylesheet" type="text/css" />

<style type="text/css">
.log { display: none;} 
.stack-trace { display: none;} 
</style>
<script type="text/javascript">
<!--
function flip(e) {
  current = e.style.display;
  if (current == 'block') {
    e.style.display = 'none';
    return 0;
  }
  else {
    e.style.display = 'block';
    return 1;
  }
}

function toggleBox(szDivId, elem, msg1, msg2)
{
  var res = -1;  if (document.getElementById) {
    res = flip(document.getElementById(szDivId));
  }
  else if (document.all) {
    // this is the way old msie versions work
    res = flip(document.all[szDivId]);
  }
  if(elem) {
    if(res == 0) elem.innerHTML = msg1; else elem.innerHTML = msg2;
  }

}

function toggleAllBoxes() {
  if (document.getElementsByTagName) {
    d = document.getElementsByTagName('div');
    for (i = 0; i < d.length; i++) {
      if (d[i].className == 'log') {
        flip(d[i]);
      }
    }
  }
}

// -->
</script>

</head>
<body>
<h2 align='center'>Regression_TC_16_MACDCHANGE_CI_To_CIPowerspot_NeedsInstallAndNeedsActivationFieldCheck</h2><table border='1' align="center">
<tr>
<td>Tests passed/Failed/Skipped:</td><td>0/1/0</td>
</tr><tr>
<td>Started on:</td><td>Wed Mar 21 13:09:44 IST 2018</td>
</tr>
<tr><td>Total time:</td><td>252 seconds (252327 ms)</td>
</tr><tr>
<td>Included groups:</td><td></td>
</tr><tr>
<td>Excluded groups:</td><td></td>
</tr>
</table><p/>
<small><i>(Hover the method name to see the test class name)</i></small><p/>
<table width='100%' border='1' class='invocation-failed'>
<tr><td colspan='4' align='center'><b>FAILED TESTS</b></td></tr>
<tr><td><b>Test method</b></td>
<td width="30%"><b>Exception</b></td>
<td width="10%"><b>Time (seconds)</b></td>
<td><b>Instance</b></td>
</tr>
<tr>
<td title='TestDriver.TestExecutionDriver.TestCaseExecution()'><b>TestCaseExecution</b><br>Test class: TestDriver.TestExecutionDriver<br>Parameters: Regression_TC_16_MACDCHANGE_CI_To_CIPowerspot_NeedsInstallAndNeedsActivationFieldCheck<br/>
<a href="#Output-1668234839" onClick='toggleBox("Output-1668234839", this, "Show output", "Hide output");'>Show output</a>

<a href="#Output-1668234839" onClick="toggleAllBoxes();">Show all outputs</a>
<div class='log' id="Output-1668234839">
============= Strting VerifyLogin Test===========<br/>
entered email address:-ramsuratkumar.mk@prodapt.com.umstdemo and object is [[ChromeDriver: chrome on XP (c3c51719d3fabbd6535407215280d978)] -> id: username]<br/>
entered password:-Panasonic#9876 and object is [[ChromeDriver: chrome on XP (c3c51719d3fabbd6535407215280d978)] -> id: password]<br/>
clicked on sublit butto and object is:-Proxy element for: DefaultElementLocator 'By.id: Login'<br/>
============= Finished VerifyLoginTest===========<br/>
<a href='D:\Automation\Ram\Backup-PerfectScriptAfterModification_SIT\B2B_OM_Automation_23-10-2017\B2B_OM_Automation\src\main\java\com\test\automation\OM_Automation\screenshot\verifyLoginRecords_21_03_2018_01_10_21.png'> <img src='D:\Automation\Ram\Backup-PerfectScriptAfterModification_SIT\B2B_OM_Automation_23-10-2017\B2B_OM_Automation\src\main\java\com\test\automation\OM_Automation\screenshot\verifyLoginRecords_21_03_2018_01_10_21.png' height='100' width='100'/> </a><br/>
============= Open Existing account ===========<br/>
Searched Account name successfully<br/>
=============  Existing account opened successfully===========<br/>
============= Macd Navigated and selection for Change ===========<br/>
error messageorg.openqa.selenium.TimeoutException: Expected condition failed: waiting for element to be clickable: Proxy element for: DefaultElementLocator 'By.xpath: //*[@id="Account_body"]/table/tbody/tr[2]/th/a' (tried for 200 second(s) with 500 MILLISECONDS interval)
Build info: version: '3.0.1', revision: '1969d75', time: '2016-10-18 09:49:13 -0700'
System info: host: 'C4DES036', ip: '192.168.28.95', os.name: 'Windows 7', os.arch: 'amd64', os.version: '6.1', java.version: '1.8.0_144'
Driver info: org.openqa.selenium.chrome.ChromeDriver
Capabilities [{applicationCacheEnabled=false, rotatable=false, mobileEmulationEnabled=false, networkConnectionEnabled=false, chrome={chromedriverVersion=2.33.506120 (e3e53437346286c0bc2d2dc9aa4915ba81d9023f), userDataDir=C:\Users\KARTHI~1.COM\AppData\Local\Temp\scoped_dir10636_31152}, takesHeapSnapshot=true, pageLoadStrategy=normal, databaseEnabled=false, handlesAlerts=true, hasTouchScreen=false, version=64.0.3282.186, platform=XP, browserConnectionEnabled=false, nativeEvents=true, acceptSslCerts=true, locationContextEnabled=true, webStorageEnabled=true, browserName=chrome, takesScreenshot=true, javascriptEnabled=true, cssSelectorsEnabled=true, setWindowRect=true, unexpectedAlertBehaviour=}]
Session ID: c3c51719d3fabbd6535407215280d978<br/>
<a href='D:\Automation\Ram\Backup-PerfectScriptAfterModification_SIT\B2B_OM_Automation_23-10-2017\B2B_OM_Automation\src\main\java\com\test\automation\OM_Automation\screenshot\failed_21_03_2018_01_13_56.png'> <img src='D:\Automation\Ram\Backup-PerfectScriptAfterModification_SIT\B2B_OM_Automation_23-10-2017\B2B_OM_Automation\src\main\java\com\test\automation\OM_Automation\screenshot\failed_21_03_2018_01_13_56.png' height='100' width='100'/> </a><br/>
</div>
</td>
<td><div><pre>java.lang.AssertionError: Loging failed
	at DUMMYDELETEIT.genericDriver.MACDNavigation(genericDriver.java:252)
	at TestDriver.TestExecutionDriver.TestCaseExecution(TestExecutionDriver.java:194)
	at java.util.concurrent.FutureTask.run(Unknown Source)
	at java.util.concurrent.ThreadPoolExecutor.runWorker(Unknown Source)
	at java.util.concurrent.ThreadPoolExecutor$Worker.run(Unknown Source)
	at java.lang.Thread.run(Unknown Source)
... Removed 16 stack frames</pre></div><a href='#' onClick='toggleBox("stack-trace1668234839", this, "Click to show all stack frames", "Click to hide stack frames")'>Click to show all stack frames</a>
<div class='stack-trace' id='stack-trace1668234839'><pre>java.lang.AssertionError: Loging failed
	at org.testng.Assert.fail(Assert.java:94)
	at DUMMYDELETEIT.genericDriver.MACDNavigation(genericDriver.java:252)
	at TestDriver.TestExecutionDriver.TestCaseExecution(TestExecutionDriver.java:194)
	at sun.reflect.GeneratedMethodAccessor53.invoke(Unknown Source)
	at sun.reflect.DelegatingMethodAccessorImpl.invoke(Unknown Source)
	at java.lang.reflect.Method.invoke(Unknown Source)
	at org.testng.internal.MethodInvocationHelper.invokeMethod(MethodInvocationHelper.java:104)
	at org.testng.internal.Invoker.invokeMethod(Invoker.java:645)
	at org.testng.internal.Invoker.invokeTestMethod(Invoker.java:851)
	at org.testng.internal.Invoker.invokeTestMethods(Invoker.java:1177)
	at org.testng.internal.TestMethodWorker.invokeTestMethods(TestMethodWorker.java:129)
	at org.testng.internal.TestMethodWorker.run(TestMethodWorker.java:112)
	at org.testng.TestRunner.privateRun(TestRunner.java:756)
	at org.testng.TestRunner.run(TestRunner.java:610)
	at org.testng.SuiteRunner.runTest(SuiteRunner.java:387)
	at org.testng.SuiteRunner.access$000(SuiteRunner.java:39)
	at org.testng.SuiteRunner$SuiteWorker.run(SuiteRunner.java:421)
	at org.testng.internal.thread.ThreadUtil$2.call(ThreadUtil.java:64)
	at java.util.concurrent.FutureTask.run(Unknown Source)
	at java.util.concurrent.ThreadPoolExecutor.runWorker(Unknown Source)
	at java.util.concurrent.ThreadPoolExecutor$Worker.run(Unknown Source)
	at java.lang.Thread.run(Unknown Source)
</pre></div></td>
<td>235</td>
<td>TestDriver.TestExecutionDriver@2cbb3d47</td></tr>
</table><p>
</body>
</html>