<?xml version="1.0" encoding="UTF-8"?>
<!-- Generated by org.testng.reporters.JUnitXMLReporter -->
<testsuite hostname="C3DES396" ignored="0" name="Regression_TC_32_OI_TCV_ValidationsWithoutDiscount" tests="1" failures="1" timestamp="12 Mar 2018 09:03:06 GMT" time="469.387" errors="0">
  <testcase name="TestCaseExecution" time="461.779" classname="TestDriver.TestExecutionDriver">
    <failure type="java.lang.AssertionError" message="expected [82.70] but found [92.70000000000002]">
      <![CDATA[java.lang.AssertionError: expected [82.70] but found [92.70000000000002]
	at com.test.automation.OM_Automation.uiActions.generalRegressionValidations.TCVCalculations(generalRegressionValidations.java:134)
	at com.test.automation.OM_Automation.uiActions.generalRegressionValidations.regressionValidationDesctionHandler(generalRegressionValidations.java:83)
	at DUMMYDELETEIT.genericDriver.generalRegressionValiadations(genericDriver.java:173)
	at TestDriver.TestExecutionDriver.TestCaseExecution(TestExecutionDriver.java:132)
	at java.util.concurrent.FutureTask.run(Unknown Source)
	at java.util.concurrent.ThreadPoolExecutor.runWorker(Unknown Source)
	at java.util.concurrent.ThreadPoolExecutor$Worker.run(Unknown Source)
	at java.lang.Thread.run(Unknown Source)
... Removed 21 stack frames]]>
    </failure>
  </testcase> <!-- TestCaseExecution -->
</testsuite> <!-- Regression_TC_32_OI_TCV_ValidationsWithoutDiscount -->
