<html>
<head>
<title>TestNG:  Regression_TC_13_ExistingCustomers_OfficeInternetwithPhone_50</title>
<link href="../testng.css" rel="stylesheet" type="text/css" />
<link href="../my-testng.css" rel="stylesheet" type="text/css" />

<style type="text/css">
.log { display: none;} 
.stack-trace { display: none;} 
</style>
<script type="text/javascript">
<!--
function flip(e) {
  current = e.style.display;
  if (current == 'block') {
    e.style.display = 'none';
    return 0;
  }
  else {
    e.style.display = 'block';
    return 1;
  }
}

function toggleBox(szDivId, elem, msg1, msg2)
{
  var res = -1;  if (document.getElementById) {
    res = flip(document.getElementById(szDivId));
  }
  else if (document.all) {
    // this is the way old msie versions work
    res = flip(document.all[szDivId]);
  }
  if(elem) {
    if(res == 0) elem.innerHTML = msg1; else elem.innerHTML = msg2;
  }

}

function toggleAllBoxes() {
  if (document.getElementsByTagName) {
    d = document.getElementsByTagName('div');
    for (i = 0; i < d.length; i++) {
      if (d[i].className == 'log') {
        flip(d[i]);
      }
    }
  }
}

// -->
</script>

</head>
<body>
<h2 align='center'>Regression_TC_13_ExistingCustomers_OfficeInternetwithPhone_50</h2><table border='1' align="center">
<tr>
<td>Tests passed/Failed/Skipped:</td><td>0/1/0</td>
</tr><tr>
<td>Started on:</td><td>Wed Mar 21 12:49:05 IST 2018</td>
</tr>
<tr><td>Total time:</td><td>398 seconds (398558 ms)</td>
</tr><tr>
<td>Included groups:</td><td></td>
</tr><tr>
<td>Excluded groups:</td><td></td>
</tr>
</table><p/>
<small><i>(Hover the method name to see the test class name)</i></small><p/>
<table width='100%' border='1' class='invocation-failed'>
<tr><td colspan='4' align='center'><b>FAILED TESTS</b></td></tr>
<tr><td><b>Test method</b></td>
<td width="30%"><b>Exception</b></td>
<td width="10%"><b>Time (seconds)</b></td>
<td><b>Instance</b></td>
</tr>
<tr>
<td title='TestDriver.TestExecutionDriver.TestCaseExecution()'><b>TestCaseExecution</b><br>Test class: TestDriver.TestExecutionDriver<br>Parameters: Regression_TC_13_ExistingCustomers_OfficeInternetwithPhone_50<br/>
<a href="#Output-744801500" onClick='toggleBox("Output-744801500", this, "Show output", "Hide output");'>Show output</a>

<a href="#Output-744801500" onClick="toggleAllBoxes();">Show all outputs</a>
<div class='log' id="Output-744801500">
============= Strting VerifyLogin Test===========<br/>
entered email address:-ramsuratkumar.mk@prodapt.com.umstdemo and object is [[ChromeDriver: chrome on XP (2130c1bfbb6f0a7664f20c60574bd419)] -> id: username]<br/>
entered password:-Panasonic#9876 and object is [[ChromeDriver: chrome on XP (2130c1bfbb6f0a7664f20c60574bd419)] -> id: password]<br/>
clicked on sublit butto and object is:-Proxy element for: DefaultElementLocator 'By.id: Login'<br/>
============= Finished VerifyLoginTest===========<br/>
<a href='D:\Automation\Ram\Backup-PerfectScriptAfterModification_SIT\B2B_OM_Automation_23-10-2017\B2B_OM_Automation\src\main\java\com\test\automation\OM_Automation\screenshot\verifyLoginRecords_21_03_2018_12_49_41.png'> <img src='D:\Automation\Ram\Backup-PerfectScriptAfterModification_SIT\B2B_OM_Automation_23-10-2017\B2B_OM_Automation\src\main\java\com\test\automation\OM_Automation\screenshot\verifyLoginRecords_21_03_2018_12_49_41.png' height='100' width='100'/> </a><br/>
============= Open Existing account ===========<br/>
Searched Account name successfully<br/>
=============  Existing account opened successfully===========<br/>
=========Opportunity creation for existing account starts=======<br/>
Account Name Selected<br/>
NewOpprtunityButton clicked<br/>
CloseDate button clicked<br/>
OpportunityStage selected as Awareness of interest<br/>
=========Opportunity creation for existing account is successfull======<br/>
===========OI and phoneNew Product Additoin starts========<br/>
New product basket button clicked in opportunity page<br/>
Addproduct button clicked in product configuration page<br/>
OI product selected<br/>
Address bar clicked<br/>
Address bar clicked<br/>
Customer Address search button clicked successfully<br/>
Customer Address successfully selected<br/>
Successfully added product to the basket and also confirmed<br/>
===========OI and phone Product Additoin completed========<br/>
===========OI and phone Product Configuration starts========<br/>
Edit basket button clicked Office Internet<br/>
Edit basket button clicked<br/>
Iframe switched<br/>
Office Internet with OI 50 Product selected<br/>
Phone add button clicked<br/>
New number add check box clicked<br/>
Count of numbers entered<br/>
Continue button clicke in phone configuration page<br/>
Added phone configuration successfully verified<br/>
Finish button clicked<br/>
parent window switched<br/>
===========OI and phone Product successfully configured========<br/>
===========Installation Information performs========<br/>
Installation infomatio icon clicked<br/>
Technincal contact lookup selected<br/>
 new window switched<br/>
resultsFrame switched<br/>
Technincal contact selected successfully<br/>
parent window switched successfully<br/>
Technical contact selected successfully<br/>
Set button clicked successfully<br/>
Consulting ID passed<br/>
Industry classification as Erforderlich selected<br/>
Save button clicked<br/>
========Installation Information successfully configured============<br/>
===========Billing Account Assignment start performing========<br/>
Assign Billing Account button clicked<br/>
Account selected successfully<br/>
All account successfully checked in to set billing account<br/>
Account to be set successfully<br/>
Billing Account Successfully saved<br/>
========Billing Account Assignment was successfully configured============<br/>
===========Product Basket upload start performing========<br/>
Product Basket Successfully uploaded<br/>
========Billing Account Assignment was successfully configured============<br/>
===========Order Validation start performing========<br/>
Validate Order button clicekd<br/>
Signed contract chekbox clicked<br/>
OpportunityButton clicked<br/>
ContactRolesNewButton clicked<br/>
RadioButton clicked<br/>
RadioButton selected as Administrative Contact<br/>
SaveButton clicked<br/>
Order submitted successfully<br/>
========Order validation was successfully performed============<br/>
===========SUB-Order and complete Order in console start performing========<br/>
stage value is Ready for Order<br/>
Order stage is validated <br/>
Sub order page opened<br/>
The URL is https://cs89.salesforce.com/a130E000000phez<br/>
tempDecisionMaker Office Internet<br/>
Suborder opened in new tab<br/>
control switched to new tab<br/>
SubOrder page refreshed to check whether case created or not<br/>
CASE STATUS:---> New<br/>
CASE ID:---> 00015528<br/>
inside try loop<br/>
Close button and the case closed in console<br/>
Suborder opened in new tab<br/>
control switched to new tab<br/>
Account page wait<br/>
Account page scrool<br/>
Account page opened<br/>
Account tab switch<br/>
Frame Id :RLPanelFrame<br/>
Value of i = 1<br/>
Frame Id :06658000001cRDG<br/>
Value of i = 2<br/>
Frame Id finalized is06658000001cRDG<br/>
Frame Id :<br/>
Value of i = 3<br/>
scroolbelowCloudSenseIFrame<br/>
frame switched in try<br/>
filterOutAllOrders<br/>
selectAllOption<br/>
Type of Order Office Internet<br/>
Status for Order Office Internet is Active<br/>
Type of Order Office Internet<br/>
Status for Order Office Internet is Active<br/>
Type of Order Office Internet<br/>
Status for Order Office Internet is Active<br/>
========SUB-Order and complete Order in console was successfully performed============<br/>
============= Regression Validations starts========<br/>
test hi one<br/>
Services Page Opened<br/>
provisioning Code is  <br/>
</div>
</td>
<td><div><pre>java.lang.AssertionError: expected [ ] but found [false]
	at com.test.automation.OM_Automation.uiActions.generalRegressionValidations.ProvisioningAccountValidation(generalRegressionValidations.java:285)
	at com.test.automation.OM_Automation.uiActions.generalRegressionValidations.regressionValidationDesctionHandler(generalRegressionValidations.java:165)
	at DUMMYDELETEIT.genericDriver.generalRegressionValiadations(genericDriver.java:287)
	at TestDriver.TestExecutionDriver.TestCaseExecution(TestExecutionDriver.java:188)
	at java.util.concurrent.FutureTask.run(Unknown Source)
	at java.util.concurrent.ThreadPoolExecutor.runWorker(Unknown Source)
	at java.util.concurrent.ThreadPoolExecutor$Worker.run(Unknown Source)
	at java.lang.Thread.run(Unknown Source)
... Removed 22 stack frames</pre></div><a href='#' onClick='toggleBox("stack-trace744801500", this, "Click to show all stack frames", "Click to hide stack frames")'>Click to show all stack frames</a>
<div class='stack-trace' id='stack-trace744801500'><pre>java.lang.AssertionError: expected [ ] but found [false]
	at org.testng.Assert.fail(Assert.java:94)
	at org.testng.Assert.failNotEquals(Assert.java:513)
	at org.testng.Assert.assertEqualsImpl(Assert.java:135)
	at org.testng.Assert.assertEquals(Assert.java:116)
	at org.testng.Assert.assertEquals(Assert.java:190)
	at org.testng.Assert.assertEquals(Assert.java:200)
	at com.test.automation.OM_Automation.uiActions.generalRegressionValidations.ProvisioningAccountValidation(generalRegressionValidations.java:285)
	at com.test.automation.OM_Automation.uiActions.generalRegressionValidations.regressionValidationDesctionHandler(generalRegressionValidations.java:165)
	at DUMMYDELETEIT.genericDriver.generalRegressionValiadations(genericDriver.java:287)
	at TestDriver.TestExecutionDriver.TestCaseExecution(TestExecutionDriver.java:188)
	at sun.reflect.NativeMethodAccessorImpl.invoke0(Native Method)
	at sun.reflect.NativeMethodAccessorImpl.invoke(Unknown Source)
	at sun.reflect.DelegatingMethodAccessorImpl.invoke(Unknown Source)
	at java.lang.reflect.Method.invoke(Unknown Source)
	at org.testng.internal.MethodInvocationHelper.invokeMethod(MethodInvocationHelper.java:104)
	at org.testng.internal.Invoker.invokeMethod(Invoker.java:645)
	at org.testng.internal.Invoker.invokeTestMethod(Invoker.java:851)
	at org.testng.internal.Invoker.invokeTestMethods(Invoker.java:1177)
	at org.testng.internal.TestMethodWorker.invokeTestMethods(TestMethodWorker.java:129)
	at org.testng.internal.TestMethodWorker.run(TestMethodWorker.java:112)
	at org.testng.TestRunner.privateRun(TestRunner.java:756)
	at org.testng.TestRunner.run(TestRunner.java:610)
	at org.testng.SuiteRunner.runTest(SuiteRunner.java:387)
	at org.testng.SuiteRunner.access$000(SuiteRunner.java:39)
	at org.testng.SuiteRunner$SuiteWorker.run(SuiteRunner.java:421)
	at org.testng.internal.thread.ThreadUtil$2.call(ThreadUtil.java:64)
	at java.util.concurrent.FutureTask.run(Unknown Source)
	at java.util.concurrent.ThreadPoolExecutor.runWorker(Unknown Source)
	at java.util.concurrent.ThreadPoolExecutor$Worker.run(Unknown Source)
	at java.lang.Thread.run(Unknown Source)
</pre></div></td>
<td>382</td>
<td>TestDriver.TestExecutionDriver@5db45159</td></tr>
</table><p>
</body>
</html>