<?xml version="1.0" encoding="UTF-8"?>
<!-- Generated by org.testng.reporters.JUnitXMLReporter -->
<testsuite hostname="C4DES036" ignored="0" name="Regression_TC_13_ExistingCustomers_OfficeInternetwithPhone_50" tests="1" failures="1" timestamp="21 Mar 2018 07:25:44 GMT" time="398.558" errors="0">
  <testcase name="TestCaseExecution" time="382.703" classname="TestDriver.TestExecutionDriver">
    <failure type="java.lang.AssertionError" message="expected [ ] but found [false]">
      <![CDATA[java.lang.AssertionError: expected [ ] but found [false]
	at com.test.automation.OM_Automation.uiActions.generalRegressionValidations.ProvisioningAccountValidation(generalRegressionValidations.java:285)
	at com.test.automation.OM_Automation.uiActions.generalRegressionValidations.regressionValidationDesctionHandler(generalRegressionValidations.java:165)
	at DUMMYDELETEIT.genericDriver.generalRegressionValiadations(genericDriver.java:287)
	at TestDriver.TestExecutionDriver.TestCaseExecution(TestExecutionDriver.java:188)
	at java.util.concurrent.FutureTask.run(Unknown Source)
	at java.util.concurrent.ThreadPoolExecutor.runWorker(Unknown Source)
	at java.util.concurrent.ThreadPoolExecutor$Worker.run(Unknown Source)
	at java.lang.Thread.run(Unknown Source)
... Removed 22 stack frames]]>
    </failure>
  </testcase> <!-- TestCaseExecution -->
</testsuite> <!-- Regression_TC_13_ExistingCustomers_OfficeInternetwithPhone_50 -->
