<?xml version="1.0" encoding="UTF-8"?>
<!-- Generated by org.testng.reporters.JUnitXMLReporter -->
<testsuite hostname="C4DES036" ignored="0" name="Regression_TC_67_OfficeInternet_MACDTerminate" tests="1" failures="1" timestamp="20 Mar 2018 12:42:18 GMT" time="259.011" errors="0">
  <testcase name="TestCaseExecution" time="249.028" classname="TestDriver.TestExecutionDriver">
    <failure type="java.lang.AssertionError" message=" failed">
      <![CDATA[java.lang.AssertionError:  failed
	at DUMMYDELETEIT.genericDriver.subOrdersValidationAndCompleteOrderInConsole(genericDriver.java:981)
	at TestDriver.TestExecutionDriver.TestCaseExecution(TestExecutionDriver.java:298)
	at java.util.concurrent.FutureTask.run(Unknown Source)
	at java.util.concurrent.ThreadPoolExecutor.runWorker(Unknown Source)
	at java.util.concurrent.ThreadPoolExecutor$Worker.run(Unknown Source)
	at java.lang.Thread.run(Unknown Source)
... Removed 17 stack frames]]>
    </failure>
  </testcase> <!-- TestCaseExecution -->
</testsuite> <!-- Regression_TC_67_OfficeInternet_MACDTerminate -->
