<html>
<head>
<title>TestNG:  Regression_TC_22_CF_with_BGP_MACDChange_AddonToIPv4</title>
<link href="../testng.css" rel="stylesheet" type="text/css" />
<link href="../my-testng.css" rel="stylesheet" type="text/css" />

<style type="text/css">
.log { display: none;} 
.stack-trace { display: none;} 
</style>
<script type="text/javascript">
<!--
function flip(e) {
  current = e.style.display;
  if (current == 'block') {
    e.style.display = 'none';
    return 0;
  }
  else {
    e.style.display = 'block';
    return 1;
  }
}

function toggleBox(szDivId, elem, msg1, msg2)
{
  var res = -1;  if (document.getElementById) {
    res = flip(document.getElementById(szDivId));
  }
  else if (document.all) {
    // this is the way old msie versions work
    res = flip(document.all[szDivId]);
  }
  if(elem) {
    if(res == 0) elem.innerHTML = msg1; else elem.innerHTML = msg2;
  }

}

function toggleAllBoxes() {
  if (document.getElementsByTagName) {
    d = document.getElementsByTagName('div');
    for (i = 0; i < d.length; i++) {
      if (d[i].className == 'log') {
        flip(d[i]);
      }
    }
  }
}

// -->
</script>

</head>
<body>
<h2 align='center'>Regression_TC_22_CF_with_BGP_MACDChange_AddonToIPv4</h2><table border='1' align="center">
<tr>
<td>Tests passed/Failed/Skipped:</td><td>0/1/0</td>
</tr><tr>
<td>Started on:</td><td>Wed Mar 21 13:35:26 IST 2018</td>
</tr>
<tr><td>Total time:</td><td>423 seconds (423760 ms)</td>
</tr><tr>
<td>Included groups:</td><td></td>
</tr><tr>
<td>Excluded groups:</td><td></td>
</tr>
</table><p/>
<small><i>(Hover the method name to see the test class name)</i></small><p/>
<table width='100%' border='1' class='invocation-failed'>
<tr><td colspan='4' align='center'><b>FAILED TESTS</b></td></tr>
<tr><td><b>Test method</b></td>
<td width="30%"><b>Exception</b></td>
<td width="10%"><b>Time (seconds)</b></td>
<td><b>Instance</b></td>
</tr>
<tr>
<td title='TestDriver.TestExecutionDriver.TestCaseExecution()'><b>TestCaseExecution</b><br>Test class: TestDriver.TestExecutionDriver<br>Parameters: Regression_TC_22_CF_with_BGP_MACDChange_AddonToIPv4<br/>
<a href="#Output-329904602" onClick='toggleBox("Output-329904602", this, "Show output", "Hide output");'>Show output</a>

<a href="#Output-329904602" onClick="toggleAllBoxes();">Show all outputs</a>
<div class='log' id="Output-329904602">
============= Strting VerifyLogin Test===========<br/>
entered email address:-ramsuratkumar.mk@prodapt.com.umstdemo and object is [[ChromeDriver: chrome on XP (eac5256dd7a70e433d27540e14e692ef)] -> id: username]<br/>
entered password:-Panasonic#9876 and object is [[ChromeDriver: chrome on XP (eac5256dd7a70e433d27540e14e692ef)] -> id: password]<br/>
clicked on sublit butto and object is:-Proxy element for: DefaultElementLocator 'By.id: Login'<br/>
============= Finished VerifyLoginTest===========<br/>
<a href='D:\Automation\Ram\Backup-PerfectScriptAfterModification_SIT\B2B_OM_Automation_23-10-2017\B2B_OM_Automation\src\main\java\com\test\automation\OM_Automation\screenshot\verifyLoginRecords_21_03_2018_01_35_54.png'> <img src='D:\Automation\Ram\Backup-PerfectScriptAfterModification_SIT\B2B_OM_Automation_23-10-2017\B2B_OM_Automation\src\main\java\com\test\automation\OM_Automation\screenshot\verifyLoginRecords_21_03_2018_01_35_54.png' height='100' width='100'/> </a><br/>
=========Lead creation started========<br/>
New lead jhgjhkjhbnjbnb clicked<br/>
Leads tab clicked<br/>
New lead button clicked<br/>
Account name passed as  nNFQwPrB<br/>
Salutation selected<br/>
Firstname passed as JQojh<br/>
last name passed as rxV<br/>
Legal Entity type selected<br/>
Email value passed<br/>
phone value passed<br/>
NationalID value Passed<br/>
Industry classification asC VERARBEITENDES GEWERBEselected<br/>
Detailed Industry as Getrankeherstellung selected><br/>
segment as SME selected<br/>
constructional Organization as Baden-Württemberg (BAW) selected<br/>
visit street as KREUZSTR selected<br/>
visit house number as 26 selected<br/>
visit city as FRANKFURT selected<br/>
postal code as 60435   selected><br/>
visit state/provience as HSN   selected<br/>
communication preference is selected as false<br/>
<-----------Lead was successfully created------><br/>
=========Lead has been Successfully created======<br/>
========Address Validation Starts========<br/>
Validate Address clicked<br/>
FindAddress clicked<br/>
Address selected<br/>
Available to provide service<br/>
========Address Validation Completed========<br/>
=========Opportunity conversion starts=======<br/>
clicked convert button in leads page<br/>
clicked convert button in convert lead page<br/>
clicked on opportunity created in accounts page<br/>
=========Opportunity successfully converted======<br/>
===========New CF Product Additoin starts========<br/>
New product basket button clicked in opportunity page<br/>
Addproduct button clicked in product configuration page<br/>
CF product selected<br/>
Address bar clicked<br/>
Customer Address search button clicked successfully<br/>
Customer Address successfully selected<br/>
Successfully added product to the basket and also confirmed<br/>
===========CF Product successfully added to cart========<br/>
===========CF Product Configuration starts========<br/>
Edit basket button clicked Company Fiber<br/>
Edit basket button clicked<br/>
Iframe switched<br/>
Company fiber Product selected<br/>
Upfront fee chargees value as 100 entered<br/>
Monthly charges value as 200 entered<br/>
Company fiber Upload Speed Selection Prerequsite Button is clicked<br/>
CF_AddonsToBeAdded BGP<br/>
Company fiber Service selected as BGP<br/>
upload speed value as 50 selected<br/>
CF product configuration continue button clicked<br/>
CF product configuration finsh button clicked<br/>
parent window switched<br/>
===========CF Product successfully configured===========<br/>
===========Installation Information performs========<br/>
Installation infomatio icon clicked<br/>
Technincal contact lookup selected<br/>
 new window switched<br/>
resultsFrame switched<br/>
Technincal contact selected successfully<br/>
parent window switched successfully<br/>
Technical contact selected successfully<br/>
Set button clicked successfully<br/>
Consulting ID passed<br/>
Industry classification as Erforderlich selected<br/>
Inside if loop of Installation<br/>
ProductsButton is clicked<br/>
Frame Id :productIframe-a0s0E000000Xj48QAC<br/>
Value of i = 1<br/>
Frame Id finalized isproductIframe-a0s0E000000Xj48QAC<br/>
Frame Id :<br/>
Value of i = 2<br/>
New Frame Switched<br/>
wellKnownPrefix selected as Full Table<br/>
BGPPassword selected as Ja<br/>
IPv4Addressspace selected as Ja<br/>
IPv6Addressspace selected as Ja<br/>
Finish Button clicked<br/>
Save button clicked<br/>
========Installation Information successfully configured============<br/>
===========Billing Account Assignment start performing========<br/>
Assign Billing Account button clicked<br/>
Account selected successfully<br/>
All account successfully checked in to set billing account<br/>
Account to be set successfully<br/>
Billing Account Successfully saved<br/>
========Billing Account Assignment was successfully configured============<br/>
===========Product Basket upload start performing========<br/>
Product Basket Successfully uploaded<br/>
========Billing Account Assignment was successfully configured============<br/>
===========Order Validation start performing========<br/>
Validate Order button clicekd<br/>
Signed contract chekbox clicked<br/>
Order submitted successfully<br/>
========Order validation was successfully performed============<br/>
===========SUB-Order and complete Order in console start performing========<br/>
stage value is Ready for Order<br/>
Order stage is validated <br/>
Sub order page opened<br/>
The URL is https://cs89.salesforce.com/a130E000000phlU<br/>
tempDecisionMaker Company Fiber<br/>
Suborder opened in new tab<br/>
control switched to new tab<br/>
SubOrder page refreshed to check whether case created or not<br/>
case status differs org.openqa.selenium.NoSuchElementException: no such element: Unable to locate element: {"method":"xpath","selector":"html/body/div[1]/div[2]/table/tbody/tr/td[2]/div[6]/div[1]/div/div[2]/table/tbody/tr[2]/td[5]"}
  (Session info: chrome=64.0.3282.186)
  (Driver info: chromedriver=2.33.506120 (e3e53437346286c0bc2d2dc9aa4915ba81d9023f),platform=Windows NT 6.1.7601 SP1 x86_64) (WARNING: The server did not provide any stacktrace information)
Command duration or timeout: 31 milliseconds
For documentation on this error, please visit: http://seleniumhq.org/exceptions/no_such_element.html
Build info: version: '3.0.1', revision: '1969d75', time: '2016-10-18 09:49:13 -0700'
System info: host: 'C4DES036', ip: '192.168.28.95', os.name: 'Windows 7', os.arch: 'amd64', os.version: '6.1', java.version: '1.8.0_144'
Driver info: org.openqa.selenium.chrome.ChromeDriver
Capabilities [{applicationCacheEnabled=false, rotatable=false, mobileEmulationEnabled=false, networkConnectionEnabled=false, chrome={chromedriverVersion=2.33.506120 (e3e53437346286c0bc2d2dc9aa4915ba81d9023f), userDataDir=C:\Users\KARTHI~1.COM\AppData\Local\Temp\scoped_dir12672_25277}, takesHeapSnapshot=true, pageLoadStrategy=normal, databaseEnabled=false, handlesAlerts=true, hasTouchScreen=false, version=64.0.3282.186, platform=XP, browserConnectionEnabled=false, nativeEvents=true, acceptSslCerts=true, locationContextEnabled=true, webStorageEnabled=true, browserName=chrome, takesScreenshot=true, javascriptEnabled=true, cssSelectorsEnabled=true, setWindowRect=true, unexpectedAlertBehaviour=}]
Session ID: eac5256dd7a70e433d27540e14e692ef
*** Element info: {Using=xpath, value=html/body/div[1]/div[2]/table/tbody/tr/td[2]/div[6]/div[1]/div/div[2]/table/tbody/tr[2]/td[5]}<br/>
No case id was created due to org.openqa.selenium.NoSuchElementException: no such element: Unable to locate element: {"method":"xpath","selector":"html/body/div[1]/div[2]/table/tbody/tr/td[2]/div[6]/div[1]/div/div[2]/table/tbody/tr[2]/th/a"}
  (Session info: chrome=64.0.3282.186)
  (Driver info: chromedriver=2.33.506120 (e3e53437346286c0bc2d2dc9aa4915ba81d9023f),platform=Windows NT 6.1.7601 SP1 x86_64) (WARNING: The server did not provide any stacktrace information)
Command duration or timeout: 32 milliseconds
For documentation on this error, please visit: http://seleniumhq.org/exceptions/no_such_element.html
Build info: version: '3.0.1', revision: '1969d75', time: '2016-10-18 09:49:13 -0700'
System info: host: 'C4DES036', ip: '192.168.28.95', os.name: 'Windows 7', os.arch: 'amd64', os.version: '6.1', java.version: '1.8.0_144'
Driver info: org.openqa.selenium.chrome.ChromeDriver
Capabilities [{applicationCacheEnabled=false, rotatable=false, mobileEmulationEnabled=false, networkConnectionEnabled=false, chrome={chromedriverVersion=2.33.506120 (e3e53437346286c0bc2d2dc9aa4915ba81d9023f), userDataDir=C:\Users\KARTHI~1.COM\AppData\Local\Temp\scoped_dir12672_25277}, takesHeapSnapshot=true, pageLoadStrategy=normal, databaseEnabled=false, handlesAlerts=true, hasTouchScreen=false, version=64.0.3282.186, platform=XP, browserConnectionEnabled=false, nativeEvents=true, acceptSslCerts=true, locationContextEnabled=true, webStorageEnabled=true, browserName=chrome, takesScreenshot=true, javascriptEnabled=true, cssSelectorsEnabled=true, setWindowRect=true, unexpectedAlertBehaviour=}]
Session ID: eac5256dd7a70e433d27540e14e692ef
*** Element info: {Using=xpath, value=html/body/div[1]/div[2]/table/tbody/tr/td[2]/div[6]/div[1]/div/div[2]/table/tbody/tr[2]/th/a}<br/>
tempDecisionMaker BGP 50<br/>
Suborder opened in new tab<br/>
control switched to new tab<br/>
SubOrder page refreshed to check whether case created or not<br/>
case status differs org.openqa.selenium.NoSuchElementException: no such element: Unable to locate element: {"method":"xpath","selector":"html/body/div[1]/div[2]/table/tbody/tr/td[2]/div[6]/div[1]/div/div[2]/table/tbody/tr[2]/td[5]"}
  (Session info: chrome=64.0.3282.186)
  (Driver info: chromedriver=2.33.506120 (e3e53437346286c0bc2d2dc9aa4915ba81d9023f),platform=Windows NT 6.1.7601 SP1 x86_64) (WARNING: The server did not provide any stacktrace information)
Command duration or timeout: 50 milliseconds
For documentation on this error, please visit: http://seleniumhq.org/exceptions/no_such_element.html
Build info: version: '3.0.1', revision: '1969d75', time: '2016-10-18 09:49:13 -0700'
System info: host: 'C4DES036', ip: '192.168.28.95', os.name: 'Windows 7', os.arch: 'amd64', os.version: '6.1', java.version: '1.8.0_144'
Driver info: org.openqa.selenium.chrome.ChromeDriver
Capabilities [{applicationCacheEnabled=false, rotatable=false, mobileEmulationEnabled=false, networkConnectionEnabled=false, chrome={chromedriverVersion=2.33.506120 (e3e53437346286c0bc2d2dc9aa4915ba81d9023f), userDataDir=C:\Users\KARTHI~1.COM\AppData\Local\Temp\scoped_dir12672_25277}, takesHeapSnapshot=true, pageLoadStrategy=normal, databaseEnabled=false, handlesAlerts=true, hasTouchScreen=false, version=64.0.3282.186, platform=XP, browserConnectionEnabled=false, nativeEvents=true, acceptSslCerts=true, locationContextEnabled=true, webStorageEnabled=true, browserName=chrome, takesScreenshot=true, javascriptEnabled=true, cssSelectorsEnabled=true, setWindowRect=true, unexpectedAlertBehaviour=}]
Session ID: eac5256dd7a70e433d27540e14e692ef
*** Element info: {Using=xpath, value=html/body/div[1]/div[2]/table/tbody/tr/td[2]/div[6]/div[1]/div/div[2]/table/tbody/tr[2]/td[5]}<br/>
No case id was created due to org.openqa.selenium.NoSuchElementException: no such element: Unable to locate element: {"method":"xpath","selector":"html/body/div[1]/div[2]/table/tbody/tr/td[2]/div[6]/div[1]/div/div[2]/table/tbody/tr[2]/th/a"}
  (Session info: chrome=64.0.3282.186)
  (Driver info: chromedriver=2.33.506120 (e3e53437346286c0bc2d2dc9aa4915ba81d9023f),platform=Windows NT 6.1.7601 SP1 x86_64) (WARNING: The server did not provide any stacktrace information)
Command duration or timeout: 1 milliseconds
For documentation on this error, please visit: http://seleniumhq.org/exceptions/no_such_element.html
Build info: version: '3.0.1', revision: '1969d75', time: '2016-10-18 09:49:13 -0700'
System info: host: 'C4DES036', ip: '192.168.28.95', os.name: 'Windows 7', os.arch: 'amd64', os.version: '6.1', java.version: '1.8.0_144'
Driver info: org.openqa.selenium.chrome.ChromeDriver
Capabilities [{applicationCacheEnabled=false, rotatable=false, mobileEmulationEnabled=false, networkConnectionEnabled=false, chrome={chromedriverVersion=2.33.506120 (e3e53437346286c0bc2d2dc9aa4915ba81d9023f), userDataDir=C:\Users\KARTHI~1.COM\AppData\Local\Temp\scoped_dir12672_25277}, takesHeapSnapshot=true, pageLoadStrategy=normal, databaseEnabled=false, handlesAlerts=true, hasTouchScreen=false, version=64.0.3282.186, platform=XP, browserConnectionEnabled=false, nativeEvents=true, acceptSslCerts=true, locationContextEnabled=true, webStorageEnabled=true, browserName=chrome, takesScreenshot=true, javascriptEnabled=true, cssSelectorsEnabled=true, setWindowRect=true, unexpectedAlertBehaviour=}]
Session ID: eac5256dd7a70e433d27540e14e692ef
*** Element info: {Using=xpath, value=html/body/div[1]/div[2]/table/tbody/tr/td[2]/div[6]/div[1]/div/div[2]/table/tbody/tr[2]/th/a}<br/>
inside try loop<br/>
inside catch loop<br/>
Error occurs while Validating Sub-orders due to org.openqa.selenium.WebDriverException: unknown error: keys should be a string
  (Session info: chrome=64.0.3282.186)
  (Driver info: chromedriver=2.33.506120 (e3e53437346286c0bc2d2dc9aa4915ba81d9023f),platform=Windows NT 6.1.7601 SP1 x86_64) (WARNING: The server did not provide any stacktrace information)
Command duration or timeout: 10 milliseconds
Build info: version: '3.0.1', revision: '1969d75', time: '2016-10-18 09:49:13 -0700'
System info: host: 'C4DES036', ip: '192.168.28.95', os.name: 'Windows 7', os.arch: 'amd64', os.version: '6.1', java.version: '1.8.0_144'
Driver info: org.openqa.selenium.chrome.ChromeDriver
Capabilities [{applicationCacheEnabled=false, rotatable=false, mobileEmulationEnabled=false, networkConnectionEnabled=false, chrome={chromedriverVersion=2.33.506120 (e3e53437346286c0bc2d2dc9aa4915ba81d9023f), userDataDir=C:\Users\KARTHI~1.COM\AppData\Local\Temp\scoped_dir12672_25277}, takesHeapSnapshot=true, pageLoadStrategy=normal, databaseEnabled=false, handlesAlerts=true, hasTouchScreen=false, version=64.0.3282.186, platform=XP, browserConnectionEnabled=false, nativeEvents=true, acceptSslCerts=true, locationContextEnabled=true, webStorageEnabled=true, browserName=chrome, takesScreenshot=true, javascriptEnabled=true, cssSelectorsEnabled=true, setWindowRect=true, unexpectedAlertBehaviour=}]
Session ID: eac5256dd7a70e433d27540e14e692ef<br/>
</div>
</td>
<td><div><pre>java.lang.AssertionError:  failed
	at DUMMYDELETEIT.genericDriver.subOrdersValidationAndCompleteOrderInConsole(genericDriver.java:981)
	at TestDriver.TestExecutionDriver.TestCaseExecution(TestExecutionDriver.java:298)
	at java.util.concurrent.FutureTask.run(Unknown Source)
	at java.util.concurrent.ThreadPoolExecutor.runWorker(Unknown Source)
	at java.util.concurrent.ThreadPoolExecutor$Worker.run(Unknown Source)
	at java.lang.Thread.run(Unknown Source)
... Removed 16 stack frames</pre></div><a href='#' onClick='toggleBox("stack-trace329904602", this, "Click to show all stack frames", "Click to hide stack frames")'>Click to show all stack frames</a>
<div class='stack-trace' id='stack-trace329904602'><pre>java.lang.AssertionError:  failed
	at org.testng.Assert.fail(Assert.java:94)
	at DUMMYDELETEIT.genericDriver.subOrdersValidationAndCompleteOrderInConsole(genericDriver.java:981)
	at TestDriver.TestExecutionDriver.TestCaseExecution(TestExecutionDriver.java:298)
	at sun.reflect.GeneratedMethodAccessor53.invoke(Unknown Source)
	at sun.reflect.DelegatingMethodAccessorImpl.invoke(Unknown Source)
	at java.lang.reflect.Method.invoke(Unknown Source)
	at org.testng.internal.MethodInvocationHelper.invokeMethod(MethodInvocationHelper.java:104)
	at org.testng.internal.Invoker.invokeMethod(Invoker.java:645)
	at org.testng.internal.Invoker.invokeTestMethod(Invoker.java:851)
	at org.testng.internal.Invoker.invokeTestMethods(Invoker.java:1177)
	at org.testng.internal.TestMethodWorker.invokeTestMethods(TestMethodWorker.java:129)
	at org.testng.internal.TestMethodWorker.run(TestMethodWorker.java:112)
	at org.testng.TestRunner.privateRun(TestRunner.java:756)
	at org.testng.TestRunner.run(TestRunner.java:610)
	at org.testng.SuiteRunner.runTest(SuiteRunner.java:387)
	at org.testng.SuiteRunner.access$000(SuiteRunner.java:39)
	at org.testng.SuiteRunner$SuiteWorker.run(SuiteRunner.java:421)
	at org.testng.internal.thread.ThreadUtil$2.call(ThreadUtil.java:64)
	at java.util.concurrent.FutureTask.run(Unknown Source)
	at java.util.concurrent.ThreadPoolExecutor.runWorker(Unknown Source)
	at java.util.concurrent.ThreadPoolExecutor$Worker.run(Unknown Source)
	at java.lang.Thread.run(Unknown Source)
</pre></div></td>
<td>414</td>
<td>TestDriver.TestExecutionDriver@43ee72e6</td></tr>
</table><p>
</body>
</html>