<?xml version="1.0" encoding="UTF-8"?>
<!-- Generated by org.testng.reporters.JUnitXMLReporter -->
<testsuite hostname="C3DES396" ignored="0" name="Regression_TC_28_CIwithTwoMWLAN_MACDTerminateOneMWLAN" tests="1" failures="1" timestamp="28 Feb 2018 21:35:58 GMT" time="485.176" errors="0">
  <testcase name="TestCaseExecution" time="472.468" classname="TestDriver.TestExecutionDriver">
    <failure type="java.lang.AssertionError" message=" failed">
      <![CDATA[java.lang.AssertionError:  failed
	at DUMMYDELETEIT.genericDriver.subOrdersValidationAndCompleteOrderInConsole(genericDriver.java:867)
	at TestDriver.TestExecutionDriver.TestCaseExecution(TestExecutionDriver.java:236)
	at java.util.concurrent.FutureTask.run(Unknown Source)
	at java.util.concurrent.ThreadPoolExecutor.runWorker(Unknown Source)
	at java.util.concurrent.ThreadPoolExecutor$Worker.run(Unknown Source)
	at java.lang.Thread.run(Unknown Source)
... Removed 16 stack frames]]>
    </failure>
  </testcase> <!-- TestCaseExecution -->
</testsuite> <!-- Regression_TC_28_CIwithTwoMWLAN_MACDTerminateOneMWLAN -->
