<?xml version="1.0" encoding="UTF-8"?>
<!-- Generated by org.testng.reporters.JUnitXMLReporter -->
<testsuite hostname="C4DES036" ignored="0" name="Regression_TC_27_CIwithPowerspot_MACDTerminate" tests="1" failures="1" timestamp="21 Mar 2018 08:36:54 GMT" time="199.185" errors="0">
  <testcase name="TestCaseExecution" time="181.786" classname="TestDriver.TestExecutionDriver">
    <failure type="java.lang.AssertionError" message=" failed">
      <![CDATA[java.lang.AssertionError:  failed
	at DUMMYDELETEIT.genericDriver.CI_PowerSpot_ProductBasketAddition(genericDriver.java:533)
	at TestDriver.TestExecutionDriver.TestCaseExecution(TestExecutionDriver.java:247)
	at java.util.concurrent.FutureTask.run(Unknown Source)
	at java.util.concurrent.ThreadPoolExecutor.runWorker(Unknown Source)
	at java.util.concurrent.ThreadPoolExecutor$Worker.run(Unknown Source)
	at java.lang.Thread.run(Unknown Source)
... Removed 16 stack frames]]>
    </failure>
  </testcase> <!-- TestCaseExecution -->
</testsuite> <!-- Regression_TC_27_CIwithPowerspot_MACDTerminate -->
