<?xml version="1.0" encoding="UTF-8"?>
<!-- Generated by org.testng.reporters.JUnitXMLReporter -->
<testsuite hostname="C4DES036" ignored="0" name="Regression_TC_14_MACDChange_OI400_To_OfficeInternet_50" tests="1" failures="1" timestamp="21 Mar 2018 07:29:49 GMT" time="244.966" errors="0">
  <testcase name="TestCaseExecution" time="235.213" classname="TestDriver.TestExecutionDriver">
    <failure type="java.lang.AssertionError" message="expected [Requested] but found [Active]">
      <![CDATA[java.lang.AssertionError: expected [Requested] but found [Active]
	at com.test.automation.OM_Automation.uiActions.FinalValidationOfOrderCompletion.orderStatusCheck(FinalValidationOfOrderCompletion.java:200)
	at com.test.automation.OM_Automation.uiActions.SubOrders.CreatedOrderValidationGeneric(SubOrders.java:310)
	at DUMMYDELETEIT.genericDriver.subOrdersValidationAndCompleteOrderInConsole(genericDriver.java:968)
	at TestDriver.TestExecutionDriver.TestCaseExecution(TestExecutionDriver.java:298)
	at java.util.concurrent.FutureTask.run(Unknown Source)
	at java.util.concurrent.ThreadPoolExecutor.runWorker(Unknown Source)
	at java.util.concurrent.ThreadPoolExecutor$Worker.run(Unknown Source)
	at java.lang.Thread.run(Unknown Source)
... Removed 21 stack frames]]>
    </failure>
  </testcase> <!-- TestCaseExecution -->
</testsuite> <!-- Regression_TC_14_MACDChange_OI400_To_OfficeInternet_50 -->
