<?xml version="1.0" encoding="UTF-8"?>
<!-- Generated by org.testng.reporters.JUnitXMLReporter -->
<testsuite hostname="C4LAP149" ignored="0" name="Sanity_TC_01_MACD_Change_CI15_to_CI40" tests="1" failures="1" timestamp="09 Feb 2018 05:59:01 GMT" time="329.789" errors="0">
  <testcase name="TestCaseExecution" time="306.587" classname="TestDriver.TestExecutionDriver">
    <failure type="java.lang.AssertionError" message="expected [Requested] but found [Active]">
      <![CDATA[java.lang.AssertionError: expected [Requested] but found [Active]
	at com.test.automation.OM_Automation.uiActions.FinalValidationOfOrderCompletion.orderStatusCheck(FinalValidationOfOrderCompletion.java:178)
	at com.test.automation.OM_Automation.uiActions.SubOrders.CreatedOrderValidationGeneric(SubOrders.java:297)
	at DUMMYDELETEIT.genericDriver.subOrdersValidationAndCompleteOrderInConsole(genericDriver.java:787)
	at TestDriver.TestExecutionDriver.TestCaseExecution(TestExecutionDriver.java:218)
	at java.util.concurrent.FutureTask.run(Unknown Source)
	at java.util.concurrent.ThreadPoolExecutor.runWorker(Unknown Source)
	at java.util.concurrent.ThreadPoolExecutor$Worker.run(Unknown Source)
	at java.lang.Thread.run(Unknown Source)
... Removed 22 stack frames]]>
    </failure>
  </testcase> <!-- TestCaseExecution -->
</testsuite> <!-- Sanity_TC_01_MACD_Change_CI15_to_CI40 -->
