<html>
<head>
<title>TestNG:  Sanity_TC_01_MACD_Change_CI15_to_CI40</title>
<link href="../testng.css" rel="stylesheet" type="text/css" />
<link href="../my-testng.css" rel="stylesheet" type="text/css" />

<style type="text/css">
.log { display: none;} 
.stack-trace { display: none;} 
</style>
<script type="text/javascript">
<!--
function flip(e) {
  current = e.style.display;
  if (current == 'block') {
    e.style.display = 'none';
    return 0;
  }
  else {
    e.style.display = 'block';
    return 1;
  }
}

function toggleBox(szDivId, elem, msg1, msg2)
{
  var res = -1;  if (document.getElementById) {
    res = flip(document.getElementById(szDivId));
  }
  else if (document.all) {
    // this is the way old msie versions work
    res = flip(document.all[szDivId]);
  }
  if(elem) {
    if(res == 0) elem.innerHTML = msg1; else elem.innerHTML = msg2;
  }

}

function toggleAllBoxes() {
  if (document.getElementsByTagName) {
    d = document.getElementsByTagName('div');
    for (i = 0; i < d.length; i++) {
      if (d[i].className == 'log') {
        flip(d[i]);
      }
    }
  }
}

// -->
</script>

</head>
<body>
<h2 align='center'>Sanity_TC_01_MACD_Change_CI15_to_CI40</h2><table border='1' align="center">
<tr>
<td>Tests passed/Failed/Skipped:</td><td>0/1/0</td>
</tr><tr>
<td>Started on:</td><td>Fri Feb 09 11:23:31 IST 2018</td>
</tr>
<tr><td>Total time:</td><td>329 seconds (329789 ms)</td>
</tr><tr>
<td>Included groups:</td><td></td>
</tr><tr>
<td>Excluded groups:</td><td></td>
</tr>
</table><p/>
<small><i>(Hover the method name to see the test class name)</i></small><p/>
<table width='100%' border='1' class='invocation-failed'>
<tr><td colspan='4' align='center'><b>FAILED TESTS</b></td></tr>
<tr><td><b>Test method</b></td>
<td width="30%"><b>Exception</b></td>
<td width="10%"><b>Time (seconds)</b></td>
<td><b>Instance</b></td>
</tr>
<tr>
<td title='TestDriver.TestExecutionDriver.TestCaseExecution()'><b>TestCaseExecution</b><br>Test class: TestDriver.TestExecutionDriver<br>Parameters: Sanity_TC_01_MACD_Change_CI15_to_CI40<br/>
<a href="#Output-1771649179" onClick='toggleBox("Output-1771649179", this, "Show output", "Hide output");'>Show output</a>

<a href="#Output-1771649179" onClick="toggleAllBoxes();">Show all outputs</a>
<div class='log' id="Output-1771649179">
============= Strting VerifyLogin Test===========<br/>
entered email address:-vigneshkannan.v@prodapt.com.umuat and object is [[ChromeDriver: chrome on XP (1b726c1ff4b6f887c064f621b640232e)] -> id: username]<br/>
entered password:-Password#008 and object is [[ChromeDriver: chrome on XP (1b726c1ff4b6f887c064f621b640232e)] -> id: password]<br/>
clicked on sublit butto and object is:-Proxy element for: DefaultElementLocator 'By.id: Login'<br/>
============= Finished VerifyLoginTest===========<br/>
<a href='C:\Users\support\Desktop\JeevananthamCodeSetup\Backup-PerfectScriptAfterModification_UAT\B2B_OM_Automation_23-10-2017\B2B_OM_Automation\src\main\java\com\test\automation\OM_Automation\screenshot\verifyLoginRecords_09_02_2018_11_24_19.png'> <img src='C:\Users\support\Desktop\JeevananthamCodeSetup\Backup-PerfectScriptAfterModification_UAT\B2B_OM_Automation_23-10-2017\B2B_OM_Automation\src\main\java\com\test\automation\OM_Automation\screenshot\verifyLoginRecords_09_02_2018_11_24_19.png' height='100' width='100'/> </a><br/>
============= Open Existing account ===========<br/>
Searched Account name successfully<br/>
=============  Existing account opened successfully===========<br/>
============= Macd Navigated and selection for Change ===========<br/>
Account Name Selected<br/>
changeSubscription button clicked<br/>
MACD Configuration text found in screen<br/>
MACD change selected<br/>
MACD Subscriptions selected<br/>
MACD Next button selected<br/>
Product basket opened<br/>
=========Macd Navigated and selection for Change is completed===========<br/>
============= Change CI order started ===========<br/>
Edit basket button clicked Company Internet<br/>
Edit basket button clicked<br/>
Iframe switched jsaddskjashgsdhjsagdhjsgdghjsgd<br/>
Iframe switched<br/>
Company Internet Product selected<br/>
download speed value as 250 selected<br/>
Upfront fees entered<br/>
Hardware selection element clicked<br/>
Hardware to be successfully selected<br/>
parent window switched<br/>
=============  Change CI order started completed===========<br/>
===========Installation Information performs========<br/>
Installation infomatio icon clicked<br/>
Technincal contact lookup selected<br/>
 new window switched<br/>
resultsFrame switched<br/>
Technincal contact selected successfully<br/>
parent window switched successfully<br/>
Technical contact selected successfully<br/>
Set button clicked successfully<br/>
Consulting ID passed<br/>
Industry classification as Erforderlich selected<br/>
Save button clicked<br/>
========Installation Information successfully configured============<br/>
===========Billing Account Assignment start performing========<br/>
Assign Billing Account button clicked<br/>
Account selected successfully<br/>
All account successfully checked in to set billing account<br/>
Account to be set successfully<br/>
Billing Account Successfully saved<br/>
========Billing Account Assignment was successfully configured============<br/>
===========Product Basket upload start performing========<br/>
Product Basket Successfully uploaded<br/>
========Billing Account Assignment was successfully configured============<br/>
===========Order Validation start performing========<br/>
Validate Order button clicekd<br/>
Browse file button clicked<br/>
Contract file browsed and added successfully<br/>
Signed contract upload file button clicked<br/>
Signed contract chekbox clicked<br/>
OpportunityButton clicked<br/>
ContactRolesNewButton clicked<br/>
RadioButton clicked<br/>
RadioButton selected as Administrative Contact<br/>
SaveButton clicked<br/>
Order submitted successfully<br/>
========Order validation was successfully performed============<br/>
===========SUB-Order and complete Order in console start performing========<br/>
stage value is Ready for Order<br/>
Order stage is validated <br/>
Sub order page opened<br/>
Suborder opened in new tab<br/>
tempSuborder Company Internet clicked<br/>
HardwareOptionButton clicked<br/>
MACAddressEnabler clicked<br/>
MACAddressField passed<br/>
NetworkIPAddressEnabler clicked<br/>
NetworkIPAddressField clicked<br/>
MACAddressField passed<br/>
SaveButton clicked<br/>
Successfully completed the hardware ip feeding<br/>
The URL is https://cs83.salesforce.com/a134E000001VUFY<br/>
Suborder opened in new tab<br/>
control switched to new tab<br/>
Account page wait<br/>
Account page scrool<br/>
Account page opened<br/>
Account tab switch<br/>
Frame Id :RLPanelFrame<br/>
Value of i = 1<br/>
Frame Id :06658000001cRDG<br/>
Value of i = 2<br/>
Frame Id finalized is06658000001cRDG<br/>
Frame Id :<br/>
Value of i = 3<br/>
scroolbelowCloudSenseIFrame<br/>
frame switched in try<br/>
filterOutAllOrders<br/>
selectAllOption<br/>
Type of Order Company Internet<br/>
Status for Order Company Internet is Active<br/>
Type of Order Company Internet<br/>
Status for Order Company Internet is Active<br/>
Type of Order Company Internet<br/>
Status for Order Company Internet is Requested<br/>
</div>
</td>
<td><div><pre>java.lang.AssertionError: expected [Requested] but found [Active]
	at com.test.automation.OM_Automation.uiActions.FinalValidationOfOrderCompletion.orderStatusCheck(FinalValidationOfOrderCompletion.java:178)
	at com.test.automation.OM_Automation.uiActions.SubOrders.CreatedOrderValidationGeneric(SubOrders.java:297)
	at DUMMYDELETEIT.genericDriver.subOrdersValidationAndCompleteOrderInConsole(genericDriver.java:787)
	at TestDriver.TestExecutionDriver.TestCaseExecution(TestExecutionDriver.java:218)
	at java.util.concurrent.FutureTask.run(Unknown Source)
	at java.util.concurrent.ThreadPoolExecutor.runWorker(Unknown Source)
	at java.util.concurrent.ThreadPoolExecutor$Worker.run(Unknown Source)
	at java.lang.Thread.run(Unknown Source)
... Removed 22 stack frames</pre></div><a href='#' onClick='toggleBox("stack-trace1771649179", this, "Click to show all stack frames", "Click to hide stack frames")'>Click to show all stack frames</a>
<div class='stack-trace' id='stack-trace1771649179'><pre>java.lang.AssertionError: expected [Requested] but found [Active]
	at org.testng.Assert.fail(Assert.java:94)
	at org.testng.Assert.failNotEquals(Assert.java:513)
	at org.testng.Assert.assertEqualsImpl(Assert.java:135)
	at org.testng.Assert.assertEquals(Assert.java:116)
	at org.testng.Assert.assertEquals(Assert.java:190)
	at org.testng.Assert.assertEquals(Assert.java:200)
	at com.test.automation.OM_Automation.uiActions.FinalValidationOfOrderCompletion.orderStatusCheck(FinalValidationOfOrderCompletion.java:178)
	at com.test.automation.OM_Automation.uiActions.SubOrders.CreatedOrderValidationGeneric(SubOrders.java:297)
	at DUMMYDELETEIT.genericDriver.subOrdersValidationAndCompleteOrderInConsole(genericDriver.java:787)
	at TestDriver.TestExecutionDriver.TestCaseExecution(TestExecutionDriver.java:218)
	at sun.reflect.NativeMethodAccessorImpl.invoke0(Native Method)
	at sun.reflect.NativeMethodAccessorImpl.invoke(Unknown Source)
	at sun.reflect.DelegatingMethodAccessorImpl.invoke(Unknown Source)
	at java.lang.reflect.Method.invoke(Unknown Source)
	at org.testng.internal.MethodInvocationHelper.invokeMethod(MethodInvocationHelper.java:104)
	at org.testng.internal.Invoker.invokeMethod(Invoker.java:645)
	at org.testng.internal.Invoker.invokeTestMethod(Invoker.java:851)
	at org.testng.internal.Invoker.invokeTestMethods(Invoker.java:1177)
	at org.testng.internal.TestMethodWorker.invokeTestMethods(TestMethodWorker.java:129)
	at org.testng.internal.TestMethodWorker.run(TestMethodWorker.java:112)
	at org.testng.TestRunner.privateRun(TestRunner.java:756)
	at org.testng.TestRunner.run(TestRunner.java:610)
	at org.testng.SuiteRunner.runTest(SuiteRunner.java:387)
	at org.testng.SuiteRunner.access$000(SuiteRunner.java:39)
	at org.testng.SuiteRunner$SuiteWorker.run(SuiteRunner.java:421)
	at org.testng.internal.thread.ThreadUtil$2.call(ThreadUtil.java:64)
	at java.util.concurrent.FutureTask.run(Unknown Source)
	at java.util.concurrent.ThreadPoolExecutor.runWorker(Unknown Source)
	at java.util.concurrent.ThreadPoolExecutor$Worker.run(Unknown Source)
	at java.lang.Thread.run(Unknown Source)
</pre></div></td>
<td>306</td>
<td>TestDriver.TestExecutionDriver@2890c451</td></tr>
</table><p>
</body>
</html>