<?xml version="1.0" encoding="UTF-8"?>
<!-- Generated by org.testng.reporters.JUnitXMLReporter -->
<testsuite hostname="C3DES396" ignored="0" name="TC_07_Install_CF_with_1Gbits" tests="1" failures="0" timestamp="04 Dec 2017 07:52:32 GMT" time="637.937" errors="0">
  <testcase name="@AfterTest Aftertest" time="0.0" classname="TestDriver.TestExecutionDriver">
    <failure type="java.lang.IllegalArgumentException" message="wrong number of arguments">
      <![CDATA[java.lang.IllegalArgumentException: wrong number of arguments
	at java.util.concurrent.FutureTask.run(Unknown Source)
	at java.util.concurrent.ThreadPoolExecutor.runWorker(Unknown Source)
	at java.util.concurrent.ThreadPoolExecutor$Worker.run(Unknown Source)
	at java.lang.Thread.run(Unknown Source)
... Removed 14 stack frames]]>
    </failure>
  </testcase> <!-- @AfterTest Aftertest -->
  <testcase name="@AfterTest Aftertest" time="0.0" classname="TestDriver.TestExecutionDriver">
    <failure type="java.lang.IllegalArgumentException" message="wrong number of arguments">
      <![CDATA[java.lang.IllegalArgumentException: wrong number of arguments
	at java.util.concurrent.FutureTask.run(Unknown Source)
	at java.util.concurrent.ThreadPoolExecutor.runWorker(Unknown Source)
	at java.util.concurrent.ThreadPoolExecutor$Worker.run(Unknown Source)
	at java.lang.Thread.run(Unknown Source)
... Removed 14 stack frames]]>
    </failure>
  </testcase> <!-- @AfterTest Aftertest -->
  <testcase name="TestCaseExecution" time="590.482" classname="TestDriver.TestExecutionDriver"/>
</testsuite> <!-- TC_07_Install_CF_with_1Gbits -->
