<html>
<head>
<title>TestNG:  TC_14_Company_Voice_with_Company_Fiber</title>
<link href="../testng.css" rel="stylesheet" type="text/css" />
<link href="../my-testng.css" rel="stylesheet" type="text/css" />

<style type="text/css">
.log { display: none;} 
.stack-trace { display: none;} 
</style>
<script type="text/javascript">
<!--
function flip(e) {
  current = e.style.display;
  if (current == 'block') {
    e.style.display = 'none';
    return 0;
  }
  else {
    e.style.display = 'block';
    return 1;
  }
}

function toggleBox(szDivId, elem, msg1, msg2)
{
  var res = -1;  if (document.getElementById) {
    res = flip(document.getElementById(szDivId));
  }
  else if (document.all) {
    // this is the way old msie versions work
    res = flip(document.all[szDivId]);
  }
  if(elem) {
    if(res == 0) elem.innerHTML = msg1; else elem.innerHTML = msg2;
  }

}

function toggleAllBoxes() {
  if (document.getElementsByTagName) {
    d = document.getElementsByTagName('div');
    for (i = 0; i < d.length; i++) {
      if (d[i].className == 'log') {
        flip(d[i]);
      }
    }
  }
}

// -->
</script>

</head>
<body>
<h2 align='center'>TC_14_Company_Voice_with_Company_Fiber</h2><table border='1' align="center">
<tr>
<td>Tests passed/Failed/Skipped:</td><td>0/1/0</td>
</tr><tr>
<td>Started on:</td><td>Thu Jan 11 10:17:58 IST 2018</td>
</tr>
<tr><td>Total time:</td><td>688 seconds (688763 ms)</td>
</tr><tr>
<td>Included groups:</td><td></td>
</tr><tr>
<td>Excluded groups:</td><td></td>
</tr>
</table><p/>
<small><i>(Hover the method name to see the test class name)</i></small><p/>
<table width='100%' border='1' class='invocation-failed'>
<tr><td colspan='4' align='center'><b>FAILED TESTS</b></td></tr>
<tr><td><b>Test method</b></td>
<td width="30%"><b>Exception</b></td>
<td width="10%"><b>Time (seconds)</b></td>
<td><b>Instance</b></td>
</tr>
<tr>
<td title='TestDriver.TestExecutionDriver.TestCaseExecution()'><b>TestCaseExecution</b><br>Test class: TestDriver.TestExecutionDriver<br>Parameters: TC_14_Company_Voice_with_Company_Fiber<br/>
<a href="#Output-2112556072" onClick='toggleBox("Output-2112556072", this, "Show output", "Hide output");'>Show output</a>

<a href="#Output-2112556072" onClick="toggleAllBoxes();">Show all outputs</a>
<div class='log' id="Output-2112556072">
============= Strting VerifyLogin Test===========<br/>
entered email address:-vigneshkannan.v@prodapt.com.umuat and object is [[ChromeDriver: chrome on XP (a490840d85ed1bcc79d6e1de3393d5a8)] -> id: username]<br/>
entered password:-Password#007 and object is [[ChromeDriver: chrome on XP (a490840d85ed1bcc79d6e1de3393d5a8)] -> id: password]<br/>
clicked on sublit butto and object is:-Proxy element for: DefaultElementLocator 'By.id: Login'<br/>
============= Finished VerifyLoginTest===========<br/>
<a href='C:\Users\support\Desktop\JeevananthamCodeSetup\Backup-PerfectScriptAfterModification_UAT\B2B_OM_Automation_23-10-2017\B2B_OM_Automation\src\main\java\com\test\automation\OM_Automation\screenshot\verifyLoginRecords_11_01_2018_10_19_22.png'> <img src='C:\Users\support\Desktop\JeevananthamCodeSetup\Backup-PerfectScriptAfterModification_UAT\B2B_OM_Automation_23-10-2017\B2B_OM_Automation\src\main\java\com\test\automation\OM_Automation\screenshot\verifyLoginRecords_11_01_2018_10_19_22.png' height='100' width='100'/> </a><br/>
=========Lead creation started========<br/>
Leads tab clicked<br/>
New lead button clicked<br/>
Account name passed as  AMaLlMxN<br/>
Salutation selected<br/>
Firstname passed as fGIcb<br/>
last name passed as LEL<br/>
Legal Entity type selected<br/>
Email value passed<br/>
phone value passed<br/>
NationalID value Passed<br/>
Industry classification asC VERARBEITENDES GEWERBEselected<br/>
Detailed Industry as Getrankeherstellung selected><br/>
segment as SME selected<br/>
constructional Organization as Baden-Württemberg (BAW) selected<br/>
visit street as KREUZSTR selected<br/>
visit house number as 26 selected<br/>
visit city as FRANKFURT selected<br/>
postal code as 60435   selected><br/>
visit state/provience as HSN   selected<br/>
communication preference is selected as false<br/>
<-----------Lead was successfully created------><br/>
=========Lead has been Successfully created======<br/>
========Address Validation Starts========<br/>
Validate Address clicked<br/>
FindAddress clicked<br/>
Address selected<br/>
Available to provide service<br/>
========Address Validation Completed========<br/>
=========Opportunity conversion starts=======<br/>
clicked convert button in leads page<br/>
clicked convert button in convert lead page<br/>
clicked on opportunity created in accounts page<br/>
=========Opportunity successfully converted======<br/>
===========New CF Product Additoin starts========<br/>
New product basket button clicked in opportunity page<br/>
Addproduct button clicked in product configuration page<br/>
CF product selected<br/>
Address bar clicked<br/>
Customer Address search button clicked successfully<br/>
Customer Address successfully selected<br/>
Successfully added product to the basket and also confirmed<br/>
===========CF Product successfully added to cart========<br/>
===========CF Product Configuration starts========<br/>
Edit basket button clickedCompany Fiber<br/>
Edit basket button clicked<br/>
Iframe switched<br/>
Company fiber Product selected<br/>
Product description as [[ChromeDriver: chrome on XP (a490840d85ed1bcc79d6e1de3393d5a8)] -> xpath: .//*[@id='Allgemeine_Informationen:Product_Description_0'][contains(text(), 'Company Fiber')]] value loaded<br/>
Monthly charges value as 200 entered<br/>
Upfront fee chargees value as 100 entered<br/>
upload speed value as 50Mbit/s selected<br/>
Hardware selection element clicked<br/>
Hardware to be successfully selected<br/>
parent window switched<br/>
===========CF Product successfully configured===========<br/>
===========New CV Product Additoin starts========<br/>
Addproduct button clicked in product configuration page<br/>
CV product selected<br/>
Address bar clicked<br/>
Customer Address search button clicked successfully<br/>
Customer Address successfully selected<br/>
Successfully added product to the basket and also confirmed<br/>
===========CV Product successfully added to cart===========<br/>
===========CV Product Configuration starts========<br/>
Edit basket button clickedCompany Voice<br/>
Edit basket button clicked<br/>
Iframe switched<br/>
CV product configureation NEXT button clicked<br/>
CV NewNumberRange button clicked<br/>
Areacode value as 1 entered<br/>
MainNumber value as 1 entered<br/>
Extension start number as 1 Entered<br/>
Extension End number as 1 Entered<br/>
Amount of  number as 1 Entered<br/>
CV number ranges are successfully configured<br/>
CV Numbers continue button clicked<br/>
CV_numberrange status is visible <br/>
Fininsh button clicked<br/>
parent window switched<br/>
===========CV Product successfully configured========<br/>
===========Installation Information performs========<br/>
Installation infomatio icon clicked<br/>
Technincal contact lookup selected<br/>
 new window switched<br/>
resultsFrame switched<br/>
Technincal contact selected successfully<br/>
parent window switched successfully<br/>
Technical contact selected successfully<br/>
Set button clicked successfully<br/>
Wish data selected<br/>
Save button clicked<br/>
========Installation Information successfully configured============<br/>
===========Billing Account Assignment start performing========<br/>
Assign Billing Account button clicked<br/>
Account selected successfully<br/>
All account successfully checked in to set billing account<br/>
Account to be set successfully<br/>
Billing Account Successfully saved<br/>
========Billing Account Assignment was successfully configured============<br/>
===========Product Basket upload start performing========<br/>
Product Basket Successfully uploaded<br/>
========Billing Account Assignment was successfully configured============<br/>
===========Order Validation start performing========<br/>
Validate Order button clicekd<br/>
Browse file button clicked<br/>
Contract file browsed and added successfully<br/>
Signed contract upload file button clicked<br/>
Signed contract chekbox clicked<br/>
Order submitted successfully<br/>
========Order validation was successfully performed============<br/>
===========SUB-Order and complete Order in console start performing========<br/>
stage value is Ready for Order<br/>
Order stage is validated <br/>
Sub order page opened<br/>
The URL is https://cs83.salesforce.com/a134E000001Uop9<br/>
Suborder opened in new tab<br/>
control switched to new tab<br/>
SubOrder page refreshed to check whether case created or not<br/>
CASE STATUS:---> New<br/>
CASE ID:---> 00010131<br/>
inside try loop<br/>
Suborder opened in new tab<br/>
control switched to new tab<br/>
SubOrder page refreshed to check whether case created or not<br/>
CASE STATUS:---> New<br/>
CASE ID:---> 00010132<br/>
inside try loop<br/>
Suborder opened in new tab<br/>
control switched to new tab<br/>
Account page wait<br/>
Account page scrool<br/>
Account page opened<br/>
Account tab switch<br/>
Frame Id :RLPanelFrame<br/>
Value of i = 1<br/>
Frame Id :06658000001cRDG<br/>
Value of i = 2<br/>
Frame Id finalized is06658000001cRDG<br/>
Frame Id :<br/>
Value of i = 3<br/>
scroolbelowCloudSenseIFrame<br/>
frame switched in try<br/>
filterOutAllOrders<br/>
selectAllOption<br/>
Type of Order Company Fiber<br/>
Status for Order Company Fiber is Active<br/>
Type of Order Company Fiber<br/>
Status for Order Company Fiber is Active<br/>
Type of Order Company Voice<br/>
Status for Order Company Voice is Ready for Billing<br/>
</div>
</td>
<td><div><pre>java.lang.AssertionError: expected [Ready for Billing] but found [Requested]
	at com.test.automation.OM_Automation.uiActions.FinalValidationOfOrderCompletion.orderStatusCheck(FinalValidationOfOrderCompletion.java:148)
	at com.test.automation.OM_Automation.uiActions.SubOrders.CreatedOrderValidationGeneric(SubOrders.java:185)
	at DUMMYDELETEIT.genericDriver.subOrdersValidationAndCompleteOrderInConsole(genericDriver.java:669)
	at TestDriver.TestExecutionDriver.TestCaseExecution(TestExecutionDriver.java:190)
	at java.util.concurrent.FutureTask.run(Unknown Source)
	at java.util.concurrent.ThreadPoolExecutor.runWorker(Unknown Source)
	at java.util.concurrent.ThreadPoolExecutor$Worker.run(Unknown Source)
	at java.lang.Thread.run(Unknown Source)
... Removed 22 stack frames</pre></div><a href='#' onClick='toggleBox("stack-trace2112556072", this, "Click to show all stack frames", "Click to hide stack frames")'>Click to show all stack frames</a>
<div class='stack-trace' id='stack-trace2112556072'><pre>java.lang.AssertionError: expected [Ready for Billing] but found [Requested]
	at org.testng.Assert.fail(Assert.java:94)
	at org.testng.Assert.failNotEquals(Assert.java:513)
	at org.testng.Assert.assertEqualsImpl(Assert.java:135)
	at org.testng.Assert.assertEquals(Assert.java:116)
	at org.testng.Assert.assertEquals(Assert.java:190)
	at org.testng.Assert.assertEquals(Assert.java:200)
	at com.test.automation.OM_Automation.uiActions.FinalValidationOfOrderCompletion.orderStatusCheck(FinalValidationOfOrderCompletion.java:148)
	at com.test.automation.OM_Automation.uiActions.SubOrders.CreatedOrderValidationGeneric(SubOrders.java:185)
	at DUMMYDELETEIT.genericDriver.subOrdersValidationAndCompleteOrderInConsole(genericDriver.java:669)
	at TestDriver.TestExecutionDriver.TestCaseExecution(TestExecutionDriver.java:190)
	at sun.reflect.NativeMethodAccessorImpl.invoke0(Native Method)
	at sun.reflect.NativeMethodAccessorImpl.invoke(Unknown Source)
	at sun.reflect.DelegatingMethodAccessorImpl.invoke(Unknown Source)
	at java.lang.reflect.Method.invoke(Unknown Source)
	at org.testng.internal.MethodInvocationHelper.invokeMethod(MethodInvocationHelper.java:104)
	at org.testng.internal.Invoker.invokeMethod(Invoker.java:645)
	at org.testng.internal.Invoker.invokeTestMethod(Invoker.java:851)
	at org.testng.internal.Invoker.invokeTestMethods(Invoker.java:1177)
	at org.testng.internal.TestMethodWorker.invokeTestMethods(TestMethodWorker.java:129)
	at org.testng.internal.TestMethodWorker.run(TestMethodWorker.java:112)
	at org.testng.TestRunner.privateRun(TestRunner.java:756)
	at org.testng.TestRunner.run(TestRunner.java:610)
	at org.testng.SuiteRunner.runTest(SuiteRunner.java:387)
	at org.testng.SuiteRunner.access$000(SuiteRunner.java:39)
	at org.testng.SuiteRunner$SuiteWorker.run(SuiteRunner.java:421)
	at org.testng.internal.thread.ThreadUtil$2.call(ThreadUtil.java:64)
	at java.util.concurrent.FutureTask.run(Unknown Source)
	at java.util.concurrent.ThreadPoolExecutor.runWorker(Unknown Source)
	at java.util.concurrent.ThreadPoolExecutor$Worker.run(Unknown Source)
	at java.lang.Thread.run(Unknown Source)
</pre></div></td>
<td>629</td>
<td>TestDriver.TestExecutionDriver@4ae3c1cd</td></tr>
</table><p>
</body>
</html>