<?xml version="1.0" encoding="UTF-8"?>
<!-- Generated by org.testng.reporters.JUnitXMLReporter -->
<testsuite hostname="C4LAP149" ignored="0" name="TC_18_CompanyInternet_With_Addon_With_PowerSpot_Automatic" tests="1" failures="1" timestamp="11 Jan 2018 05:29:29 GMT" time="508.674" errors="0">
  <testcase name="TestCaseExecution" time="451.58" classname="TestDriver.TestExecutionDriver">
    <failure type="java.lang.AssertionError" message="expected [Requested] but found [Active]">
      <![CDATA[java.lang.AssertionError: expected [Requested] but found [Active]
	at com.test.automation.OM_Automation.uiActions.FinalValidationOfOrderCompletion.orderStatusCheck(FinalValidationOfOrderCompletion.java:166)
	at com.test.automation.OM_Automation.uiActions.SubOrders.CreatedOrderValidationGeneric(SubOrders.java:185)
	at DUMMYDELETEIT.genericDriver.subOrdersValidationAndCompleteOrderInConsole(genericDriver.java:669)
	at TestDriver.TestExecutionDriver.TestCaseExecution(TestExecutionDriver.java:190)
	at java.util.concurrent.FutureTask.run(Unknown Source)
	at java.util.concurrent.ThreadPoolExecutor.runWorker(Unknown Source)
	at java.util.concurrent.ThreadPoolExecutor$Worker.run(Unknown Source)
	at java.lang.Thread.run(Unknown Source)
... Removed 22 stack frames]]>
    </failure>
  </testcase> <!-- TestCaseExecution -->
</testsuite> <!-- TC_18_CompanyInternet_With_Addon_With_PowerSpot_Automatic -->
