<html>
<head>
<title>TestNG:  TC_11_Company_Voice_with_Company_Fiber</title>
<link href="../testng.css" rel="stylesheet" type="text/css" />
<link href="../my-testng.css" rel="stylesheet" type="text/css" />

<style type="text/css">
.log { display: none;} 
.stack-trace { display: none;} 
</style>
<script type="text/javascript">
<!--
function flip(e) {
  current = e.style.display;
  if (current == 'block') {
    e.style.display = 'none';
    return 0;
  }
  else {
    e.style.display = 'block';
    return 1;
  }
}

function toggleBox(szDivId, elem, msg1, msg2)
{
  var res = -1;  if (document.getElementById) {
    res = flip(document.getElementById(szDivId));
  }
  else if (document.all) {
    // this is the way old msie versions work
    res = flip(document.all[szDivId]);
  }
  if(elem) {
    if(res == 0) elem.innerHTML = msg1; else elem.innerHTML = msg2;
  }

}

function toggleAllBoxes() {
  if (document.getElementsByTagName) {
    d = document.getElementsByTagName('div');
    for (i = 0; i < d.length; i++) {
      if (d[i].className == 'log') {
        flip(d[i]);
      }
    }
  }
}

// -->
</script>

</head>
<body>
<h2 align='center'>TC_11_Company_Voice_with_Company_Fiber</h2><table border='1' align="center">
<tr>
<td>Tests passed/Failed/Skipped:</td><td>1/0/0</td>
</tr><tr>
<td>Started on:</td><td>Mon Mar 05 10:52:35 IST 2018</td>
</tr>
<tr><td>Total time:</td><td>493 seconds (493194 ms)</td>
</tr><tr>
<td>Included groups:</td><td></td>
</tr><tr>
<td>Excluded groups:</td><td></td>
</tr>
</table><p/>
<small><i>(Hover the method name to see the test class name)</i></small><p/>
<table width='100%' border='1' class='invocation-passed'>
<tr><td colspan='4' align='center'><b>PASSED TESTS</b></td></tr>
<tr><td><b>Test method</b></td>
<td width="30%"><b>Exception</b></td>
<td width="10%"><b>Time (seconds)</b></td>
<td><b>Instance</b></td>
</tr>
<tr>
<td title='TestDriver.TestExecutionDriver.TestCaseExecution()'><b>TestCaseExecution</b><br>Test class: TestDriver.TestExecutionDriver<br>Parameters: TC_11_Company_Voice_with_Company_Fiber<br/>
<a href="#Output-390980476" onClick='toggleBox("Output-390980476", this, "Show output", "Hide output");'>Show output</a>

<a href="#Output-390980476" onClick="toggleAllBoxes();">Show all outputs</a>
<div class='log' id="Output-390980476">
============= Strting VerifyLogin Test===========<br/>
entered email address:-ramsuratkumar.mk@prodapt.com.umstdemo and object is [[ChromeDriver: chrome on XP (a31f362fedf50633d49e93d4569f31af)] -> id: username]<br/>
entered password:-Panasonic#9876 and object is [[ChromeDriver: chrome on XP (a31f362fedf50633d49e93d4569f31af)] -> id: password]<br/>
clicked on sublit butto and object is:-Proxy element for: DefaultElementLocator 'By.id: Login'<br/>
============= Finished VerifyLoginTest===========<br/>
<a href='D:\ramsuratkumar.mk\Desktop\MACDCodesUpdated\Backup-PerfectScriptAfterModification_SIT\B2B_OM_Automation_23-10-2017\B2B_OM_Automation\src\main\java\com\test\automation\OM_Automation\screenshot\verifyLoginRecords_05_03_2018_10_53_26.png'> <img src='D:\ramsuratkumar.mk\Desktop\MACDCodesUpdated\Backup-PerfectScriptAfterModification_SIT\B2B_OM_Automation_23-10-2017\B2B_OM_Automation\src\main\java\com\test\automation\OM_Automation\screenshot\verifyLoginRecords_05_03_2018_10_53_26.png' height='100' width='100'/> </a><br/>
=========Lead creation started========<br/>
Leads tab clicked<br/>
New lead button clicked<br/>
Account name passed as  CqPLrxCR<br/>
Salutation selected<br/>
Firstname passed as mOMFy<br/>
last name passed as rQg<br/>
Legal Entity type selected<br/>
Email value passed<br/>
phone value passed<br/>
NationalID value Passed<br/>
Industry classification asC VERARBEITENDES GEWERBEselected<br/>
Detailed Industry as Getrankeherstellung selected><br/>
segment as SME selected<br/>
constructional Organization as Baden-Württemberg (BAW) selected<br/>
visit street as KREUZSTR selected<br/>
visit house number as 26 selected<br/>
visit city as FRANKFURT selected<br/>
postal code as 60435   selected><br/>
visit state/provience as HSN   selected<br/>
communication preference is selected as false<br/>
<-----------Lead was successfully created------><br/>
=========Lead has been Successfully created======<br/>
========Address Validation Starts========<br/>
Validate Address clicked<br/>
FindAddress clicked<br/>
Address selected<br/>
Available to provide service<br/>
========Address Validation Completed========<br/>
=========Opportunity conversion starts=======<br/>
clicked convert button in leads page<br/>
clicked convert button in convert lead page<br/>
clicked on opportunity created in accounts page<br/>
=========Opportunity successfully converted======<br/>
===========New CF Product Additoin starts========<br/>
New product basket button clicked in opportunity page<br/>
Addproduct button clicked in product configuration page<br/>
CF product selected<br/>
Address bar clicked<br/>
Customer Address search button clicked successfully<br/>
Customer Address successfully selected<br/>
Successfully added product to the basket and also confirmed<br/>
===========CF Product successfully added to cart========<br/>
===========CF Product Configuration starts========<br/>
Edit basket button clicked Company Fiber<br/>
Edit basket button clicked<br/>
Iframe switched<br/>
Company fiber Product selected<br/>
Upfront fee chargees value as 100 entered<br/>
Monthly charges value as 200 entered<br/>
Company fiber Upload Speed Selection Prerequsite Button is clicked<br/>
CF_AddonsToBeAdded Access<br/>
Company fiber Service selected as Access<br/>
upload speed value as 50 selected<br/>
WirknetzIPv4 Service selected as 30 - 1 nutzbare IP-Adresse<br/>
WirknetzIPv4 Service selected as 30 - 1 nutzbare IP-Adresse<br/>
WirknetzIPv6 Service selected as 56 - 256 nutzbare Subnetze<br/>
TransfernetzIPv4 Service selected as Wird bereitgestellt von Unitymedia<br/>
TransfernetzIPv6 Service selected as Wird bereitgestellt von Unitymedia<br/>
CF product configuration continue button clicked<br/>
CF product configuration finsh button clicked<br/>
parent window switched<br/>
===========CF Product successfully configured===========<br/>
===========New CV Product Additoin starts========<br/>
Addproduct button clicked in product configuration page<br/>
CV product selected<br/>
Address bar clicked<br/>
Customer Address search button clicked successfully<br/>
Customer Address successfully selected<br/>
Successfully added product to the basket and also confirmed<br/>
===========CV Product successfully added to cart===========<br/>
===========CV Product Configuration starts========<br/>
Edit basket button clicked Company Voice<br/>
Edit basket button clicked<br/>
Iframe switched<br/>
CV product configureation NEXT button clicked<br/>
CV NewNumberRange button clicked<br/>
Areacode value as 0055 entered<br/>
MainNumber value as 657 entered<br/>
Extension start number as 687 Entered<br/>
Extension End number as 687 Entered<br/>
CV number ranges are successfully configured<br/>
CV Numbers continue button clicked<br/>
CV product configureation NEXT button clicked<br/>
CV_numberrange status is visible <br/>
Fininsh button clicked<br/>
parent window switched<br/>
===========CV Product successfully configured========<br/>
===========Installation Information performs========<br/>
Installation infomatio icon clicked<br/>
Technincal contact lookup selected<br/>
 new window switched<br/>
resultsFrame switched<br/>
Technincal contact selected successfully<br/>
parent window switched successfully<br/>
Technical contact selected successfully<br/>
Set button clicked successfully<br/>
Consulting ID passed<br/>
Industry classification as Erforderlich selected<br/>
Save button clicked<br/>
========Installation Information successfully configured============<br/>
===========Billing Account Assignment start performing========<br/>
Assign Billing Account button clicked<br/>
Account selected successfully<br/>
All account successfully checked in to set billing account<br/>
Account to be set successfully<br/>
Billing Account Successfully saved<br/>
========Billing Account Assignment was successfully configured============<br/>
===========Product Basket upload start performing========<br/>
Product Basket Successfully uploaded<br/>
========Billing Account Assignment was successfully configured============<br/>
===========Order Validation start performing========<br/>
Validate Order button clicekd<br/>
Signed contract chekbox clicked<br/>
Order submitted successfully<br/>
========Order validation was successfully performed============<br/>
===========SUB-Order and complete Order in console start performing========<br/>
stage value is Ready for Order<br/>
Order stage is validated <br/>
Sub order page opened<br/>
The URL is https://cs89.salesforce.com/a130E00000075kV<br/>
tempDecisionMaker Company Fiber<br/>
Suborder opened in new tab<br/>
control switched to new tab<br/>
SubOrder page refreshed to check whether case created or not<br/>
case status differs org.openqa.selenium.NoSuchElementException: no such element: Unable to locate element: {"method":"xpath","selector":"html/body/div[1]/div[2]/table/tbody/tr/td[2]/div[6]/div[1]/div/div[2]/table/tbody/tr[2]/td[5]"}
  (Session info: chrome=64.0.3282.186)
  (Driver info: chromedriver=2.33.506120 (e3e53437346286c0bc2d2dc9aa4915ba81d9023f),platform=Windows NT 6.1.7601 SP1 x86_64) (WARNING: The server did not provide any stacktrace information)
Command duration or timeout: 42 milliseconds
For documentation on this error, please visit: http://seleniumhq.org/exceptions/no_such_element.html
Build info: version: '3.0.1', revision: '1969d75', time: '2016-10-18 09:49:13 -0700'
System info: host: 'C3DES396', ip: '192.168.28.67', os.name: 'Windows 7', os.arch: 'amd64', os.version: '6.1', java.version: '1.8.0_144'
Driver info: org.openqa.selenium.chrome.ChromeDriver
Capabilities [{applicationCacheEnabled=false, rotatable=false, mobileEmulationEnabled=false, networkConnectionEnabled=false, chrome={chromedriverVersion=2.33.506120 (e3e53437346286c0bc2d2dc9aa4915ba81d9023f), userDataDir=C:\Users\RAMSUR~1.MK\AppData\Local\Temp\scoped_dir11816_23909}, takesHeapSnapshot=true, pageLoadStrategy=normal, databaseEnabled=false, handlesAlerts=true, hasTouchScreen=false, version=64.0.3282.186, platform=XP, browserConnectionEnabled=false, nativeEvents=true, acceptSslCerts=true, locationContextEnabled=true, webStorageEnabled=true, browserName=chrome, takesScreenshot=true, javascriptEnabled=true, cssSelectorsEnabled=true, setWindowRect=true, unexpectedAlertBehaviour=}]
Session ID: a31f362fedf50633d49e93d4569f31af
*** Element info: {Using=xpath, value=html/body/div[1]/div[2]/table/tbody/tr/td[2]/div[6]/div[1]/div/div[2]/table/tbody/tr[2]/td[5]}<br/>
No case id was created due to org.openqa.selenium.NoSuchElementException: no such element: Unable to locate element: {"method":"xpath","selector":"html/body/div[1]/div[2]/table/tbody/tr/td[2]/div[6]/div[1]/div/div[2]/table/tbody/tr[2]/th/a"}
  (Session info: chrome=64.0.3282.186)
  (Driver info: chromedriver=2.33.506120 (e3e53437346286c0bc2d2dc9aa4915ba81d9023f),platform=Windows NT 6.1.7601 SP1 x86_64) (WARNING: The server did not provide any stacktrace information)
Command duration or timeout: 20 milliseconds
For documentation on this error, please visit: http://seleniumhq.org/exceptions/no_such_element.html
Build info: version: '3.0.1', revision: '1969d75', time: '2016-10-18 09:49:13 -0700'
System info: host: 'C3DES396', ip: '192.168.28.67', os.name: 'Windows 7', os.arch: 'amd64', os.version: '6.1', java.version: '1.8.0_144'
Driver info: org.openqa.selenium.chrome.ChromeDriver
Capabilities [{applicationCacheEnabled=false, rotatable=false, mobileEmulationEnabled=false, networkConnectionEnabled=false, chrome={chromedriverVersion=2.33.506120 (e3e53437346286c0bc2d2dc9aa4915ba81d9023f), userDataDir=C:\Users\RAMSUR~1.MK\AppData\Local\Temp\scoped_dir11816_23909}, takesHeapSnapshot=true, pageLoadStrategy=normal, databaseEnabled=false, handlesAlerts=true, hasTouchScreen=false, version=64.0.3282.186, platform=XP, browserConnectionEnabled=false, nativeEvents=true, acceptSslCerts=true, locationContextEnabled=true, webStorageEnabled=true, browserName=chrome, takesScreenshot=true, javascriptEnabled=true, cssSelectorsEnabled=true, setWindowRect=true, unexpectedAlertBehaviour=}]
Session ID: a31f362fedf50633d49e93d4569f31af
*** Element info: {Using=xpath, value=html/body/div[1]/div[2]/table/tbody/tr/td[2]/div[6]/div[1]/div/div[2]/table/tbody/tr[2]/th/a}<br/>
tempDecisionMaker Company Voice<br/>
Suborder opened in new tab<br/>
control switched to new tab<br/>
SubOrder page refreshed to check whether case created or not<br/>
CASE STATUS:---> New<br/>
CASE ID:---> 00012622<br/>
inside try loop<br/>
Close button and the case closed in console<br/>
tempDecisionMaker Access 50 Gold<br/>
Suborder opened in new tab<br/>
control switched to new tab<br/>
SubOrder page refreshed to check whether case created or not<br/>
case status differs org.openqa.selenium.NoSuchElementException: no such element: Unable to locate element: {"method":"xpath","selector":"html/body/div[1]/div[2]/table/tbody/tr/td[2]/div[6]/div[1]/div/div[2]/table/tbody/tr[2]/td[5]"}
  (Session info: chrome=64.0.3282.186)
  (Driver info: chromedriver=2.33.506120 (e3e53437346286c0bc2d2dc9aa4915ba81d9023f),platform=Windows NT 6.1.7601 SP1 x86_64) (WARNING: The server did not provide any stacktrace information)
Command duration or timeout: 38 milliseconds
For documentation on this error, please visit: http://seleniumhq.org/exceptions/no_such_element.html
Build info: version: '3.0.1', revision: '1969d75', time: '2016-10-18 09:49:13 -0700'
System info: host: 'C3DES396', ip: '192.168.28.67', os.name: 'Windows 7', os.arch: 'amd64', os.version: '6.1', java.version: '1.8.0_144'
Driver info: org.openqa.selenium.chrome.ChromeDriver
Capabilities [{applicationCacheEnabled=false, rotatable=false, mobileEmulationEnabled=false, networkConnectionEnabled=false, chrome={chromedriverVersion=2.33.506120 (e3e53437346286c0bc2d2dc9aa4915ba81d9023f), userDataDir=C:\Users\RAMSUR~1.MK\AppData\Local\Temp\scoped_dir11816_23909}, takesHeapSnapshot=true, pageLoadStrategy=normal, databaseEnabled=false, handlesAlerts=true, hasTouchScreen=false, version=64.0.3282.186, platform=XP, browserConnectionEnabled=false, nativeEvents=true, acceptSslCerts=true, locationContextEnabled=true, webStorageEnabled=true, browserName=chrome, takesScreenshot=true, javascriptEnabled=true, cssSelectorsEnabled=true, setWindowRect=true, unexpectedAlertBehaviour=}]
Session ID: a31f362fedf50633d49e93d4569f31af
*** Element info: {Using=xpath, value=html/body/div[1]/div[2]/table/tbody/tr/td[2]/div[6]/div[1]/div/div[2]/table/tbody/tr[2]/td[5]}<br/>
No case id was created due to org.openqa.selenium.NoSuchElementException: no such element: Unable to locate element: {"method":"xpath","selector":"html/body/div[1]/div[2]/table/tbody/tr/td[2]/div[6]/div[1]/div/div[2]/table/tbody/tr[2]/th/a"}
  (Session info: chrome=64.0.3282.186)
  (Driver info: chromedriver=2.33.506120 (e3e53437346286c0bc2d2dc9aa4915ba81d9023f),platform=Windows NT 6.1.7601 SP1 x86_64) (WARNING: The server did not provide any stacktrace information)
Command duration or timeout: 16 milliseconds
For documentation on this error, please visit: http://seleniumhq.org/exceptions/no_such_element.html
Build info: version: '3.0.1', revision: '1969d75', time: '2016-10-18 09:49:13 -0700'
System info: host: 'C3DES396', ip: '192.168.28.67', os.name: 'Windows 7', os.arch: 'amd64', os.version: '6.1', java.version: '1.8.0_144'
Driver info: org.openqa.selenium.chrome.ChromeDriver
Capabilities [{applicationCacheEnabled=false, rotatable=false, mobileEmulationEnabled=false, networkConnectionEnabled=false, chrome={chromedriverVersion=2.33.506120 (e3e53437346286c0bc2d2dc9aa4915ba81d9023f), userDataDir=C:\Users\RAMSUR~1.MK\AppData\Local\Temp\scoped_dir11816_23909}, takesHeapSnapshot=true, pageLoadStrategy=normal, databaseEnabled=false, handlesAlerts=true, hasTouchScreen=false, version=64.0.3282.186, platform=XP, browserConnectionEnabled=false, nativeEvents=true, acceptSslCerts=true, locationContextEnabled=true, webStorageEnabled=true, browserName=chrome, takesScreenshot=true, javascriptEnabled=true, cssSelectorsEnabled=true, setWindowRect=true, unexpectedAlertBehaviour=}]
Session ID: a31f362fedf50633d49e93d4569f31af
*** Element info: {Using=xpath, value=html/body/div[1]/div[2]/table/tbody/tr/td[2]/div[6]/div[1]/div/div[2]/table/tbody/tr[2]/th/a}<br/>
Suborder opened in new tab<br/>
control switched to new tab<br/>
Account page wait<br/>
Account page scrool<br/>
Account page opened<br/>
Account tab switch<br/>
Frame Id :RLPanelFrame<br/>
Value of i = 1<br/>
Frame Id :06658000001cRDG<br/>
Value of i = 2<br/>
Frame Id finalized is06658000001cRDG<br/>
Frame Id :<br/>
Value of i = 3<br/>
scroolbelowCloudSenseIFrame<br/>
frame switched in try<br/>
filterOutAllOrders<br/>
selectAllOption<br/>
Type of Order Company Fiber<br/>
Status for Order Company Fiber is Provisioned<br/>
Type of Order Company Fiber<br/>
Status for Order Company Fiber is Provisioned<br/>
Type of Order Company Voice<br/>
Status for Order Company Voice is Active<br/>
========SUB-Order and complete Order in console was successfully performed============<br/>
</div>
</td>
<td></td>
<td>460</td>
<td>TestDriver.TestExecutionDriver@1a052a00</td></tr>
</table><p>
</body>
</html>