<?xml version="1.0" encoding="UTF-8"?>
<!-- Generated by org.testng.reporters.JUnitXMLReporter -->
<testsuite hostname="C3DES396" ignored="0" name="TC_20_OfficeInternet_With_Addons" tests="1" failures="1" timestamp="05 Mar 2018 06:13:31 GMT" time="394.174" errors="0">
  <testcase name="TestCaseExecution" time="384.856" classname="TestDriver.TestExecutionDriver">
    <failure type="java.lang.AssertionError" message=" failed">
      <![CDATA[java.lang.AssertionError:  failed
	at DUMMYDELETEIT.genericDriver.OI_ProductBasketAddonsAddtion(genericDriver.java:651)
	at TestDriver.TestExecutionDriver.TestCaseExecution(TestExecutionDriver.java:215)
	at java.util.concurrent.FutureTask.run(Unknown Source)
	at java.util.concurrent.ThreadPoolExecutor.runWorker(Unknown Source)
	at java.util.concurrent.ThreadPoolExecutor$Worker.run(Unknown Source)
	at java.lang.Thread.run(Unknown Source)
... Removed 17 stack frames]]>
    </failure>
  </testcase> <!-- TestCaseExecution -->
</testsuite> <!-- TC_20_OfficeInternet_With_Addons -->
