<?xml version="1.0" encoding="UTF-8"?>
<!-- Generated by org.testng.reporters.JUnitXMLReporter -->
<testsuite hostname="C3DES396" ignored="0" name="TC_23_Install_OI_with_P_50" tests="1" failures="1" timestamp="24 Nov 2017 13:11:44 GMT" time="404.216" errors="0">
  <testcase name="TestCaseExecution" time="373.985" classname="TestDriver.TestExecutionDriver">
    <failure type="java.lang.AssertionError" message=" failed">
      <![CDATA[java.lang.AssertionError:  failed
	at DUMMYDELETEIT.genericDriver.installationInformation(genericDriver.java:426)
	at TestDriver.TestExecutionDriver.TestCaseExecution(TestExecutionDriver.java:156)
	at java.util.concurrent.FutureTask.run(Unknown Source)
	at java.util.concurrent.ThreadPoolExecutor.runWorker(Unknown Source)
	at java.util.concurrent.ThreadPoolExecutor$Worker.run(Unknown Source)
	at java.lang.Thread.run(Unknown Source)
... Removed 17 stack frames]]>
    </failure>
  </testcase> <!-- TestCaseExecution -->
</testsuite> <!-- TC_23_Install_OI_with_P_50 -->
