<?xml version="1.0" encoding="UTF-8"?>
<!-- Generated by org.testng.reporters.JUnitXMLReporter -->
<testsuite hostname="C4LAP149" ignored="0" name="TC_23_Company_Internet_with_Powerspot_with_Company_Voice_Manual" tests="1" failures="1" timestamp="11 Jan 2018 06:12:42 GMT" time="747.913" errors="0">
  <testcase name="TestCaseExecution" time="683.731" classname="TestDriver.TestExecutionDriver">
    <failure type="java.lang.AssertionError" message="expected [Requested] but found [Active]">
      <![CDATA[java.lang.AssertionError: expected [Requested] but found [Active]
	at com.test.automation.OM_Automation.uiActions.FinalValidationOfOrderCompletion.orderStatusCheck(FinalValidationOfOrderCompletion.java:124)
	at com.test.automation.OM_Automation.uiActions.SubOrders.CreatedOrderValidationGeneric(SubOrders.java:185)
	at DUMMYDELETEIT.genericDriver.subOrdersValidationAndCompleteOrderInConsole(genericDriver.java:669)
	at TestDriver.TestExecutionDriver.TestCaseExecution(TestExecutionDriver.java:190)
	at java.util.concurrent.FutureTask.run(Unknown Source)
	at java.util.concurrent.ThreadPoolExecutor.runWorker(Unknown Source)
	at java.util.concurrent.ThreadPoolExecutor$Worker.run(Unknown Source)
	at java.lang.Thread.run(Unknown Source)
... Removed 22 stack frames]]>
    </failure>
  </testcase> <!-- TestCaseExecution -->
</testsuite> <!-- TC_23_Company_Internet_with_Powerspot_with_Company_Voice_Manual -->
