<h2>Reporter output</h2><table><tr><td>entered email address:-pprabakaran@lg.com.jit and object is [[ChromeDriver: chrome on XP (25f3e7cd150880c7d8cfd8abff84b27d)] -> id: username]</td></tr>
<tr><td>entered password:-Prodapt@!4 and object is [[ChromeDriver: chrome on XP (25f3e7cd150880c7d8cfd8abff84b27d)] -> id: password]</td></tr>
<tr><td>clicked on sublit butto and object is:-Proxy element for: DefaultElementLocator 'By.id: Login'</td></tr>
<tr><td><a href='D:\DE_Catalyst\OM\OM_Automation\B2B_OM_Automation\src\main\java\com\test\automation\OM_Automation\screenshot\verifyLoginRecords_05_10_2017_09_26_07.png'> <img src='D:\DE_Catalyst\OM\OM_Automation\B2B_OM_Automation\src\main\java\com\test\automation\OM_Automation\screenshot\verifyLoginRecords_05_10_2017_09_26_07.png' height='100' width='100'/> </a></td></tr>
<tr><td>entered email address:-pprabakaran@lg.com.jit and object is [[ChromeDriver: chrome on XP (4456e1132ae495a3602ac848076068a4)] -> id: username]</td></tr>
<tr><td>entered password:-Prodapt@!4 and object is [[ChromeDriver: chrome on XP (4456e1132ae495a3602ac848076068a4)] -> id: password]</td></tr>
<tr><td>clicked on sublit butto and object is:-Proxy element for: DefaultElementLocator 'By.id: Login'</td></tr>
<tr><td><a href='D:\DE_Catalyst\OM\OM_Automation\B2B_OM_Automation\src\main\java\com\test\automation\OM_Automation\screenshot\verifyLoginRecords_05_10_2017_09_26_41.png'> <img src='D:\DE_Catalyst\OM\OM_Automation\B2B_OM_Automation\src\main\java\com\test\automation\OM_Automation\screenshot\verifyLoginRecords_05_10_2017_09_26_41.png' height='100' width='100'/> </a></td></tr>
<tr><td>Leads tab clicked</td></tr>
<tr><td>New lead button clicked</td></tr>
<tr><td>Account name passed</td></tr>
<tr><td>Salutation selected</td></tr>
<tr><td>Firstname passed</td></tr>
<tr><td>last name passed</td></tr>
<tr><td>Legal Entity type selected</td></tr>
<tr><td>Email value passed</td></tr>
<tr><td>phone value passed</td></tr>
<tr><td>NationalID value Passed</td></tr>
<tr><td>Industry classification asC VERARBEITENDES GEWERBEselected</td></tr>
<tr><td>Detailed Industry as Getrankeherstellung selected></td></tr>
<tr><td>segment as SME selected</td></tr>
<tr><td>constructional Organization as Baden-Württemberg (BAW) selected</td></tr>
<tr><td>visit street as Wichterichstr. selected</td></tr>
<tr><td>visit house number as 24 selected</td></tr>
<tr><td>visit city as KÖLN selected</td></tr>
<tr><td>postal code as 50937   selected></td></tr>
<tr><td>visit state/provience as BW   selected</td></tr>
<tr><td><-----------Lead was successfully created------></td></tr>
<tr><td>Leads tab clicked</td></tr>
<tr><td>New lead button clicked</td></tr>
<tr><td>Account name passed</td></tr>
<tr><td>Salutation selected</td></tr>
<tr><td>Firstname passed</td></tr>
<tr><td>last name passed</td></tr>
<tr><td>Legal Entity type selected</td></tr>
<tr><td>Email value passed</td></tr>
<tr><td>phone value passed</td></tr>
<tr><td>NationalID value Passed</td></tr>
<tr><td>Industry classification asC VERARBEITENDES GEWERBEselected</td></tr>
<tr><td>Detailed Industry as Getrankeherstellung selected></td></tr>
<tr><td>segment as SME selected</td></tr>
<tr><td>constructional Organization as Baden-Württemberg (BAW) selected</td></tr>
<tr><td>visit street as Wichterichstr. selected</td></tr>
<tr><td>visit house number as 24 selected</td></tr>
<tr><td>visit city as KÖLN selected</td></tr>
<tr><td>postal code as 50937   selected></td></tr>
<tr><td>visit state/provience as BW   selected</td></tr>
<tr><td><-----------Lead was successfully created------></td></tr>
<tr><td>Validate Address clicked</td></tr>
<tr><td>FindAddress clicked</td></tr>
<tr><td>Address selected</td></tr>
<tr><td>Adress or sevice availablity issue---Please check the address</td></tr>
<tr><td>Address Validated</td></tr>
<tr><td>Validate Address clicked</td></tr>
<tr><td>FindAddress clicked</td></tr>
<tr><td>Address selected</td></tr>
<tr><td>Adress or sevice availablity issue---Please check the address</td></tr>
<tr><td>Address Validated</td></tr>
<tr><td>clicked convert button in leads page</td></tr>
<tr><td>clicked convert button in convert lead page</td></tr>
<tr><td>clicked on opportunity created in accounts page</td></tr>
<tr><td>Opportunity converted</td></tr>
<tr><td>clicked convert button in leads page</td></tr>
<tr><td>clicked convert button in convert lead page</td></tr>
<tr><td>clicked on opportunity created in accounts page</td></tr>
<tr><td>Opportunity converted</td></tr>
<tr><td>New product basket button clicked in opportunity page</td></tr>
<tr><td>Addproduct button clicked in product configuration page</td></tr>
<tr><td>CF product selected</td></tr>
<tr><td>Address bar clicked</td></tr>
<tr><td>Customer Address search button clicked successfully</td></tr>
<tr><td>Customer Address successfully selected</td></tr>
<tr><td>Successfully added product to the basket and also confirmed</td></tr>
<tr><td>Product successfully added to cart</td></tr>
<tr><td>New product basket button clicked in opportunity page</td></tr>
<tr><td>Addproduct button clicked in product configuration page</td></tr>
<tr><td>CF product selected</td></tr>
<tr><td>Address bar clicked</td></tr>
<tr><td>Customer Address search button clicked successfully</td></tr>
<tr><td>Customer Address successfully selected</td></tr>
<tr><td>Successfully added product to the basket and also confirmed</td></tr>
<tr><td>Product successfully added to cart</td></tr>
<tr><td>Edit basket button clicked</td></tr>
<tr><td>Iframe switched</td></tr>
<tr><td>Company fiber Product selected</td></tr>
<tr><td>Product description as [[ChromeDriver: chrome on XP (25f3e7cd150880c7d8cfd8abff84b27d)] -> xpath: .//*[@id='Allgemeine_Informationen:Product_Description_0'][contains(text(), 'Company Fiber')]] value loaded</td></tr>
<tr><td>Monthly charges value as 200 entered</td></tr>
<tr><td>Upfront fee chargees value as 100 entered</td></tr>
<tr><td>upload speed value as 4096 selected</td></tr>
<tr><td>Hardware selection element clicked</td></tr>
<tr><td>Hardware to be successfully selected</td></tr>
<tr><td>parent window switched</td></tr>
<tr><td>CF Product successfully configured</td></tr>
<tr><td>Edit basket button clicked</td></tr>
<tr><td>Iframe switched</td></tr>
<tr><td>Company fiber Product selected</td></tr>
<tr><td>Product description as [[ChromeDriver: chrome on XP (4456e1132ae495a3602ac848076068a4)] -> xpath: .//*[@id='Allgemeine_Informationen:Product_Description_0'][contains(text(), 'Company Fiber')]] value loaded</td></tr>
<tr><td>Monthly charges value as 200 entered</td></tr>
<tr><td>Upfront fee chargees value as 100 entered</td></tr>
<tr><td>upload speed value as 4096 selected</td></tr>
<tr><td>Hardware selection element clicked</td></tr>
<tr><td>Hardware to be successfully selected</td></tr>
<tr><td>parent window switched</td></tr>
<tr><td>CF Product successfully configured</td></tr>
<tr><td>Addproduct button clicked in product configuration page</td></tr>
<tr><td>CV product selected</td></tr>
<tr><td>Address bar clicked</td></tr>
<tr><td>Customer Address search button clicked successfully</td></tr>
<tr><td>Customer Address successfully selected</td></tr>
<tr><td>Successfully added product to the basket and also confirmed</td></tr>
<tr><td>Product successfully added to cart</td></tr>
<tr><td>Installation infomatio icon clicked</td></tr>
<tr><td>Technincal contact lookup selected</td></tr>
<tr><td> new window switched</td></tr>
<tr><td>resultsFrame switched</td></tr>
<tr><td>Technincal contact selected successfully</td></tr>
<tr><td>parent window switched successfully</td></tr>
<tr><td>Technical contact selected successfully</td></tr>
<tr><td>Set button clicked successfully</td></tr>
<tr><td>Wish data selected</td></tr>
<tr><td>Save button clicked</td></tr>
<tr><td>========Installation Information successfully configured============</td></tr>
<tr><td>Edit basket button clicked</td></tr>
<tr><td>Iframe switched</td></tr>
<tr><td>CV product configureation NEXT button clicked</td></tr>
<tr><td>CV NewNumberRange button clicked</td></tr>
<tr><td>Areacode value as 1 entered</td></tr>
<tr><td>MainNumber value as 1 entered</td></tr>
<tr><td>Extension start number as 11 Entered</td></tr>
<tr><td>Extension End number as 1 Entered</td></tr>
<tr><td>Amount of  number as 1 Entered</td></tr>
<tr><td>CV number ranges are successfully configured</td></tr>
<tr><td>CV Numbers continue button clicked</td></tr>
<tr><td>Error occurs during product basket configuration is org.openqa.selenium.TimeoutException: Expected condition failed: waiting for visibility of Proxy element for: DefaultElementLocator 'By.xpath: .//*[@id='relatedListTableID']/tbody/tr/td[2]' (tried for 200 second(s) with 500 MILLISECONDS interval)
Build info: version: '3.0.1', revision: '1969d75', time: '2016-10-18 09:49:13 -0700'
System info: host: 'C4DES048', ip: '192.168.28.36', os.name: 'Windows 7', os.arch: 'amd64', os.version: '6.1', java.version: '1.8.0_121'
Driver info: org.openqa.selenium.chrome.ChromeDriver
Capabilities [{applicationCacheEnabled=false, rotatable=false, mobileEmulationEnabled=false, networkConnectionEnabled=false, chrome={chromedriverVersion=2.28.455520 (cc17746adff54984afff480136733114c6b3704b), userDataDir=C:\Users\SHAMBU~1.B\AppData\Local\Temp\scoped_dir12324_5670}, takesHeapSnapshot=true, pageLoadStrategy=normal, databaseEnabled=false, handlesAlerts=true, hasTouchScreen=false, version=61.0.3163.100, platform=XP, browserConnectionEnabled=false, nativeEvents=true, acceptSslCerts=true, locationContextEnabled=true, webStorageEnabled=true, browserName=chrome, takesScreenshot=true, javascriptEnabled=true, cssSelectorsEnabled=true, unexpectedAlertBehaviour=}]
Session ID: 25f3e7cd150880c7d8cfd8abff84b27d</td></tr>
<tr><td>CF Product successfully configured</td></tr>
<tr><td>Assign Billing Account button clicked</td></tr>
<tr><td>Account selected successfully</td></tr>
<tr><td>All account successfully checked in to set billing account</td></tr>
<tr><td>Account to be set successfully</td></tr>
<tr><td>Billing Account Successfully saved</td></tr>
<tr><td>========Billing Account Assignment was successfully configured============</td></tr>
<tr><td>Error occurs while configuring Installation information due to org.openqa.selenium.TimeoutException: Expected condition failed: waiting for visibility of Proxy element for: DefaultElementLocator 'By.xpath: .//*[@id='bodyCell']/div/div/div[3]/div[2]/div[1]/div/header/div[4]/span' (tried for 200 second(s) with 500 MILLISECONDS interval)
Build info: version: '3.0.1', revision: '1969d75', time: '2016-10-18 09:49:13 -0700'
System info: host: 'C4DES048', ip: '192.168.28.36', os.name: 'Windows 7', os.arch: 'amd64', os.version: '6.1', java.version: '1.8.0_121'
Driver info: org.openqa.selenium.chrome.ChromeDriver
Capabilities [{applicationCacheEnabled=false, rotatable=false, mobileEmulationEnabled=false, networkConnectionEnabled=false, chrome={chromedriverVersion=2.28.455520 (cc17746adff54984afff480136733114c6b3704b), userDataDir=C:\Users\SHAMBU~1.B\AppData\Local\Temp\scoped_dir12324_5670}, takesHeapSnapshot=true, pageLoadStrategy=normal, databaseEnabled=false, handlesAlerts=true, hasTouchScreen=false, version=61.0.3163.100, platform=XP, browserConnectionEnabled=false, nativeEvents=true, acceptSslCerts=true, locationContextEnabled=true, webStorageEnabled=true, browserName=chrome, takesScreenshot=true, javascriptEnabled=true, cssSelectorsEnabled=true, unexpectedAlertBehaviour=}]
Session ID: 25f3e7cd150880c7d8cfd8abff84b27d</td></tr>
<tr><td>Product Basket Successfully uploaded</td></tr>
<tr><td>========Billing Account Assignment was successfully configured============</td></tr>
<tr><td>Billing account creation failed due to org.openqa.selenium.WebDriverException: chrome not reachable
  (Session info: chrome=61.0.3163.100)
  (Driver info: chromedriver=2.28.455520 (cc17746adff54984afff480136733114c6b3704b),platform=Windows NT 6.1.7601 SP1 x86_64) (WARNING: The server did not provide any stacktrace information)
Command duration or timeout: 4.03 seconds
Build info: version: '3.0.1', revision: '1969d75', time: '2016-10-18 09:49:13 -0700'
System info: host: 'C4DES048', ip: '192.168.28.36', os.name: 'Windows 7', os.arch: 'amd64', os.version: '6.1', java.version: '1.8.0_121'
Driver info: org.openqa.selenium.chrome.ChromeDriver
Capabilities [{applicationCacheEnabled=false, rotatable=false, mobileEmulationEnabled=false, networkConnectionEnabled=false, chrome={chromedriverVersion=2.28.455520 (cc17746adff54984afff480136733114c6b3704b), userDataDir=C:\Users\SHAMBU~1.B\AppData\Local\Temp\scoped_dir12324_5670}, takesHeapSnapshot=true, pageLoadStrategy=normal, databaseEnabled=false, handlesAlerts=true, hasTouchScreen=false, version=61.0.3163.100, platform=XP, browserConnectionEnabled=false, nativeEvents=true, acceptSslCerts=true, locationContextEnabled=true, webStorageEnabled=true, browserName=chrome, takesScreenshot=true, javascriptEnabled=true, cssSelectorsEnabled=true, unexpectedAlertBehaviour=}]
Session ID: 25f3e7cd150880c7d8cfd8abff84b27d
*** Element info: {Using=xpath, value=//button[@class='ng-binding ng-isolate-scope icon IconAssignBillingAccount']}</td></tr>
<tr><td>========Billing Account Assignment was successfully configured============</td></tr>
<tr><td>order validation failed due to org.openqa.selenium.WebDriverException: chrome not reachable
  (Session info: chrome=61.0.3163.100)
  (Driver info: chromedriver=2.28.455520 (cc17746adff54984afff480136733114c6b3704b),platform=Windows NT 6.1.7601 SP1 x86_64) (WARNING: The server did not provide any stacktrace information)
Command duration or timeout: 4.03 seconds
Build info: version: '3.0.1', revision: '1969d75', time: '2016-10-18 09:49:13 -0700'
System info: host: 'C4DES048', ip: '192.168.28.36', os.name: 'Windows 7', os.arch: 'amd64', os.version: '6.1', java.version: '1.8.0_121'
Driver info: org.openqa.selenium.chrome.ChromeDriver
Capabilities [{applicationCacheEnabled=false, rotatable=false, mobileEmulationEnabled=false, networkConnectionEnabled=false, chrome={chromedriverVersion=2.28.455520 (cc17746adff54984afff480136733114c6b3704b), userDataDir=C:\Users\SHAMBU~1.B\AppData\Local\Temp\scoped_dir9700_8275}, takesHeapSnapshot=true, pageLoadStrategy=normal, databaseEnabled=false, handlesAlerts=true, hasTouchScreen=false, version=61.0.3163.100, platform=XP, browserConnectionEnabled=false, nativeEvents=true, acceptSslCerts=true, locationContextEnabled=true, webStorageEnabled=true, browserName=chrome, takesScreenshot=true, javascriptEnabled=true, cssSelectorsEnabled=true, unexpectedAlertBehaviour=}]
Session ID: 4456e1132ae495a3602ac848076068a4
*** Element info: {Using=xpath, value=//div[@class='pbHeader']//input[@value='Validate Order']}</td></tr>
<tr><td>========Order validation was successfully performed============</td></tr>
<tr><td>Product basket upload faile due to org.openqa.selenium.WebDriverException: chrome not reachable
  (Session info: chrome=61.0.3163.100)
  (Driver info: chromedriver=2.28.455520 (cc17746adff54984afff480136733114c6b3704b),platform=Windows NT 6.1.7601 SP1 x86_64) (WARNING: The server did not provide any stacktrace information)
Command duration or timeout: 4.01 seconds
Build info: version: '3.0.1', revision: '1969d75', time: '2016-10-18 09:49:13 -0700'
System info: host: 'C4DES048', ip: '192.168.28.36', os.name: 'Windows 7', os.arch: 'amd64', os.version: '6.1', java.version: '1.8.0_121'
Driver info: org.openqa.selenium.chrome.ChromeDriver
Capabilities [{applicationCacheEnabled=false, rotatable=false, mobileEmulationEnabled=false, networkConnectionEnabled=false, chrome={chromedriverVersion=2.28.455520 (cc17746adff54984afff480136733114c6b3704b), userDataDir=C:\Users\SHAMBU~1.B\AppData\Local\Temp\scoped_dir12324_5670}, takesHeapSnapshot=true, pageLoadStrategy=normal, databaseEnabled=false, handlesAlerts=true, hasTouchScreen=false, version=61.0.3163.100, platform=XP, browserConnectionEnabled=false, nativeEvents=true, acceptSslCerts=true, locationContextEnabled=true, webStorageEnabled=true, browserName=chrome, takesScreenshot=true, javascriptEnabled=true, cssSelectorsEnabled=true, unexpectedAlertBehaviour=}]
Session ID: 25f3e7cd150880c7d8cfd8abff84b27d
*** Element info: {Using=xpath, value=.//*[@id='bodyCell']/div/div/div[3]/div[2]/div[1]/div/header/div[2]/span}</td></tr>
<tr><td>========Billing Account Assignment was successfully configured============</td></tr>
<tr><td>Error occurs while Validating Sub-orders due to org.openqa.selenium.WebDriverException: chrome not reachable
  (Session info: chrome=61.0.3163.100)
  (Driver info: chromedriver=2.28.455520 (cc17746adff54984afff480136733114c6b3704b),platform=Windows NT 6.1.7601 SP1 x86_64) (WARNING: The server did not provide any stacktrace information)
Command duration or timeout: 4.03 seconds
Build info: version: '3.0.1', revision: '1969d75', time: '2016-10-18 09:49:13 -0700'
System info: host: 'C4DES048', ip: '192.168.28.36', os.name: 'Windows 7', os.arch: 'amd64', os.version: '6.1', java.version: '1.8.0_121'
Driver info: org.openqa.selenium.chrome.ChromeDriver
Capabilities [{applicationCacheEnabled=false, rotatable=false, mobileEmulationEnabled=false, networkConnectionEnabled=false, chrome={chromedriverVersion=2.28.455520 (cc17746adff54984afff480136733114c6b3704b), userDataDir=C:\Users\SHAMBU~1.B\AppData\Local\Temp\scoped_dir9700_8275}, takesHeapSnapshot=true, pageLoadStrategy=normal, databaseEnabled=false, handlesAlerts=true, hasTouchScreen=false, version=61.0.3163.100, platform=XP, browserConnectionEnabled=false, nativeEvents=true, acceptSslCerts=true, locationContextEnabled=true, webStorageEnabled=true, browserName=chrome, takesScreenshot=true, javascriptEnabled=true, cssSelectorsEnabled=true, unexpectedAlertBehaviour=}]
Session ID: 4456e1132ae495a3602ac848076068a4
*** Element info: {Using=xpath, value=.//*[@id='opp11_ileinner']}</td></tr>
<tr><td>order validation failed due to org.openqa.selenium.WebDriverException: chrome not reachable
  (Session info: chrome=61.0.3163.100)
  (Driver info: chromedriver=2.28.455520 (cc17746adff54984afff480136733114c6b3704b),platform=Windows NT 6.1.7601 SP1 x86_64) (WARNING: The server did not provide any stacktrace information)
Command duration or timeout: 4.00 seconds
Build info: version: '3.0.1', revision: '1969d75', time: '2016-10-18 09:49:13 -0700'
System info: host: 'C4DES048', ip: '192.168.28.36', os.name: 'Windows 7', os.arch: 'amd64', os.version: '6.1', java.version: '1.8.0_121'
Driver info: org.openqa.selenium.chrome.ChromeDriver
Capabilities [{applicationCacheEnabled=false, rotatable=false, mobileEmulationEnabled=false, networkConnectionEnabled=false, chrome={chromedriverVersion=2.28.455520 (cc17746adff54984afff480136733114c6b3704b), userDataDir=C:\Users\SHAMBU~1.B\AppData\Local\Temp\scoped_dir12324_5670}, takesHeapSnapshot=true, pageLoadStrategy=normal, databaseEnabled=false, handlesAlerts=true, hasTouchScreen=false, version=61.0.3163.100, platform=XP, browserConnectionEnabled=false, nativeEvents=true, acceptSslCerts=true, locationContextEnabled=true, webStorageEnabled=true, browserName=chrome, takesScreenshot=true, javascriptEnabled=true, cssSelectorsEnabled=true, unexpectedAlertBehaviour=}]
Session ID: 25f3e7cd150880c7d8cfd8abff84b27d
*** Element info: {Using=xpath, value=//div[@class='pbHeader']//input[@value='Validate Order']}</td></tr>
<tr><td>========Order validation was successfully performed============</td></tr>
<tr><td>Error occurs while Validating Sub-orders due to org.openqa.selenium.WebDriverException: chrome not reachable
  (Session info: chrome=61.0.3163.100)
  (Driver info: chromedriver=2.28.455520 (cc17746adff54984afff480136733114c6b3704b),platform=Windows NT 6.1.7601 SP1 x86_64) (WARNING: The server did not provide any stacktrace information)
Command duration or timeout: 4.01 seconds
Build info: version: '3.0.1', revision: '1969d75', time: '2016-10-18 09:49:13 -0700'
System info: host: 'C4DES048', ip: '192.168.28.36', os.name: 'Windows 7', os.arch: 'amd64', os.version: '6.1', java.version: '1.8.0_121'
Driver info: org.openqa.selenium.chrome.ChromeDriver
Capabilities [{applicationCacheEnabled=false, rotatable=false, mobileEmulationEnabled=false, networkConnectionEnabled=false, chrome={chromedriverVersion=2.28.455520 (cc17746adff54984afff480136733114c6b3704b), userDataDir=C:\Users\SHAMBU~1.B\AppData\Local\Temp\scoped_dir12324_5670}, takesHeapSnapshot=true, pageLoadStrategy=normal, databaseEnabled=false, handlesAlerts=true, hasTouchScreen=false, version=61.0.3163.100, platform=XP, browserConnectionEnabled=false, nativeEvents=true, acceptSslCerts=true, locationContextEnabled=true, webStorageEnabled=true, browserName=chrome, takesScreenshot=true, javascriptEnabled=true, cssSelectorsEnabled=true, unexpectedAlertBehaviour=}]
Session ID: 25f3e7cd150880c7d8cfd8abff84b27d
*** Element info: {Using=xpath, value=.//*[@id='opp11_ileinner']}</td></tr>
</table>