<?xml version="1.0" encoding="UTF-8"?>
<!-- Generated by org.testng.reporters.JUnitXMLReporter -->
<testsuite hostname="C4LAP149" ignored="0" name="TC_23_Company_Internet_with_Powerspot_with_Company_Voice_Manual" tests="1" failures="1" timestamp="05 Jan 2018 14:09:09 GMT" time="348.522" errors="0">
  <testcase name="TestCaseExecution" time="285.017" classname="TestDriver.TestExecutionDriver">
    <failure type="java.lang.AssertionError" message=" failed">
      <![CDATA[java.lang.AssertionError:  failed
	at DUMMYDELETEIT.genericDriver.CV_ProductBasketAddition(genericDriver.java:189)
	at TestDriver.TestExecutionDriver.TestCaseExecution(TestExecutionDriver.java:127)
	at java.util.concurrent.FutureTask.run(FutureTask.java:266)
	at java.util.concurrent.ThreadPoolExecutor.runWorker(ThreadPoolExecutor.java:1142)
	at java.util.concurrent.ThreadPoolExecutor$Worker.run(ThreadPoolExecutor.java:617)
	at java.lang.Thread.run(Thread.java:745)
... Removed 16 stack frames]]>
    </failure>
  </testcase> <!-- TestCaseExecution -->
</testsuite> <!-- TC_23_Company_Internet_with_Powerspot_with_Company_Voice_Manual -->
