<?xml version="1.0" encoding="UTF-8"?>
<!-- Generated by org.testng.reporters.JUnitReportReporter -->
<testsuite name="DUMMYDELETEIT.TC_01_Install_CF_with_50Mbits_" tests="25" time="649.898" ignored="0" failures="1" timestamp="30 Oct 2017 06:12:05 GMT" skipped="0" hostname="C3DES396" errors="1">
  <testcase name="TC_01_Opportunityconversion" time="22.994" classname="DUMMYDELETEIT.TC_01_Install_CF_with_50Mbits_"/>
  <testcase name="TC_01_verifylogin" time="55.843" classname="DUMMYDELETEIT.TC_01_Install_CF_with_50Mbits_"/>
  <testcase name="TC_01_verifylogin" time="1.466" classname="DUMMYDELETEIT.TC_01_Install_CF_with_50Mbits_"/>
  <testcase name="TC_01_CF_Billing_Account_Assignment" time="9.857" classname="DUMMYDELETEIT.TC_01_Install_CF_with_50Mbits_"/>
  <testcase name="TC_01_verifylogin" time="1.473" classname="DUMMYDELETEIT.TC_01_Install_CF_with_50Mbits_"/>
  <testcase name="TC_01_verifylogin" time="1.467" classname="DUMMYDELETEIT.TC_01_Install_CF_with_50Mbits_"/>
  <testcase name="TC_01_CF_Installation_Information_Configuration" time="14.531" classname="DUMMYDELETEIT.TC_01_Install_CF_with_50Mbits_"/>
  <testcase name="TC_01_verifylogin" time="1.470" classname="DUMMYDELETEIT.TC_01_Install_CF_with_50Mbits_"/>
  <testcase name="TC_01_verifylogin" time="1.452" classname="DUMMYDELETEIT.TC_01_Install_CF_with_50Mbits_"/>
  <testcase name="TC_01_CF_SubOrders_Validation_And_Closure" time="335.555" classname="DUMMYDELETEIT.TC_01_Install_CF_with_50Mbits_"/>
  <testcase name="TC_01_CF_Product_Basket_Upload" time="8.187" classname="DUMMYDELETEIT.TC_01_Install_CF_with_50Mbits_"/>
  <testcase name="TC_01_verifylogin" time="1.433" classname="DUMMYDELETEIT.TC_01_Install_CF_with_50Mbits_"/>
  <testcase name="testEnd" time="0.000" classname="DUMMYDELETEIT.TC_01_Install_CF_with_50Mbits_">
    <error type="org.openqa.selenium.NoSuchWindowException" message="no such window: target window already closed
from unknown error: web view not found
  (Session info: chrome=61.0.3163.100)
  (Driver info: chromedriver=2.28.455520 (cc17746adff54984afff480136733114c6b3704b),platform=Windows NT 6.1.7601 SP1 x86_64) (WARNING: The server did not provide any stacktrace information)
Command duration or timeout: 2 milliseconds
Build info: version: &#039;3.0.1&#039;, revision: &#039;1969d75&#039;, time: &#039;2016-10-18 09:49:13 -0700&#039;
System info: host: &#039;C3DES396&#039;, ip: &#039;192.168.28.67&#039;, os.name: &#039;Windows 7&#039;, os.arch: &#039;amd64&#039;, os.version: &#039;6.1&#039;, java.version: &#039;1.8.0_144&#039;
Driver info: org.openqa.selenium.chrome.ChromeDriver
Capabilities [{applicationCacheEnabled=false, rotatable=false, mobileEmulationEnabled=false, networkConnectionEnabled=false, chrome={chromedriverVersion=2.28.455520 (cc17746adff54984afff480136733114c6b3704b), userDataDir=C:\Users\RAMSUR~1.MK\AppData\Local\Temp\scoped_dir8272_1627}, takesHeapSnapshot=true, pageLoadStrategy=normal, databaseEnabled=false, handlesAlerts=true, hasTouchScreen=false, version=61.0.3163.100, platform=XP, browserConnectionEnabled=false, nativeEvents=true, acceptSslCerts=true, locationContextEnabled=true, webStorageEnabled=true, browserName=chrome, takesScreenshot=true, javascriptEnabled=true, cssSelectorsEnabled=true, unexpectedAlertBehaviour=}]
Session ID: 1ce0b9edab4b0189e09d8d008068d0ab">
      <![CDATA[org.openqa.selenium.NoSuchWindowException: no such window: target window already closed
from unknown error: web view not found
  (Session info: chrome=61.0.3163.100)
  (Driver info: chromedriver=2.28.455520 (cc17746adff54984afff480136733114c6b3704b),platform=Windows NT 6.1.7601 SP1 x86_64) (WARNING: The server did not provide any stacktrace information)
Command duration or timeout: 2 milliseconds
Build info: version: '3.0.1', revision: '1969d75', time: '2016-10-18 09:49:13 -0700'
System info: host: 'C3DES396', ip: '192.168.28.67', os.name: 'Windows 7', os.arch: 'amd64', os.version: '6.1', java.version: '1.8.0_144'
Driver info: org.openqa.selenium.chrome.ChromeDriver
Capabilities [{applicationCacheEnabled=false, rotatable=false, mobileEmulationEnabled=false, networkConnectionEnabled=false, chrome={chromedriverVersion=2.28.455520 (cc17746adff54984afff480136733114c6b3704b), userDataDir=C:\Users\RAMSUR~1.MK\AppData\Local\Temp\scoped_dir8272_1627}, takesHeapSnapshot=true, pageLoadStrategy=normal, databaseEnabled=false, handlesAlerts=true, hasTouchScreen=false, version=61.0.3163.100, platform=XP, browserConnectionEnabled=false, nativeEvents=true, acceptSslCerts=true, locationContextEnabled=true, webStorageEnabled=true, browserName=chrome, takesScreenshot=true, javascriptEnabled=true, cssSelectorsEnabled=true, unexpectedAlertBehaviour=}]
Session ID: 1ce0b9edab4b0189e09d8d008068d0ab
	at sun.reflect.NativeConstructorAccessorImpl.newInstance0(Native Method)
	at sun.reflect.NativeConstructorAccessorImpl.newInstance(Unknown Source)
	at sun.reflect.DelegatingConstructorAccessorImpl.newInstance(Unknown Source)
	at java.lang.reflect.Constructor.newInstance(Unknown Source)
	at org.openqa.selenium.remote.ErrorHandler.createThrowable(ErrorHandler.java:216)
	at org.openqa.selenium.remote.ErrorHandler.throwIfResponseFailed(ErrorHandler.java:168)
	at org.openqa.selenium.remote.RemoteWebDriver.execute(RemoteWebDriver.java:635)
	at org.openqa.selenium.remote.RemoteWebDriver.execute(RemoteWebDriver.java:658)
	at org.openqa.selenium.remote.RemoteWebDriver.close(RemoteWebDriver.java:487)
	at DUMMYDELETEIT.TC_01_Install_CF_with_50Mbits_.testEnd(TC_01_Install_CF_with_50Mbits_.java:446)
	at sun.reflect.NativeMethodAccessorImpl.invoke0(Native Method)
	at sun.reflect.NativeMethodAccessorImpl.invoke(Unknown Source)
	at sun.reflect.DelegatingMethodAccessorImpl.invoke(Unknown Source)
	at java.lang.reflect.Method.invoke(Unknown Source)
	at org.testng.internal.MethodInvocationHelper.invokeMethod(MethodInvocationHelper.java:104)
	at org.testng.internal.Invoker.invokeConfigurationMethod(Invoker.java:515)
	at org.testng.internal.Invoker.invokeConfigurations(Invoker.java:217)
	at org.testng.internal.Invoker.invokeConfigurations(Invoker.java:144)
	at org.testng.internal.TestMethodWorker.invokeAfterClassMethods(TestMethodWorker.java:217)
	at org.testng.internal.TestMethodWorker.run(TestMethodWorker.java:115)
	at org.testng.TestRunner.privateRun(TestRunner.java:756)
	at org.testng.TestRunner.run(TestRunner.java:610)
	at org.testng.SuiteRunner.runTest(SuiteRunner.java:387)
	at org.testng.SuiteRunner.runSequentially(SuiteRunner.java:382)
	at org.testng.SuiteRunner.privateRun(SuiteRunner.java:340)
	at org.testng.SuiteRunner.run(SuiteRunner.java:289)
	at org.testng.SuiteRunnerWorker.runSuite(SuiteRunnerWorker.java:52)
	at org.testng.SuiteRunnerWorker.run(SuiteRunnerWorker.java:86)
	at org.testng.TestNG.runSuitesSequentially(TestNG.java:1293)
	at org.testng.TestNG.runSuitesLocally(TestNG.java:1218)
	at org.testng.TestNG.runSuites(TestNG.java:1133)
	at org.testng.TestNG.run(TestNG.java:1104)
	at org.testng.remote.AbstractRemoteTestNG.run(AbstractRemoteTestNG.java:114)
	at org.testng.remote.RemoteTestNG.initAndRun(RemoteTestNG.java:251)
	at org.testng.remote.RemoteTestNG.main(RemoteTestNG.java:77)
]]>
    </error>
  </testcase> <!-- testEnd -->
  <testcase name="TC_01_CF_ProductBasketConfiguration_with_50Mbits" time="38.863" classname="DUMMYDELETEIT.TC_01_Install_CF_with_50Mbits_"/>
  <testcase name="TC_01_verifylogin" time="1.439" classname="DUMMYDELETEIT.TC_01_Install_CF_with_50Mbits_"/>
  <testcase name="TC_01_NewLeadCreation" time="29.653" classname="DUMMYDELETEIT.TC_01_Install_CF_with_50Mbits_"/>
  <testcase name="TC_01_verifylogin" time="1.433" classname="DUMMYDELETEIT.TC_01_Install_CF_with_50Mbits_"/>
  <testcase name="TC_01_AddressValidation" time="7.444" classname="DUMMYDELETEIT.TC_01_Install_CF_with_50Mbits_"/>
  <testcase name="TC_01_verifylogin" time="4.390" classname="DUMMYDELETEIT.TC_01_Install_CF_with_50Mbits_"/>
  <testcase name="TC_01_verifylogin" time="1.451" classname="DUMMYDELETEIT.TC_01_Install_CF_with_50Mbits_"/>
  <testcase name="TC_01_verifylogin" time="1.451" classname="DUMMYDELETEIT.TC_01_Install_CF_with_50Mbits_"/>
  <testcase name="TC_01_verifylogin" time="1.453" classname="DUMMYDELETEIT.TC_01_Install_CF_with_50Mbits_"/>
  <testcase name="TC_01_CF_Complete_Order" time="5.069" classname="DUMMYDELETEIT.TC_01_Install_CF_with_50Mbits_">
    <failure type="java.lang.AssertionError" message=" failed">
      <![CDATA[java.lang.AssertionError:  failed
	at org.testng.Assert.fail(Assert.java:94)
	at DUMMYDELETEIT.TC_01_Install_CF_with_50Mbits_.TC_01_CF_Complete_Order(TC_01_Install_CF_with_50Mbits_.java:436)
	at sun.reflect.NativeMethodAccessorImpl.invoke0(Native Method)
	at sun.reflect.NativeMethodAccessorImpl.invoke(Unknown Source)
	at sun.reflect.DelegatingMethodAccessorImpl.invoke(Unknown Source)
	at java.lang.reflect.Method.invoke(Unknown Source)
	at org.testng.internal.MethodInvocationHelper.invokeMethod(MethodInvocationHelper.java:104)
	at org.testng.internal.Invoker.invokeMethod(Invoker.java:645)
	at org.testng.internal.Invoker.invokeTestMethod(Invoker.java:851)
	at org.testng.internal.Invoker.invokeTestMethods(Invoker.java:1177)
	at org.testng.internal.TestMethodWorker.invokeTestMethods(TestMethodWorker.java:129)
	at org.testng.internal.TestMethodWorker.run(TestMethodWorker.java:112)
	at org.testng.TestRunner.privateRun(TestRunner.java:756)
	at org.testng.TestRunner.run(TestRunner.java:610)
	at org.testng.SuiteRunner.runTest(SuiteRunner.java:387)
	at org.testng.SuiteRunner.runSequentially(SuiteRunner.java:382)
	at org.testng.SuiteRunner.privateRun(SuiteRunner.java:340)
	at org.testng.SuiteRunner.run(SuiteRunner.java:289)
	at org.testng.SuiteRunnerWorker.runSuite(SuiteRunnerWorker.java:52)
	at org.testng.SuiteRunnerWorker.run(SuiteRunnerWorker.java:86)
	at org.testng.TestNG.runSuitesSequentially(TestNG.java:1293)
	at org.testng.TestNG.runSuitesLocally(TestNG.java:1218)
	at org.testng.TestNG.runSuites(TestNG.java:1133)
	at org.testng.TestNG.run(TestNG.java:1104)
	at org.testng.remote.AbstractRemoteTestNG.run(AbstractRemoteTestNG.java:114)
	at org.testng.remote.RemoteTestNG.initAndRun(RemoteTestNG.java:251)
	at org.testng.remote.RemoteTestNG.main(RemoteTestNG.java:77)
]]>
    </failure>
  </testcase> <!-- TC_01_CF_Complete_Order -->
  <testcase name="TC_01_CF_Validate_Order" time="55.616" classname="DUMMYDELETEIT.TC_01_Install_CF_with_50Mbits_"/>
  <testcase name="TC_01_CF_ProductBasketAddition" time="45.908" classname="DUMMYDELETEIT.TC_01_Install_CF_with_50Mbits_"/>
</testsuite> <!-- DUMMYDELETEIT.TC_01_Install_CF_with_50Mbits_ -->
