<?xml version="1.0" encoding="UTF-8"?>
<!-- Generated by org.testng.reporters.JUnitReportReporter -->
<testsuite name="CF_Install_Orders.TC_01_Install_CF_with_50Mbits_" tests="12" time="0.012" ignored="0" failures="0" timestamp="14 Nov 2017 10:15:53 GMT" skipped="11" hostname="C3DES396" errors="1">
  <testcase name="TC_01_CF_Product_Basket_Upload" time="0.000" classname="CF_Install_Orders.TC_01_Install_CF_with_50Mbits_">
    <skipped/>
  </testcase> <!-- TC_01_CF_Product_Basket_Upload -->
  <testcase name="TC_01_CF_ProductBasketConfiguration_with_50Mbits" time="0.001" classname="CF_Install_Orders.TC_01_Install_CF_with_50Mbits_">
    <skipped/>
  </testcase> <!-- TC_01_CF_ProductBasketConfiguration_with_50Mbits -->
  <testcase name="TC_01_CF_Billing_Account_Assignment" time="0.000" classname="CF_Install_Orders.TC_01_Install_CF_with_50Mbits_">
    <skipped/>
  </testcase> <!-- TC_01_CF_Billing_Account_Assignment -->
  <testcase name="beforeMethod" time="0.000" classname="CF_Install_Orders.TC_01_Install_CF_with_50Mbits_">
    <error type="org.testng.TestNGException" message="
Can inject only one of &lt;ITestContext, XmlTest, Method, Object[]&gt; into a BeforeMethod annotated beforeMethod.
For more information on native dependency injection please refer to http://testng.org/doc/documentation-main.html#native-dependency-injection">
      <![CDATA[org.testng.TestNGException: 
Can inject only one of <ITestContext, XmlTest, Method, Object[]> into a BeforeMethod annotated beforeMethod.
For more information on native dependency injection please refer to http://testng.org/doc/documentation-main.html#native-dependency-injection
	at org.testng.internal.Parameters.checkParameterTypes(Parameters.java:244)
	at org.testng.internal.Parameters.createParameters(Parameters.java:172)
	at org.testng.internal.Parameters.createParameters(Parameters.java:458)
	at org.testng.internal.Parameters.createConfigurationParameters(Parameters.java:118)
	at org.testng.internal.Invoker.invokeConfigurations(Invoker.java:203)
	at org.testng.internal.Invoker.invokeMethod(Invoker.java:590)
	at org.testng.internal.Invoker.invokeTestMethod(Invoker.java:851)
	at org.testng.internal.Invoker.invokeTestMethods(Invoker.java:1177)
	at org.testng.internal.TestMethodWorker.invokeTestMethods(TestMethodWorker.java:129)
	at org.testng.internal.TestMethodWorker.run(TestMethodWorker.java:112)
	at org.testng.TestRunner.privateRun(TestRunner.java:756)
	at org.testng.TestRunner.run(TestRunner.java:610)
	at org.testng.SuiteRunner.runTest(SuiteRunner.java:387)
	at org.testng.SuiteRunner.runSequentially(SuiteRunner.java:382)
	at org.testng.SuiteRunner.privateRun(SuiteRunner.java:340)
	at org.testng.SuiteRunner.run(SuiteRunner.java:289)
	at org.testng.SuiteRunnerWorker.runSuite(SuiteRunnerWorker.java:52)
	at org.testng.SuiteRunnerWorker.run(SuiteRunnerWorker.java:86)
	at org.testng.TestNG.runSuitesSequentially(TestNG.java:1293)
	at org.testng.TestNG.runSuitesLocally(TestNG.java:1218)
	at org.testng.TestNG.runSuites(TestNG.java:1133)
	at org.testng.TestNG.run(TestNG.java:1104)
	at org.testng.remote.AbstractRemoteTestNG.run(AbstractRemoteTestNG.java:114)
	at org.testng.remote.RemoteTestNG.initAndRun(RemoteTestNG.java:251)
	at org.testng.remote.RemoteTestNG.main(RemoteTestNG.java:77)
]]>
    </error>
  </testcase> <!-- beforeMethod -->
  <testcase name="TC_01_CF_Installation_Information_Configuration" time="0.000" classname="CF_Install_Orders.TC_01_Install_CF_with_50Mbits_">
    <skipped/>
  </testcase> <!-- TC_01_CF_Installation_Information_Configuration -->
  <testcase name="TC_01_Opportunityconversion" time="0.001" classname="CF_Install_Orders.TC_01_Install_CF_with_50Mbits_">
    <skipped/>
  </testcase> <!-- TC_01_Opportunityconversion -->
  <testcase name="TC_01_CF_SubOrders_Validation_And_Closure" time="0.000" classname="CF_Install_Orders.TC_01_Install_CF_with_50Mbits_">
    <skipped/>
  </testcase> <!-- TC_01_CF_SubOrders_Validation_And_Closure -->
  <testcase name="TC_01_NewLeadCreation" time="0.000" classname="CF_Install_Orders.TC_01_Install_CF_with_50Mbits_">
    <skipped/>
  </testcase> <!-- TC_01_NewLeadCreation -->
  <testcase name="TC_01_CF_ProductBasketAddition" time="0.000" classname="CF_Install_Orders.TC_01_Install_CF_with_50Mbits_">
    <skipped/>
  </testcase> <!-- TC_01_CF_ProductBasketAddition -->
  <testcase name="TC_01_verifylogin" time="0.000" classname="CF_Install_Orders.TC_01_Install_CF_with_50Mbits_">
    <skipped/>
  </testcase> <!-- TC_01_verifylogin -->
  <testcase name="TC_01_CF_Validate_Order" time="0.000" classname="CF_Install_Orders.TC_01_Install_CF_with_50Mbits_">
    <skipped/>
  </testcase> <!-- TC_01_CF_Validate_Order -->
  <testcase name="TC_01_AddressValidation" time="0.010" classname="CF_Install_Orders.TC_01_Install_CF_with_50Mbits_">
    <skipped/>
  </testcase> <!-- TC_01_AddressValidation -->
</testsuite> <!-- CF_Install_Orders.TC_01_Install_CF_with_50Mbits_ -->
