<h2>Reporter output</h2><table><tr><td>entered email address:-pprabakaran@lg.com.jit and object is [[ChromeDriver: chrome on XP (f8d6dcc477ff2565e5b20ffa42f1ad24)] -> id: username]</td></tr>
<tr><td>entered password:-Prodapt@!4 and object is [[ChromeDriver: chrome on XP (f8d6dcc477ff2565e5b20ffa42f1ad24)] -> id: password]</td></tr>
<tr><td>clicked on sublit butto and object is:-Proxy element for: DefaultElementLocator 'By.id: Login'</td></tr>
<tr><td><a href='D:\Ibrahim-surat\B2B_OM_Automation_10-10-2017\B2B_OM_Automation\src\main\java\com\test\automation\OM_Automation\screenshot\verifyLoginRecords_16_10_2017_09_35_13.png'> <img src='D:\Ibrahim-surat\B2B_OM_Automation_10-10-2017\B2B_OM_Automation\src\main\java\com\test\automation\OM_Automation\screenshot\verifyLoginRecords_16_10_2017_09_35_13.png' height='100' width='100'/> </a></td></tr>
<tr><td>error messageorg.openqa.selenium.NoSuchElementException: no such element: Unable to locate element: {"method":"id","selector":"username"}
  (Session info: chrome=61.0.3163.100)
  (Driver info: chromedriver=2.28.455520 (cc17746adff54984afff480136733114c6b3704b),platform=Windows NT 6.1.7601 SP1 x86_64) (WARNING: The server did not provide any stacktrace information)
Command duration or timeout: 28 milliseconds
For documentation on this error, please visit: http://seleniumhq.org/exceptions/no_such_element.html
Build info: version: '3.0.1', revision: '1969d75', time: '2016-10-18 09:49:13 -0700'
System info: host: 'C4LAP149', ip: '192.168.1.11', os.name: 'Windows 7', os.arch: 'amd64', os.version: '6.1', java.version: '1.8.0_101'
Driver info: org.openqa.selenium.chrome.ChromeDriver
Capabilities [{applicationCacheEnabled=false, rotatable=false, mobileEmulationEnabled=false, networkConnectionEnabled=false, chrome={chromedriverVersion=2.28.455520 (cc17746adff54984afff480136733114c6b3704b), userDataDir=C:\Users\support\AppData\Local\Temp\scoped_dir7564_26091}, takesHeapSnapshot=true, pageLoadStrategy=normal, databaseEnabled=false, handlesAlerts=true, hasTouchScreen=false, version=61.0.3163.100, platform=XP, browserConnectionEnabled=false, nativeEvents=true, acceptSslCerts=true, locationContextEnabled=true, webStorageEnabled=true, browserName=chrome, takesScreenshot=true, javascriptEnabled=true, cssSelectorsEnabled=true, unexpectedAlertBehaviour=}]
Session ID: f8d6dcc477ff2565e5b20ffa42f1ad24
*** Element info: {Using=id, value=username}</td></tr>
<tr><td><a href='D:\Ibrahim-surat\B2B_OM_Automation_10-10-2017\B2B_OM_Automation\src\main\java\com\test\automation\OM_Automation\screenshot\blank_16_10_2017_09_35_13.png'> <img src='D:\Ibrahim-surat\B2B_OM_Automation_10-10-2017\B2B_OM_Automation\src\main\java\com\test\automation\OM_Automation\screenshot\blank_16_10_2017_09_35_13.png' height='100' width='100'/> </a></td></tr>
<tr><td>Leads tab clicked</td></tr>
<tr><td>New lead button clicked</td></tr>
<tr><td>Account name passed</td></tr>
<tr><td>Salutation selected</td></tr>
<tr><td>Firstname passed</td></tr>
<tr><td>last name passed</td></tr>
<tr><td>Legal Entity type selected</td></tr>
<tr><td>Email value passed</td></tr>
<tr><td>phone value passed</td></tr>
<tr><td>NationalID value Passed</td></tr>
<tr><td>Industry classification asC VERARBEITENDES GEWERBEselected</td></tr>
<tr><td>Detailed Industry as Getrankeherstellung selected></td></tr>
<tr><td>segment as SME selected</td></tr>
<tr><td>constructional Organization as Baden-Württemberg (BAW) selected</td></tr>
<tr><td>visit street as KREUZSTR selected</td></tr>
<tr><td>visit house number as 26 selected</td></tr>
<tr><td>visit city as FRANKFURT selected</td></tr>
<tr><td>postal code as 60435   selected></td></tr>
<tr><td>visit state/provience as HSN   selected</td></tr>
<tr><td><-----------Lead was successfully created------></td></tr>
<tr><td>Validate Address clicked</td></tr>
<tr><td>FindAddress clicked</td></tr>
<tr><td>Address selected</td></tr>
<tr><td>Adress or sevice availablity issue---Please check the address</td></tr>
<tr><td>Address Validated</td></tr>
<tr><td>clicked convert button in leads page</td></tr>
<tr><td>clicked convert button in convert lead page</td></tr>
<tr><td>clicked on opportunity created in accounts page</td></tr>
<tr><td>Opportunity converted</td></tr>
<tr><td>New product basket button clicked in opportunity page</td></tr>
<tr><td>Addproduct button clicked in product configuration page</td></tr>
<tr><td>CF product selected</td></tr>
<tr><td>Address bar clicked</td></tr>
<tr><td>Customer Address search button clicked successfully</td></tr>
<tr><td>Customer Address successfully selected</td></tr>
<tr><td>Successfully added product to the basket and also confirmed</td></tr>
<tr><td>Product successfully added to cart</td></tr>
<tr><td>Edit basket button clicked</td></tr>
<tr><td>Iframe switched</td></tr>
<tr><td>Company fiber Product selected</td></tr>
<tr><td>Product description as [[ChromeDriver: chrome on XP (f8d6dcc477ff2565e5b20ffa42f1ad24)] -> xpath: .//*[@id='Allgemeine_Informationen:Product_Description_0'][contains(text(), 'Company Fiber')]] value loaded</td></tr>
<tr><td>Monthly charges value as 200 entered</td></tr>
<tr><td>Upfront fee chargees value as 100 entered</td></tr>
<tr><td>upload speed value as 10Gbit/s selected</td></tr>
<tr><td>Hardware selection element clicked</td></tr>
<tr><td>Hardware to be successfully selected</td></tr>
<tr><td>parent window switched</td></tr>
<tr><td>CF Product successfully configured</td></tr>
<tr><td>Installation infomatio icon clicked</td></tr>
<tr><td>Technincal contact lookup selected</td></tr>
<tr><td> new window switched</td></tr>
<tr><td>resultsFrame switched</td></tr>
<tr><td>Technincal contact selected successfully</td></tr>
<tr><td>parent window switched successfully</td></tr>
<tr><td>Technical contact selected successfully</td></tr>
<tr><td>Set button clicked successfully</td></tr>
<tr><td>Wish data selected</td></tr>
<tr><td>Save button clicked</td></tr>
<tr><td>========Installation Information successfully configured============</td></tr>
<tr><td>Assign Billing Account button clicked</td></tr>
<tr><td>Account selected successfully</td></tr>
<tr><td>All account successfully checked in to set billing account</td></tr>
<tr><td>Account to be set successfully</td></tr>
<tr><td>Billing Account Successfully saved</td></tr>
<tr><td>========Billing Account Assignment was successfully configured============</td></tr>
<tr><td>Product Basket Successfully uploaded</td></tr>
<tr><td>========Billing Account Assignment was successfully configured============</td></tr>
<tr><td>Validate Order button clicekd</td></tr>
<tr><td>Browse file button clicked</td></tr>
<tr><td>Contract file browsed and added successfully</td></tr>
<tr><td>Signed contract upload file button clicked</td></tr>
<tr><td>Signed contract chekbox clicked</td></tr>
<tr><td>Order submitted successfully</td></tr>
<tr><td>========Order validation was successfully performed============</td></tr>
<tr><td>stage value is Ready for Order</td></tr>
<tr><td>Order stage is validated </td></tr>
<tr><td>Sub order page opened</td></tr>
<tr><td>Suborder link clicded</td></tr>
<tr><td>Orchestration process link opened in new tab</td></tr>
<tr><td>control switched to new tab</td></tr>
<tr><td>Error occurs while Validating Sub-orders due to org.openqa.selenium.TimeoutException: Expected condition failed: waiting for visibility of Proxy element for: DefaultElementLocator 'By.xpath: //td[@id='topButtonRow']//input[@value='Process Visualiser']' (tried for 200 second(s) with 500 MILLISECONDS interval)
Build info: version: '3.0.1', revision: '1969d75', time: '2016-10-18 09:49:13 -0700'
System info: host: 'C4LAP149', ip: '192.168.1.11', os.name: 'Windows 7', os.arch: 'amd64', os.version: '6.1', java.version: '1.8.0_101'
Driver info: org.openqa.selenium.chrome.ChromeDriver
Capabilities [{applicationCacheEnabled=false, rotatable=false, mobileEmulationEnabled=false, networkConnectionEnabled=false, chrome={chromedriverVersion=2.28.455520 (cc17746adff54984afff480136733114c6b3704b), userDataDir=C:\Users\support\AppData\Local\Temp\scoped_dir7564_26091}, takesHeapSnapshot=true, pageLoadStrategy=normal, databaseEnabled=false, handlesAlerts=true, hasTouchScreen=false, version=61.0.3163.100, platform=XP, browserConnectionEnabled=false, nativeEvents=true, acceptSslCerts=true, locationContextEnabled=true, webStorageEnabled=true, browserName=chrome, takesScreenshot=true, javascriptEnabled=true, cssSelectorsEnabled=true, unexpectedAlertBehaviour=}]
Session ID: f8d6dcc477ff2565e5b20ffa42f1ad24</td></tr>
<tr><td><a href='D:\Ibrahim-surat\B2B_OM_Automation_10-10-2017\B2B_OM_Automation\src\main\java\com\test\automation\OM_Automation\screenshot\blank_16_10_2017_09_47_32.png'> <img src='D:\Ibrahim-surat\B2B_OM_Automation_10-10-2017\B2B_OM_Automation\src\main\java\com\test\automation\OM_Automation\screenshot\blank_16_10_2017_09_47_32.png' height='100' width='100'/> </a></td></tr>
<tr><td>entered email address:-pprabakaran@lg.com.jit and object is [[ChromeDriver: chrome on XP (bfe2c4dc3999c69c36fc2c24bfd00df8)] -> id: username]</td></tr>
<tr><td>entered password:-Prodapt@!4 and object is [[ChromeDriver: chrome on XP (bfe2c4dc3999c69c36fc2c24bfd00df8)] -> id: password]</td></tr>
<tr><td>clicked on sublit butto and object is:-Proxy element for: DefaultElementLocator 'By.id: Login'</td></tr>
<tr><td><a href='D:\Ibrahim-surat\B2B_OM_Automation_10-10-2017\B2B_OM_Automation\src\main\java\com\test\automation\OM_Automation\screenshot\verifyLoginRecords_16_10_2017_09_47_57.png'> <img src='D:\Ibrahim-surat\B2B_OM_Automation_10-10-2017\B2B_OM_Automation\src\main\java\com\test\automation\OM_Automation\screenshot\verifyLoginRecords_16_10_2017_09_47_57.png' height='100' width='100'/> </a></td></tr>
<tr><td>error messageorg.openqa.selenium.NoSuchElementException: no such element: Unable to locate element: {"method":"id","selector":"username"}
  (Session info: chrome=61.0.3163.100)
  (Driver info: chromedriver=2.28.455520 (cc17746adff54984afff480136733114c6b3704b),platform=Windows NT 6.1.7601 SP1 x86_64) (WARNING: The server did not provide any stacktrace information)
Command duration or timeout: 10 milliseconds
For documentation on this error, please visit: http://seleniumhq.org/exceptions/no_such_element.html
Build info: version: '3.0.1', revision: '1969d75', time: '2016-10-18 09:49:13 -0700'
System info: host: 'C4LAP149', ip: '192.168.1.11', os.name: 'Windows 7', os.arch: 'amd64', os.version: '6.1', java.version: '1.8.0_101'
Driver info: org.openqa.selenium.chrome.ChromeDriver
Capabilities [{applicationCacheEnabled=false, rotatable=false, mobileEmulationEnabled=false, networkConnectionEnabled=false, chrome={chromedriverVersion=2.28.455520 (cc17746adff54984afff480136733114c6b3704b), userDataDir=C:\Users\support\AppData\Local\Temp\scoped_dir5908_26485}, takesHeapSnapshot=true, pageLoadStrategy=normal, databaseEnabled=false, handlesAlerts=true, hasTouchScreen=false, version=61.0.3163.100, platform=XP, browserConnectionEnabled=false, nativeEvents=true, acceptSslCerts=true, locationContextEnabled=true, webStorageEnabled=true, browserName=chrome, takesScreenshot=true, javascriptEnabled=true, cssSelectorsEnabled=true, unexpectedAlertBehaviour=}]
Session ID: bfe2c4dc3999c69c36fc2c24bfd00df8
*** Element info: {Using=id, value=username}</td></tr>
<tr><td><a href='D:\Ibrahim-surat\B2B_OM_Automation_10-10-2017\B2B_OM_Automation\src\main\java\com\test\automation\OM_Automation\screenshot\blank_16_10_2017_09_47_57.png'> <img src='D:\Ibrahim-surat\B2B_OM_Automation_10-10-2017\B2B_OM_Automation\src\main\java\com\test\automation\OM_Automation\screenshot\blank_16_10_2017_09_47_57.png' height='100' width='100'/> </a></td></tr>
<tr><td>Leads tab clicked</td></tr>
<tr><td>New lead button clicked</td></tr>
<tr><td>Account name passed</td></tr>
<tr><td>Salutation selected</td></tr>
<tr><td>Firstname passed</td></tr>
<tr><td>last name passed</td></tr>
<tr><td>Legal Entity type selected</td></tr>
<tr><td>Email value passed</td></tr>
<tr><td>phone value passed</td></tr>
<tr><td>NationalID value Passed</td></tr>
<tr><td>Industry classification asC VERARBEITENDES GEWERBEselected</td></tr>
<tr><td>Detailed Industry as Getrankeherstellung selected></td></tr>
<tr><td>segment as SME selected</td></tr>
<tr><td>constructional Organization as Baden-Württemberg (BAW) selected</td></tr>
<tr><td>visit street as KREUZSTR selected</td></tr>
<tr><td>visit house number as 26 selected</td></tr>
<tr><td>visit city as FRANKFURT selected</td></tr>
<tr><td>postal code as 60435   selected></td></tr>
<tr><td>visit state/provience as HSN   selected</td></tr>
<tr><td><-----------Lead was successfully created------></td></tr>
<tr><td>Validate Address clicked</td></tr>
<tr><td>FindAddress clicked</td></tr>
<tr><td>Address selected</td></tr>
<tr><td>Adress or sevice availablity issue---Please check the address</td></tr>
<tr><td>Address Validated</td></tr>
<tr><td>clicked convert button in leads page</td></tr>
<tr><td>clicked convert button in convert lead page</td></tr>
<tr><td>clicked on opportunity created in accounts page</td></tr>
<tr><td>Opportunity converted</td></tr>
<tr><td>New product basket button clicked in opportunity page</td></tr>
<tr><td>Addproduct button clicked in product configuration page</td></tr>
<tr><td>OI product selected</td></tr>
<tr><td>Address bar clicked</td></tr>
<tr><td>Customer Address search button clicked successfully</td></tr>
<tr><td>Customer Address successfully selected</td></tr>
<tr><td>Successfully added product to the basket and also confirmed</td></tr>
<tr><td>Product successfully added to cart</td></tr>
<tr><td>Edit basket button clicked</td></tr>
<tr><td>Iframe switched</td></tr>
<tr><td>Error occurs during product basket configuration is org.openqa.selenium.NoSuchElementException: no such element: Unable to locate element: {"method":"xpath","selector":"//select[@name='Product_Type_0']"}
  (Session info: chrome=61.0.3163.100)
  (Driver info: chromedriver=2.28.455520 (cc17746adff54984afff480136733114c6b3704b),platform=Windows NT 6.1.7601 SP1 x86_64) (WARNING: The server did not provide any stacktrace information)
Command duration or timeout: 48 milliseconds
For documentation on this error, please visit: http://seleniumhq.org/exceptions/no_such_element.html
Build info: version: '3.0.1', revision: '1969d75', time: '2016-10-18 09:49:13 -0700'
System info: host: 'C4LAP149', ip: '192.168.1.11', os.name: 'Windows 7', os.arch: 'amd64', os.version: '6.1', java.version: '1.8.0_101'
Driver info: org.openqa.selenium.chrome.ChromeDriver
Capabilities [{applicationCacheEnabled=false, rotatable=false, mobileEmulationEnabled=false, networkConnectionEnabled=false, chrome={chromedriverVersion=2.28.455520 (cc17746adff54984afff480136733114c6b3704b), userDataDir=C:\Users\support\AppData\Local\Temp\scoped_dir5908_26485}, takesHeapSnapshot=true, pageLoadStrategy=normal, databaseEnabled=false, handlesAlerts=true, hasTouchScreen=false, version=61.0.3163.100, platform=XP, browserConnectionEnabled=false, nativeEvents=true, acceptSslCerts=true, locationContextEnabled=true, webStorageEnabled=true, browserName=chrome, takesScreenshot=true, javascriptEnabled=true, cssSelectorsEnabled=true, unexpectedAlertBehaviour=}]
Session ID: bfe2c4dc3999c69c36fc2c24bfd00df8
*** Element info: {Using=xpath, value=//select[@name='Product_Type_0']}</td></tr>
<tr><td>OI and phone Product successfully configured</td></tr>
<tr><td>Error occurs while configuring Installation information due to org.openqa.selenium.TimeoutException: Expected condition failed: waiting for visibility of Proxy element for: DefaultElementLocator 'By.xpath: .//*[@id='bodyCell']/div/div/div[3]/div[2]/div[1]/div/header/div[4]/span' (tried for 200 second(s) with 500 MILLISECONDS interval)
Build info: version: '3.0.1', revision: '1969d75', time: '2016-10-18 09:49:13 -0700'
System info: host: 'C4LAP149', ip: '192.168.1.11', os.name: 'Windows 7', os.arch: 'amd64', os.version: '6.1', java.version: '1.8.0_101'
Driver info: org.openqa.selenium.chrome.ChromeDriver
Capabilities [{applicationCacheEnabled=false, rotatable=false, mobileEmulationEnabled=false, networkConnectionEnabled=false, chrome={chromedriverVersion=2.28.455520 (cc17746adff54984afff480136733114c6b3704b), userDataDir=C:\Users\support\AppData\Local\Temp\scoped_dir5908_26485}, takesHeapSnapshot=true, pageLoadStrategy=normal, databaseEnabled=false, handlesAlerts=true, hasTouchScreen=false, version=61.0.3163.100, platform=XP, browserConnectionEnabled=false, nativeEvents=true, acceptSslCerts=true, locationContextEnabled=true, webStorageEnabled=true, browserName=chrome, takesScreenshot=true, javascriptEnabled=true, cssSelectorsEnabled=true, unexpectedAlertBehaviour=}]
Session ID: bfe2c4dc3999c69c36fc2c24bfd00df8</td></tr>
<tr><td><a href='D:\Ibrahim-surat\B2B_OM_Automation_10-10-2017\B2B_OM_Automation\src\main\java\com\test\automation\OM_Automation\screenshot\blank_16_10_2017_09_55_38.png'> <img src='D:\Ibrahim-surat\B2B_OM_Automation_10-10-2017\B2B_OM_Automation\src\main\java\com\test\automation\OM_Automation\screenshot\blank_16_10_2017_09_55_38.png' height='100' width='100'/> </a></td></tr>
<tr><td>Billing account creation failed due to org.openqa.selenium.TimeoutException: Expected condition failed: waiting for element to be clickable: Proxy element for: DefaultElementLocator 'By.xpath: //button[@class='ng-binding ng-isolate-scope icon IconAssignBillingAccount']' (tried for 200 second(s) with 500 MILLISECONDS interval)
Build info: version: '3.0.1', revision: '1969d75', time: '2016-10-18 09:49:13 -0700'
System info: host: 'C4LAP149', ip: '192.168.1.11', os.name: 'Windows 7', os.arch: 'amd64', os.version: '6.1', java.version: '1.8.0_101'
Driver info: org.openqa.selenium.chrome.ChromeDriver
Capabilities [{applicationCacheEnabled=false, rotatable=false, mobileEmulationEnabled=false, networkConnectionEnabled=false, chrome={chromedriverVersion=2.28.455520 (cc17746adff54984afff480136733114c6b3704b), userDataDir=C:\Users\support\AppData\Local\Temp\scoped_dir5908_26485}, takesHeapSnapshot=true, pageLoadStrategy=normal, databaseEnabled=false, handlesAlerts=true, hasTouchScreen=false, version=61.0.3163.100, platform=XP, browserConnectionEnabled=false, nativeEvents=true, acceptSslCerts=true, locationContextEnabled=true, webStorageEnabled=true, browserName=chrome, takesScreenshot=true, javascriptEnabled=true, cssSelectorsEnabled=true, unexpectedAlertBehaviour=}]
Session ID: bfe2c4dc3999c69c36fc2c24bfd00df8</td></tr>
<tr><td>========Billing Account Assignment was successfully configured============</td></tr>
<tr><td>Product basket upload faile due to org.openqa.selenium.TimeoutException: Expected condition failed: waiting for element to be clickable: Proxy element for: DefaultElementLocator 'By.xpath: .//*[@id='bodyCell']/div/div/div[3]/div[2]/div[1]/div/header/div[2]/span' (tried for 200 second(s) with 500 MILLISECONDS interval)
Build info: version: '3.0.1', revision: '1969d75', time: '2016-10-18 09:49:13 -0700'
System info: host: 'C4LAP149', ip: '192.168.1.11', os.name: 'Windows 7', os.arch: 'amd64', os.version: '6.1', java.version: '1.8.0_101'
Driver info: org.openqa.selenium.chrome.ChromeDriver
Capabilities [{applicationCacheEnabled=false, rotatable=false, mobileEmulationEnabled=false, networkConnectionEnabled=false, chrome={chromedriverVersion=2.28.455520 (cc17746adff54984afff480136733114c6b3704b), userDataDir=C:\Users\support\AppData\Local\Temp\scoped_dir5908_26485}, takesHeapSnapshot=true, pageLoadStrategy=normal, databaseEnabled=false, handlesAlerts=true, hasTouchScreen=false, version=61.0.3163.100, platform=XP, browserConnectionEnabled=false, nativeEvents=true, acceptSslCerts=true, locationContextEnabled=true, webStorageEnabled=true, browserName=chrome, takesScreenshot=true, javascriptEnabled=true, cssSelectorsEnabled=true, unexpectedAlertBehaviour=}]
Session ID: bfe2c4dc3999c69c36fc2c24bfd00df8</td></tr>
<tr><td>========Billing Account Assignment was successfully configured============</td></tr>
<tr><td>order validation failed due to org.openqa.selenium.TimeoutException: Expected condition failed: waiting for visibility of Proxy element for: DefaultElementLocator 'By.xpath: //div[@class='pbHeader']//input[@value='Validate Order']' (tried for 200 second(s) with 500 MILLISECONDS interval)
Build info: version: '3.0.1', revision: '1969d75', time: '2016-10-18 09:49:13 -0700'
System info: host: 'C4LAP149', ip: '192.168.1.11', os.name: 'Windows 7', os.arch: 'amd64', os.version: '6.1', java.version: '1.8.0_101'
Driver info: org.openqa.selenium.chrome.ChromeDriver
Capabilities [{applicationCacheEnabled=false, rotatable=false, mobileEmulationEnabled=false, networkConnectionEnabled=false, chrome={chromedriverVersion=2.28.455520 (cc17746adff54984afff480136733114c6b3704b), userDataDir=C:\Users\support\AppData\Local\Temp\scoped_dir5908_26485}, takesHeapSnapshot=true, pageLoadStrategy=normal, databaseEnabled=false, handlesAlerts=true, hasTouchScreen=false, version=61.0.3163.100, platform=XP, browserConnectionEnabled=false, nativeEvents=true, acceptSslCerts=true, locationContextEnabled=true, webStorageEnabled=true, browserName=chrome, takesScreenshot=true, javascriptEnabled=true, cssSelectorsEnabled=true, unexpectedAlertBehaviour=}]
Session ID: bfe2c4dc3999c69c36fc2c24bfd00df8</td></tr>
<tr><td>========Order validation was successfully performed============</td></tr>
<tr><td>Error occurs while Validating Sub-orders due to org.openqa.selenium.TimeoutException: Expected condition failed: waiting for visibility of Proxy element for: DefaultElementLocator 'By.xpath: .//*[@id='opp11_ileinner']' (tried for 200 second(s) with 500 MILLISECONDS interval)
Build info: version: '3.0.1', revision: '1969d75', time: '2016-10-18 09:49:13 -0700'
System info: host: 'C4LAP149', ip: '192.168.1.11', os.name: 'Windows 7', os.arch: 'amd64', os.version: '6.1', java.version: '1.8.0_101'
Driver info: org.openqa.selenium.chrome.ChromeDriver
Capabilities [{applicationCacheEnabled=false, rotatable=false, mobileEmulationEnabled=false, networkConnectionEnabled=false, chrome={chromedriverVersion=2.28.455520 (cc17746adff54984afff480136733114c6b3704b), userDataDir=C:\Users\support\AppData\Local\Temp\scoped_dir5908_26485}, takesHeapSnapshot=true, pageLoadStrategy=normal, databaseEnabled=false, handlesAlerts=true, hasTouchScreen=false, version=61.0.3163.100, platform=XP, browserConnectionEnabled=false, nativeEvents=true, acceptSslCerts=true, locationContextEnabled=true, webStorageEnabled=true, browserName=chrome, takesScreenshot=true, javascriptEnabled=true, cssSelectorsEnabled=true, unexpectedAlertBehaviour=}]
Session ID: bfe2c4dc3999c69c36fc2c24bfd00df8</td></tr>
<tr><td><a href='D:\Ibrahim-surat\B2B_OM_Automation_10-10-2017\B2B_OM_Automation\src\main\java\com\test\automation\OM_Automation\screenshot\blank_16_10_2017_10_08_59.png'> <img src='D:\Ibrahim-surat\B2B_OM_Automation_10-10-2017\B2B_OM_Automation\src\main\java\com\test\automation\OM_Automation\screenshot\blank_16_10_2017_10_08_59.png' height='100' width='100'/> </a></td></tr>
<tr><td>entered email address:-pprabakaran@lg.com.jit and object is [[ChromeDriver: chrome on XP (9b1b1f6db4b28b0d2e5164d0d9538626)] -> id: username]</td></tr>
<tr><td>entered password:-Prodapt@!4 and object is [[ChromeDriver: chrome on XP (9b1b1f6db4b28b0d2e5164d0d9538626)] -> id: password]</td></tr>
<tr><td>clicked on sublit butto and object is:-Proxy element for: DefaultElementLocator 'By.id: Login'</td></tr>
<tr><td><a href='D:\Ibrahim-surat\B2B_OM_Automation_10-10-2017\B2B_OM_Automation\src\main\java\com\test\automation\OM_Automation\screenshot\verifyLoginRecords_16_10_2017_10_09_26.png'> <img src='D:\Ibrahim-surat\B2B_OM_Automation_10-10-2017\B2B_OM_Automation\src\main\java\com\test\automation\OM_Automation\screenshot\verifyLoginRecords_16_10_2017_10_09_26.png' height='100' width='100'/> </a></td></tr>
<tr><td>error messageorg.openqa.selenium.NoSuchElementException: no such element: Unable to locate element: {"method":"id","selector":"username"}
  (Session info: chrome=61.0.3163.100)
  (Driver info: chromedriver=2.28.455520 (cc17746adff54984afff480136733114c6b3704b),platform=Windows NT 6.1.7601 SP1 x86_64) (WARNING: The server did not provide any stacktrace information)
Command duration or timeout: 11 milliseconds
For documentation on this error, please visit: http://seleniumhq.org/exceptions/no_such_element.html
Build info: version: '3.0.1', revision: '1969d75', time: '2016-10-18 09:49:13 -0700'
System info: host: 'C4LAP149', ip: '192.168.1.11', os.name: 'Windows 7', os.arch: 'amd64', os.version: '6.1', java.version: '1.8.0_101'
Driver info: org.openqa.selenium.chrome.ChromeDriver
Capabilities [{applicationCacheEnabled=false, rotatable=false, mobileEmulationEnabled=false, networkConnectionEnabled=false, chrome={chromedriverVersion=2.28.455520 (cc17746adff54984afff480136733114c6b3704b), userDataDir=C:\Users\support\AppData\Local\Temp\scoped_dir12008_19242}, takesHeapSnapshot=true, pageLoadStrategy=normal, databaseEnabled=false, handlesAlerts=true, hasTouchScreen=false, version=61.0.3163.100, platform=XP, browserConnectionEnabled=false, nativeEvents=true, acceptSslCerts=true, locationContextEnabled=true, webStorageEnabled=true, browserName=chrome, takesScreenshot=true, javascriptEnabled=true, cssSelectorsEnabled=true, unexpectedAlertBehaviour=}]
Session ID: 9b1b1f6db4b28b0d2e5164d0d9538626
*** Element info: {Using=id, value=username}</td></tr>
<tr><td><a href='D:\Ibrahim-surat\B2B_OM_Automation_10-10-2017\B2B_OM_Automation\src\main\java\com\test\automation\OM_Automation\screenshot\blank_16_10_2017_10_09_26.png'> <img src='D:\Ibrahim-surat\B2B_OM_Automation_10-10-2017\B2B_OM_Automation\src\main\java\com\test\automation\OM_Automation\screenshot\blank_16_10_2017_10_09_26.png' height='100' width='100'/> </a></td></tr>
<tr><td>Leads tab clicked</td></tr>
<tr><td>New lead button clicked</td></tr>
<tr><td>Account name passed</td></tr>
<tr><td>Salutation selected</td></tr>
<tr><td>Firstname passed</td></tr>
<tr><td>last name passed</td></tr>
<tr><td>Legal Entity type selected</td></tr>
<tr><td>Email value passed</td></tr>
<tr><td>phone value passed</td></tr>
<tr><td>NationalID value Passed</td></tr>
<tr><td>Industry classification asC VERARBEITENDES GEWERBEselected</td></tr>
<tr><td>Detailed Industry as Getrankeherstellung selected></td></tr>
<tr><td>segment as SME selected</td></tr>
<tr><td>constructional Organization as Baden-Württemberg (BAW) selected</td></tr>
<tr><td>visit street as KREUZSTR selected</td></tr>
<tr><td>visit house number as 26 selected</td></tr>
<tr><td>visit city as FRANKFURT selected</td></tr>
<tr><td>postal code as 60435   selected></td></tr>
<tr><td>visit state/provience as HSN   selected</td></tr>
<tr><td><-----------Lead was successfully created------></td></tr>
<tr><td>Validate Address clicked</td></tr>
<tr><td>FindAddress clicked</td></tr>
<tr><td>Address selected</td></tr>
<tr><td>Adress or sevice availablity issue---Please check the address</td></tr>
<tr><td>Address Validated</td></tr>
<tr><td>clicked convert button in leads page</td></tr>
<tr><td>clicked convert button in convert lead page</td></tr>
<tr><td>clicked on opportunity created in accounts page</td></tr>
<tr><td>Opportunity converted</td></tr>
<tr><td>New product basket button clicked in opportunity page</td></tr>
<tr><td>Error occurs in CF product basket addition due to org.openqa.selenium.NoSuchElementException: no such element: Unable to locate element: {"method":"xpath","selector":".//*[@id='bodyCell']/div/div/div[3]/div[2]/div[2]/div/div[1]/header/div[4]/div[3]/span/button"}
  (Session info: chrome=61.0.3163.100)
  (Driver info: chromedriver=2.28.455520 (cc17746adff54984afff480136733114c6b3704b),platform=Windows NT 6.1.7601 SP1 x86_64) (WARNING: The server did not provide any stacktrace information)
Command duration or timeout: 1.07 seconds
For documentation on this error, please visit: http://seleniumhq.org/exceptions/no_such_element.html
Build info: version: '3.0.1', revision: '1969d75', time: '2016-10-18 09:49:13 -0700'
System info: host: 'C4LAP149', ip: '192.168.1.11', os.name: 'Windows 7', os.arch: 'amd64', os.version: '6.1', java.version: '1.8.0_101'
Driver info: org.openqa.selenium.chrome.ChromeDriver
Capabilities [{applicationCacheEnabled=false, rotatable=false, mobileEmulationEnabled=false, networkConnectionEnabled=false, chrome={chromedriverVersion=2.28.455520 (cc17746adff54984afff480136733114c6b3704b), userDataDir=C:\Users\support\AppData\Local\Temp\scoped_dir12008_19242}, takesHeapSnapshot=true, pageLoadStrategy=normal, databaseEnabled=false, handlesAlerts=true, hasTouchScreen=false, version=61.0.3163.100, platform=XP, browserConnectionEnabled=false, nativeEvents=true, acceptSslCerts=true, locationContextEnabled=true, webStorageEnabled=true, browserName=chrome, takesScreenshot=true, javascriptEnabled=true, cssSelectorsEnabled=true, unexpectedAlertBehaviour=}]
Session ID: 9b1b1f6db4b28b0d2e5164d0d9538626
*** Element info: {Using=xpath, value=.//*[@id='bodyCell']/div/div/div[3]/div[2]/div[2]/div/div[1]/header/div[4]/div[3]/span/button}</td></tr>
</table>